Using pre-set license
Built from '2022.3/release' branch; Version is '2022.3.0f1 (fb119bb0b476) revision 16454043'; Using compiler version '192829333'; Build Type 'Release'
OS: 'Windows 10  (10.0.19045) 64bit Education' Language: 'fr' Physical Memory: 16229 MB
BatchMode: 1, IsHumanControllingUs: 0, StartBugReporterOnCrash: 0, Is64bit: 1, IsPro: 1

COMMAND LINE ARGUMENTS:
C:\Program Files\Unity\Hub\Editor\2022.3.0f1\Editor\Unity.exe
-adb2
-batchMode
-noUpm
-name
AssetImportWorker1
-projectPath
C:/Users/2032225/Desktop/TP2-Jeux-Video-3/TP3-Jeux-Video-3
-logFile
Logs/AssetImportWorker1.log
-srvPort
51893
Successfully changed project path to: C:/Users/2032225/Desktop/TP2-Jeux-Video-3/TP3-Jeux-Video-3
C:/Users/2032225/Desktop/TP2-Jeux-Video-3/TP3-Jeux-Video-3
[UnityMemory] Configuration Parameters - Can be set up in boot.config
    "memorysetup-bucket-allocator-granularity=16"
    "memorysetup-bucket-allocator-bucket-count=8"
    "memorysetup-bucket-allocator-block-size=33554432"
    "memorysetup-bucket-allocator-block-count=8"
    "memorysetup-main-allocator-block-size=16777216"
    "memorysetup-thread-allocator-block-size=16777216"
    "memorysetup-gfx-main-allocator-block-size=16777216"
    "memorysetup-gfx-thread-allocator-block-size=16777216"
    "memorysetup-cache-allocator-block-size=4194304"
    "memorysetup-typetree-allocator-block-size=2097152"
    "memorysetup-profiler-bucket-allocator-granularity=16"
    "memorysetup-profiler-bucket-allocator-bucket-count=8"
    "memorysetup-profiler-bucket-allocator-block-size=33554432"
    "memorysetup-profiler-bucket-allocator-block-count=8"
    "memorysetup-profiler-allocator-block-size=16777216"
    "memorysetup-profiler-editor-allocator-block-size=1048576"
    "memorysetup-temp-allocator-size-main=16777216"
    "memorysetup-job-temp-allocator-block-size=2097152"
    "memorysetup-job-temp-allocator-block-size-background=1048576"
    "memorysetup-job-temp-allocator-reduction-small-platforms=262144"
    "memorysetup-allocator-temp-initial-block-size-main=262144"
    "memorysetup-allocator-temp-initial-block-size-worker=262144"
    "memorysetup-temp-allocator-size-background-worker=32768"
    "memorysetup-temp-allocator-size-job-worker=262144"
    "memorysetup-temp-allocator-size-preload-manager=33554432"
    "memorysetup-temp-allocator-size-nav-mesh-worker=65536"
    "memorysetup-temp-allocator-size-audio-worker=65536"
    "memorysetup-temp-allocator-size-cloud-worker=32768"
    "memorysetup-temp-allocator-size-gi-baking-worker=262144"
    "memorysetup-temp-allocator-size-gfx=262144"
Player connection [9068] Host "[IP] 10.10.38.139 [Port] 0 [Flags] 2 [Guid] 4164612315 [EditorId] 4164612315 [Version] 1048832 [Id] WindowsEditor(7,LLBTIMD290817) [Debug] 1 [PackageName] WindowsEditor [ProjectName] Editor" joined multi-casting on [225.0.0.222:54997]...

Player connection [9068] Host "[IP] 10.10.38.139 [Port] 0 [Flags] 2 [Guid] 4164612315 [EditorId] 4164612315 [Version] 1048832 [Id] WindowsEditor(7,LLBTIMD290817) [Debug] 1 [PackageName] WindowsEditor [ProjectName] Editor" joined alternative multi-casting on [225.0.0.222:34997]...

Refreshing native plugins compatible for Editor in 20.71 ms, found 9 plugins.
Preloading 0 native plugins for Editor in 0.00 ms.
Initialize engine version: 2022.3.0f1 (fb119bb0b476)
[Subsystems] Discovering subsystems at path C:/Program Files/Unity/Hub/Editor/2022.3.0f1/Editor/Data/Resources/UnitySubsystems
[Subsystems] Discovering subsystems at path C:/Users/2032225/Desktop/TP2-Jeux-Video-3/TP3-Jeux-Video-3/Assets
GfxDevice: creating device client; threaded=0; jobified=0
Direct3D:
    Version:  Direct3D 11.0 [level 11.1]
    Renderer: NVIDIA GeForce GTX 1070 (ID=0x1b81)
    Vendor:   NVIDIA
    VRAM:     8081 MB
    Driver:   31.0.15.3598
Initialize mono
Mono path[0] = 'C:/Program Files/Unity/Hub/Editor/2022.3.0f1/Editor/Data/Managed'
Mono path[1] = 'C:/Program Files/Unity/Hub/Editor/2022.3.0f1/Editor/Data/MonoBleedingEdge/lib/mono/unityjit-win32'
Mono config path = 'C:/Program Files/Unity/Hub/Editor/2022.3.0f1/Editor/Data/MonoBleedingEdge/etc'
Using monoOptions --debugger-agent=transport=dt_socket,embedding=1,server=y,suspend=n,address=127.0.0.1:56328
Begin MonoManager ReloadAssembly
Registering precompiled unity dll's ...
Register platform support module: C:/Program Files/Unity/Hub/Editor/2022.3.0f1/Editor/Data/PlaybackEngines/WebGLSupport/UnityEditor.WebGL.Extensions.dll
Register platform support module: C:/Program Files/Unity/Hub/Editor/2022.3.0f1/Editor/Data/PlaybackEngines/AndroidPlayer/UnityEditor.Android.Extensions.dll
Register platform support module: C:/Program Files/Unity/Hub/Editor/2022.3.0f1/Editor/Data/PlaybackEngines/WindowsStandaloneSupport/UnityEditor.WindowsStandalone.Extensions.dll
Register platform support module: C:/Program Files/Unity/Hub/Editor/2022.3.0f1/Editor/Data/PlaybackEngines/MetroSupport/UnityEditor.UWP.Extensions.dll
Registered in 0.013354 seconds.
- Loaded All Assemblies, in  0.358 seconds
Native extension for UWP target not found
Native extension for WindowsStandalone target not found
Native extension for Android target not found
Android Extension - Scanning For ADB Devices 276 ms
Native extension for WebGL target not found
Mono: successfully reloaded assembly
- Finished resetting the current domain, in  0.596 seconds
Domain Reload Profiling: 953ms
	BeginReloadAssembly (83ms)
		ExecutionOrderSort (0ms)
		DisableScriptedObjects (0ms)
		BackupInstance (0ms)
		ReleaseScriptingObjects (0ms)
		CreateAndSetChildDomain (1ms)
	RebuildCommonClasses (37ms)
	RebuildNativeTypeToScriptingClass (11ms)
	initialDomainReloadingComplete (62ms)
	LoadAllAssembliesAndSetupDomain (163ms)
		LoadAssemblies (82ms)
		RebuildTransferFunctionScriptingTraits (0ms)
		AnalyzeDomain (156ms)
			TypeCache.Refresh (155ms)
				TypeCache.ScanAssembly (142ms)
			ScanForSourceGeneratedMonoScriptInfo (0ms)
			ResolveRequiredComponents (0ms)
	FinalizeReload (597ms)
		ReleaseScriptCaches (0ms)
		RebuildScriptCaches (0ms)
		SetupLoadedEditorAssemblies (542ms)
			LogAssemblyErrors (0ms)
			InitializePlatformSupportModulesInManaged (398ms)
			SetLoadedEditorAssemblies (3ms)
			RefreshPlugins (0ms)
			BeforeProcessingInitializeOnLoad (2ms)
			ProcessInitializeOnLoadAttributes (95ms)
			ProcessInitializeOnLoadMethodAttributes (43ms)
			AfterProcessingInitializeOnLoad (0ms)
			EditorAssembliesLoaded (0ms)
		ExecutionOrderSort2 (0ms)
		AwakeInstancesAfterBackupRestoration (0ms)
========================================================================
Worker process is ready to serve import requests
Begin MonoManager ReloadAssembly
Symbol file LoadedFromMemory doesn't match image C:\Users\2032225\Desktop\TP2-Jeux-Video-3\TP3-Jeux-Video-3\Library\PackageCache\com.unity.visualscripting@1.8.0\Editor\VisualScripting.Core\Dependencies\YamlDotNet\Unity.VisualScripting.YamlDotNet.dll
Symbol file LoadedFromMemory doesn't match image C:\Users\2032225\Desktop\TP2-Jeux-Video-3\TP3-Jeux-Video-3\Library\PackageCache\com.unity.visualscripting@1.8.0\Editor\VisualScripting.Core\Dependencies\DotNetZip\Unity.VisualScripting.IonicZip.dll
- Loaded All Assemblies, in  0.791 seconds
Refreshing native plugins compatible for Editor in 8.65 ms, found 9 plugins.
Native extension for UWP target not found
Native extension for WindowsStandalone target not found
Native extension for Android target not found
Native extension for WebGL target not found
Package Manager log level set to [2]
[Package Manager] Server::EnsureServerProcessIsRunning -- launch failed, reason: Unity was launched with the -noUpm command-line argument
[Package Manager] UpmClient::Send -- Unable to send message (not connected to UPM process).
[Package Manager] Cannot connect to Unity Package Manager local server
Mono: successfully reloaded assembly
[Package Manager] Server::EnsureServerProcessIsRunning -- launch failed, reason: Unity was launched with the -noUpm command-line argument
[Package Manager] UpmClient::Send -- Unable to send message (not connected to UPM process).
[Package Manager] Cannot connect to Unity Package Manager local server
[Package Manager] Server::EnsureServerProcessIsRunning -- launch failed, reason: Unity was launched with the -noUpm command-line argument
[Package Manager] UpmClient::Send -- Unable to send message (not connected to UPM process).
[Package Manager] Cannot connect to Unity Package Manager local server
- Finished resetting the current domain, in  0.728 seconds
Domain Reload Profiling: 1516ms
	BeginReloadAssembly (121ms)
		ExecutionOrderSort (0ms)
		DisableScriptedObjects (5ms)
		BackupInstance (0ms)
		ReleaseScriptingObjects (0ms)
		CreateAndSetChildDomain (22ms)
	RebuildCommonClasses (32ms)
	RebuildNativeTypeToScriptingClass (10ms)
	initialDomainReloadingComplete (41ms)
	LoadAllAssembliesAndSetupDomain (584ms)
		LoadAssemblies (281ms)
		RebuildTransferFunctionScriptingTraits (0ms)
		AnalyzeDomain (359ms)
			TypeCache.Refresh (318ms)
				TypeCache.ScanAssembly (303ms)
			ScanForSourceGeneratedMonoScriptInfo (29ms)
			ResolveRequiredComponents (11ms)
	FinalizeReload (728ms)
		ReleaseScriptCaches (0ms)
		RebuildScriptCaches (0ms)
		SetupLoadedEditorAssemblies (542ms)
			LogAssemblyErrors (0ms)
			InitializePlatformSupportModulesInManaged (24ms)
			SetLoadedEditorAssemblies (3ms)
			RefreshPlugins (0ms)
			BeforeProcessingInitializeOnLoad (81ms)
			ProcessInitializeOnLoadAttributes (344ms)
			ProcessInitializeOnLoadMethodAttributes (84ms)
			AfterProcessingInitializeOnLoad (6ms)
			EditorAssembliesLoaded (0ms)
		ExecutionOrderSort2 (0ms)
		AwakeInstancesAfterBackupRestoration (6ms)
Launched and connected shader compiler UnityShaderCompiler.exe after 0.05 seconds
Refreshing native plugins compatible for Editor in 9.09 ms, found 9 plugins.
Preloading 0 native plugins for Editor in 0.00 ms.
Unloading 6516 Unused Serialized files (Serialized files now loaded: 0)
Unloading 126 unused Assets / (1.6 MB). Loaded Objects now: 6992.
Memory consumption went from 264.2 MB to 262.6 MB.
Total: 4.187600 ms (FindLiveObjects: 0.465200 ms CreateObjectMapping: 0.492100 ms MarkObjects: 2.809300 ms  DeleteObjects: 0.419800 ms)

AssetImportParameters requested are different than current active one (requested -> active):
  custom:container-demuxer-ogg: 62fdf1f143b41e24485cea50d1cbac27 -> 
  custom:framework-win-MediaFoundation: 216162199b28c13a410421893ffa2e32 -> 
  custom:container-muxer-webm: aa71ff27fc2769a1b78a27578f13a17b -> 
  custom:video-decoder-webm-vp8: 9c59270c3fd7afecdb556c50c9e8de78 -> 
  custom:AudioImporter_EditorPlatform: d09bf68614088b80899f8185d706f6e7 -> 
  custom:audio-decoder-ogg-vorbis: bf7c407c2cedff20999df2af8eb42d56 -> 
  custom:audio-encoder-webm-vorbis: bf7c407c2cedff20999df2af8eb42d56 -> 
  custom:video-decoder-ogg-theora: a1e56fd34408186e4bbccfd4996cb3dc -> 
  custom:container-demuxer-webm: 4f35f7cbe854078d1ac9338744f61a02 -> 
  custom:video-encoder-webm-vp8: eb34c28f22e8b96e1ab97ce403110664 -> 
========================================================================
Received Import Request.
  Time since last request: 9487.387001 seconds.
  path: Assets/New Terrain.asset
  artifactKey: Guid(5c057400dd624bf4899447e422079ad2) Importer(815301076,1909f56bfc062723c751e8b465ee728b)
Start importing Assets/New Terrain.asset using Guid(5c057400dd624bf4899447e422079ad2) Importer(815301076,1909f56bfc062723c751e8b465ee728b)  -> (artifact id: 'fca9f4e8fcdc3d62969d354cc421e3be') in 0.016696 seconds
Number of updated asset objects reloaded before import = 0
Number of asset objects unloaded after import = 1
========================================================================
Received Import Request.
  Time since last request: 465.938678 seconds.
  path: Assets/Prefabs/InputField (TMP).prefab
  artifactKey: Guid(98e3902406b6501438ed6261e2abdd39) Importer(815301076,1909f56bfc062723c751e8b465ee728b)
Start importing Assets/Prefabs/InputField (TMP).prefab using Guid(98e3902406b6501438ed6261e2abdd39) Importer(815301076,1909f56bfc062723c751e8b465ee728b)  -> (artifact id: 'd1733066c48f2a48e542c3eddc8324b3') in 0.051018 seconds
Number of updated asset objects reloaded before import = 36
Number of asset objects unloaded after import = 26
========================================================================
Received Import Request.
  Time since last request: 1977.532478 seconds.
  path: Assets/Prefabs/Tavern Interior By I.We.D/Prefabs/Default/shelf.prefab
  artifactKey: Guid(f70d7840be4b49e40a999d73a5d8738e) Importer(815301076,1909f56bfc062723c751e8b465ee728b)
Start importing Assets/Prefabs/Tavern Interior By I.We.D/Prefabs/Default/shelf.prefab using Guid(f70d7840be4b49e40a999d73a5d8738e) Importer(815301076,1909f56bfc062723c751e8b465ee728b)  -> (artifact id: '75848a3abcc7fa97db4950d29996eeb4') in 0.008268 seconds
Number of updated asset objects reloaded before import = 0
Number of asset objects unloaded after import = 6
========================================================================
Received Import Request.
  Time since last request: 18.136957 seconds.
  path: Assets/Prefabs/Dali/cupboard - Copy.prefab
  artifactKey: Guid(5169533ec1451994da6c8375b97741e2) Importer(815301076,1909f56bfc062723c751e8b465ee728b)
Start importing Assets/Prefabs/Dali/cupboard - Copy.prefab using Guid(5169533ec1451994da6c8375b97741e2) Importer(815301076,1909f56bfc062723c751e8b465ee728b)  -> (artifact id: '5ab079f1aa111d26496a3757da6c5fe5') in 0.004173 seconds
Number of updated asset objects reloaded before import = 0
Number of asset objects unloaded after import = 6
========================================================================
Received Import Request.
  Time since last request: 0.000148 seconds.
  path: Assets/Prefabs/Dali/shelf - Copy.mesh
  artifactKey: Guid(ff0f4f231af0a2942b963e133fc02c31) Importer(815301076,1909f56bfc062723c751e8b465ee728b)
Start importing Assets/Prefabs/Dali/shelf - Copy.mesh using Guid(ff0f4f231af0a2942b963e133fc02c31) Importer(815301076,1909f56bfc062723c751e8b465ee728b)  -> (artifact id: '9239145b0ecccc5d434981f14bf720d2') in 0.002511 seconds
Number of updated asset objects reloaded before import = 0
Number of asset objects unloaded after import = 1
========================================================================
Received Import Request.
  Time since last request: 343.146754 seconds.
  path: Assets/Prefabs/Dali/bench - Copy.prefab
  artifactKey: Guid(8c72fe8c3608ac141b2e7a0df0ad0e8d) Importer(815301076,1909f56bfc062723c751e8b465ee728b)
Start importing Assets/Prefabs/Dali/bench - Copy.prefab using Guid(8c72fe8c3608ac141b2e7a0df0ad0e8d) Importer(815301076,1909f56bfc062723c751e8b465ee728b)  -> (artifact id: '329ccad3901ff9c54c0b36dffa7e8993') in 0.005208 seconds
Number of updated asset objects reloaded before import = 0
Number of asset objects unloaded after import = 6
========================================================================
Received Import Request.
  Time since last request: 0.000022 seconds.
  path: Assets/Prefabs/Dali/table2 - Copy.prefab
  artifactKey: Guid(f7ec2e26e6d67ad4c86f203e8df02436) Importer(815301076,1909f56bfc062723c751e8b465ee728b)
Start importing Assets/Prefabs/Dali/table2 - Copy.prefab using Guid(f7ec2e26e6d67ad4c86f203e8df02436) Importer(815301076,1909f56bfc062723c751e8b465ee728b)  -> (artifact id: 'be21dd38164faf4d84b4cfd065f0da30') in 0.003512 seconds
Number of updated asset objects reloaded before import = 0
Number of asset objects unloaded after import = 6
========================================================================
Received Import Request.
  Time since last request: 0.000035 seconds.
  path: Assets/Prefabs/Dali/table1 - Copy.prefab
  artifactKey: Guid(884726cafdd17424fad2b978890fa57f) Importer(815301076,1909f56bfc062723c751e8b465ee728b)
Start importing Assets/Prefabs/Dali/table1 - Copy.prefab using Guid(884726cafdd17424fad2b978890fa57f) Importer(815301076,1909f56bfc062723c751e8b465ee728b)  -> (artifact id: '71328964230348ab312102e3c0a031a6') in 0.003183 seconds
Number of updated asset objects reloaded before import = 0
Number of asset objects unloaded after import = 6
========================================================================
Received Import Request.
  Time since last request: 2466.525623 seconds.
  path: Assets/Tavern Interior By I.We.D/Prefabs/Default/barrelCrane.prefab
  artifactKey: Guid(505d08d0569830649aef635e1b77ce64) Importer(815301076,1909f56bfc062723c751e8b465ee728b)
Start importing Assets/Tavern Interior By I.We.D/Prefabs/Default/barrelCrane.prefab using Guid(505d08d0569830649aef635e1b77ce64) Importer(815301076,1909f56bfc062723c751e8b465ee728b)  -> (artifact id: '9a8733e787915a05bf2da4fac30e548d') in 0.014993 seconds
Number of updated asset objects reloaded before import = 0
Number of asset objects unloaded after import = 6
========================================================================
Received Import Request.
  Time since last request: 0.000055 seconds.
  path: Assets/Tavern Interior By I.We.D/Prefabs/Default/bottle1.prefab
  artifactKey: Guid(86bf9828f321990459190400e06a521a) Importer(815301076,1909f56bfc062723c751e8b465ee728b)
Start importing Assets/Tavern Interior By I.We.D/Prefabs/Default/bottle1.prefab using Guid(86bf9828f321990459190400e06a521a) Importer(815301076,1909f56bfc062723c751e8b465ee728b)  -> (artifact id: '93299192f438c62a5e018411f8438104') in 0.002078 seconds
Number of updated asset objects reloaded before import = 0
Number of asset objects unloaded after import = 6
========================================================================
Received Import Request.
  Time since last request: 0.000021 seconds.
  path: Assets/Tavern Interior By I.We.D/Prefabs/Default/chandelier.prefab
  artifactKey: Guid(0bac98f81d0016b4ab11487a68dbea86) Importer(815301076,1909f56bfc062723c751e8b465ee728b)
Start importing Assets/Tavern Interior By I.We.D/Prefabs/Default/chandelier.prefab using Guid(0bac98f81d0016b4ab11487a68dbea86) Importer(815301076,1909f56bfc062723c751e8b465ee728b)  -> (artifact id: 'fb08a1ba246d85336344fe6f1a6cd9a5') in 0.003690 seconds
Number of updated asset objects reloaded before import = 0
Number of asset objects unloaded after import = 6
========================================================================
Received Import Request.
  Time since last request: 0.000015 seconds.
  path: Assets/Tavern Interior By I.We.D/Prefabs/Default/mug.prefab
  artifactKey: Guid(4a6d8fc1e9b6c4248b16e6cf922d1255) Importer(815301076,1909f56bfc062723c751e8b465ee728b)
Start importing Assets/Tavern Interior By I.We.D/Prefabs/Default/mug.prefab using Guid(4a6d8fc1e9b6c4248b16e6cf922d1255) Importer(815301076,1909f56bfc062723c751e8b465ee728b)  -> (artifact id: '6446dfc03ef754134536bf57156fee89') in 0.002897 seconds
Number of updated asset objects reloaded before import = 0
Number of asset objects unloaded after import = 6
========================================================================
Received Import Request.
  Time since last request: 18.768212 seconds.
  path: Assets/Prefabs/barrel - Copy.prefab
  artifactKey: Guid(eb0d38868aab39d4fb24acf568366d6a) Importer(815301076,1909f56bfc062723c751e8b465ee728b)
Start importing Assets/Prefabs/barrel - Copy.prefab using Guid(eb0d38868aab39d4fb24acf568366d6a) Importer(815301076,1909f56bfc062723c751e8b465ee728b)  -> (artifact id: 'ffa99e41771da3c94053f6ab5f06cb5d') in 0.006067 seconds
Number of updated asset objects reloaded before import = 0
Number of asset objects unloaded after import = 6
========================================================================
Received Import Request.
  Time since last request: 0.000012 seconds.
  path: Assets/Prefabs/bottle3 - Copy.prefab
  artifactKey: Guid(df630394eaac212438b3150126e5a929) Importer(815301076,1909f56bfc062723c751e8b465ee728b)
Start importing Assets/Prefabs/bottle3 - Copy.prefab using Guid(df630394eaac212438b3150126e5a929) Importer(815301076,1909f56bfc062723c751e8b465ee728b)  -> (artifact id: 'b78475c32e98e45b3eb0947d17acb194') in 0.002239 seconds
Number of updated asset objects reloaded before import = 0
Number of asset objects unloaded after import = 6
========================================================================
Received Import Request.
  Time since last request: 0.000019 seconds.
  path: Assets/Prefabs/pitcher - Copy.prefab
  artifactKey: Guid(d766ff9ece05b294ab0c771674e5e5c0) Importer(815301076,1909f56bfc062723c751e8b465ee728b)
Start importing Assets/Prefabs/pitcher - Copy.prefab using Guid(d766ff9ece05b294ab0c771674e5e5c0) Importer(815301076,1909f56bfc062723c751e8b465ee728b)  -> (artifact id: 'ccaa736431a49af14a032a9ad33e7fee') in 0.002968 seconds
Number of updated asset objects reloaded before import = 0
Number of asset objects unloaded after import = 6
========================================================================
Received Import Request.
  Time since last request: 0.000044 seconds.
  path: Assets/Prefabs/chandelier - Copy.mesh
  artifactKey: Guid(729d31e062e0a484bacde6327a4578a6) Importer(815301076,1909f56bfc062723c751e8b465ee728b)
Start importing Assets/Prefabs/chandelier - Copy.mesh using Guid(729d31e062e0a484bacde6327a4578a6) Importer(815301076,1909f56bfc062723c751e8b465ee728b)  -> (artifact id: 'a5e39e4f8e195146e505b6dae34e5872') in 0.001839 seconds
Number of updated asset objects reloaded before import = 0
Number of asset objects unloaded after import = 1
========================================================================
Received Import Request.
  Time since last request: 0.000048 seconds.
  path: Assets/Prefabs/mug - Copy.prefab
  artifactKey: Guid(4a6d8fc1e9b6c4248b16e6cf922d1255) Importer(815301076,1909f56bfc062723c751e8b465ee728b)
Start importing Assets/Prefabs/mug - Copy.prefab using Guid(4a6d8fc1e9b6c4248b16e6cf922d1255) Importer(815301076,1909f56bfc062723c751e8b465ee728b)  -> (artifact id: 'f30d9f69c398817d882f2030608e3156') in 0.002363 seconds
Number of updated asset objects reloaded before import = 0
Number of asset objects unloaded after import = 6
========================================================================
Received Import Request.
  Time since last request: 0.000020 seconds.
  path: Assets/Prefabs/bottle3 - Copy.mesh
  artifactKey: Guid(7d2432dc339a7bd4d9a0185f75b21228) Importer(815301076,1909f56bfc062723c751e8b465ee728b)
Start importing Assets/Prefabs/bottle3 - Copy.mesh using Guid(7d2432dc339a7bd4d9a0185f75b21228) Importer(815301076,1909f56bfc062723c751e8b465ee728b)  -> (artifact id: '2dec192fed50c749e2dc8d1d12d0cc06') in 0.001512 seconds
Number of updated asset objects reloaded before import = 0
Number of asset objects unloaded after import = 1
========================================================================
Received Import Request.
  Time since last request: 0.000022 seconds.
  path: Assets/Prefabs/box - Copy.prefab
  artifactKey: Guid(71a2ea46984c128409eee7693ea7edc2) Importer(815301076,1909f56bfc062723c751e8b465ee728b)
Start importing Assets/Prefabs/box - Copy.prefab using Guid(71a2ea46984c128409eee7693ea7edc2) Importer(815301076,1909f56bfc062723c751e8b465ee728b)  -> (artifact id: 'c8365b8a1e4e9e768d89fdf5c135101a') in 0.002812 seconds
Number of updated asset objects reloaded before import = 0
Number of asset objects unloaded after import = 6
========================================================================
Received Import Request.
  Time since last request: 34.633286 seconds.
  path: Assets/Prefabs/Dali/barrel - Copy.prefab
  artifactKey: Guid(837e5a8981584af4789151a94d79d9e5) Importer(815301076,1909f56bfc062723c751e8b465ee728b)
Start importing Assets/Prefabs/Dali/barrel - Copy.prefab using Guid(837e5a8981584af4789151a94d79d9e5) Importer(815301076,1909f56bfc062723c751e8b465ee728b)  -> (artifact id: 'a9702b323f284235d5cf3f16c1ac5607') in 0.002609 seconds
Number of updated asset objects reloaded before import = 0
Number of asset objects unloaded after import = 6
========================================================================
Received Import Request.
  Time since last request: 0.000070 seconds.
  path: Assets/Prefabs/Dali/bottle3 - Copy - Copy.prefab
  artifactKey: Guid(df630394eaac212438b3150126e5a929) Importer(815301076,1909f56bfc062723c751e8b465ee728b)
Start importing Assets/Prefabs/Dali/bottle3 - Copy - Copy.prefab using Guid(df630394eaac212438b3150126e5a929) Importer(815301076,1909f56bfc062723c751e8b465ee728b)  -> (artifact id: 'c69bebf730b0f1645a86db7cddd948eb') in 0.001530 seconds
Number of updated asset objects reloaded before import = 0
Number of asset objects unloaded after import = 6
========================================================================
Received Import Request.
  Time since last request: 0.000089 seconds.
  path: Assets/Prefabs/Dali/mug - Copy.prefab
  artifactKey: Guid(a9a8a17fbc5ca2e47aa025e052d1aca7) Importer(815301076,1909f56bfc062723c751e8b465ee728b)
Start importing Assets/Prefabs/Dali/mug - Copy.prefab using Guid(a9a8a17fbc5ca2e47aa025e052d1aca7) Importer(815301076,1909f56bfc062723c751e8b465ee728b)  -> (artifact id: '757287cb0d4cfd695a906050e002d1d8') in 0.008286 seconds
Number of updated asset objects reloaded before import = 0
Number of asset objects unloaded after import = 6
========================================================================
Received Import Request.
  Time since last request: 0.000073 seconds.
  path: Assets/Prefabs/Dali/pitcher - Copy - Copy.prefab
  artifactKey: Guid(d766ff9ece05b294ab0c771674e5e5c0) Importer(815301076,1909f56bfc062723c751e8b465ee728b)
Start importing Assets/Prefabs/Dali/pitcher - Copy - Copy.prefab using Guid(d766ff9ece05b294ab0c771674e5e5c0) Importer(815301076,1909f56bfc062723c751e8b465ee728b)  -> (artifact id: '3042daeb2d55fa86c0c55d31fa5c537b') in 0.001767 seconds
Number of updated asset objects reloaded before import = 0
Number of asset objects unloaded after import = 6
========================================================================
Received Import Request.
  Time since last request: 0.000027 seconds.
  path: Assets/Prefabs/Dali/chandelier - Copy - Copy.mesh
  artifactKey: Guid(729d31e062e0a484bacde6327a4578a6) Importer(815301076,1909f56bfc062723c751e8b465ee728b)
Start importing Assets/Prefabs/Dali/chandelier - Copy - Copy.mesh using Guid(729d31e062e0a484bacde6327a4578a6) Importer(815301076,1909f56bfc062723c751e8b465ee728b)  -> (artifact id: '3b6fb480595a1971cd2715f9a1e3ef9a') in 0.001832 seconds
Number of updated asset objects reloaded before import = 0
Number of asset objects unloaded after import = 1
========================================================================
Received Import Request.
  Time since last request: 0.000046 seconds.
  path: Assets/Prefabs/Dali/bottle1 - Copy.mesh
  artifactKey: Guid(53bd94d7a49aa0041a3c1d425b842e28) Importer(815301076,1909f56bfc062723c751e8b465ee728b)
Start importing Assets/Prefabs/Dali/bottle1 - Copy.mesh using Guid(53bd94d7a49aa0041a3c1d425b842e28) Importer(815301076,1909f56bfc062723c751e8b465ee728b)  -> (artifact id: '8fef6d2a9970b4f5798e8158fadacdcb') in 0.001313 seconds
Number of updated asset objects reloaded before import = 0
Number of asset objects unloaded after import = 1
========================================================================
Received Import Request.
  Time since last request: 0.000123 seconds.
  path: Assets/Prefabs/Dali/pitcher - Copy.mesh
  artifactKey: Guid(42cbfce03c4dac349ad332b36ecc308a) Importer(815301076,1909f56bfc062723c751e8b465ee728b)
Start importing Assets/Prefabs/Dali/pitcher - Copy.mesh using Guid(42cbfce03c4dac349ad332b36ecc308a) Importer(815301076,1909f56bfc062723c751e8b465ee728b)  -> (artifact id: '7c01c1870319586e2e77dcff81b1bf47') in 0.001441 seconds
Number of updated asset objects reloaded before import = 0
Number of asset objects unloaded after import = 1
========================================================================
Received Import Request.
  Time since last request: 0.000016 seconds.
  path: Assets/Prefabs/Dali/box - Copy.mesh
  artifactKey: Guid(6c3e86e8f69742340849bc3fca8c441f) Importer(815301076,1909f56bfc062723c751e8b465ee728b)
Start importing Assets/Prefabs/Dali/box - Copy.mesh using Guid(6c3e86e8f69742340849bc3fca8c441f) Importer(815301076,1909f56bfc062723c751e8b465ee728b)  -> (artifact id: '0c41636cbe4a2628744e80a754a8f611') in 0.001636 seconds
Number of updated asset objects reloaded before import = 0
Number of asset objects unloaded after import = 1
========================================================================
Received Import Request.
  Time since last request: 0.000071 seconds.
  path: Assets/Prefabs/Dali/mug - Copy.mesh
  artifactKey: Guid(a7fe9cc3c71dbb44e9aece46d9295a41) Importer(815301076,1909f56bfc062723c751e8b465ee728b)
Start importing Assets/Prefabs/Dali/mug - Copy.mesh using Guid(a7fe9cc3c71dbb44e9aece46d9295a41) Importer(815301076,1909f56bfc062723c751e8b465ee728b)  -> (artifact id: 'e1e3cc1ef09432f0b8f9fa83f031f3ab') in 0.001552 seconds
Number of updated asset objects reloaded before import = 0
Number of asset objects unloaded after import = 1
========================================================================
Received Import Request.
  Time since last request: 0.000062 seconds.
  path: Assets/Prefabs/Dali/chandelier - Copy.prefab
  artifactKey: Guid(4ef783ffa41a70847b2c259e3979722b) Importer(815301076,1909f56bfc062723c751e8b465ee728b)
Start importing Assets/Prefabs/Dali/chandelier - Copy.prefab using Guid(4ef783ffa41a70847b2c259e3979722b) Importer(815301076,1909f56bfc062723c751e8b465ee728b)  -> (artifact id: '351c7e634de3a94da092933ff6e4873f') in 0.002095 seconds
Number of updated asset objects reloaded before import = 0
Number of asset objects unloaded after import = 6
========================================================================
Received Import Request.
  Time since last request: 0.000186 seconds.
  path: Assets/Prefabs/Dali/barrelCrane - Copy - Copy.prefab
  artifactKey: Guid(505d08d0569830649aef635e1b77ce64) Importer(815301076,1909f56bfc062723c751e8b465ee728b)
Start importing Assets/Prefabs/Dali/barrelCrane - Copy - Copy.prefab using Guid(505d08d0569830649aef635e1b77ce64) Importer(815301076,1909f56bfc062723c751e8b465ee728b)  -> (artifact id: '8110a69db5bcc7bb8680f66b4803cb5a') in 0.002442 seconds
Number of updated asset objects reloaded before import = 0
Number of asset objects unloaded after import = 6
========================================================================
Received Import Request.
  Time since last request: 0.000022 seconds.
  path: Assets/Prefabs/Dali/pitcher - Copy.prefab
  artifactKey: Guid(d703adc8cf309264985eed53eaf40064) Importer(815301076,1909f56bfc062723c751e8b465ee728b)
Start importing Assets/Prefabs/Dali/pitcher - Copy.prefab using Guid(d703adc8cf309264985eed53eaf40064) Importer(815301076,1909f56bfc062723c751e8b465ee728b)  -> (artifact id: 'ad64e01064c167a66b7c2521c02b48dc') in 0.001537 seconds
Number of updated asset objects reloaded before import = 0
Number of asset objects unloaded after import = 6
========================================================================
Received Import Request.
  Time since last request: 0.959689 seconds.
  path: Assets/Prefabs/Dali/torch - Copy.prefab
  artifactKey: Guid(5b5177d7183d34d4bbc39118a61e441c) Importer(815301076,1909f56bfc062723c751e8b465ee728b)
Start importing Assets/Prefabs/Dali/torch - Copy.prefab using Guid(5b5177d7183d34d4bbc39118a61e441c) Importer(815301076,1909f56bfc062723c751e8b465ee728b)  -> (artifact id: '153a3d4cc5a032de22b19b8599f911a3') in 0.002080 seconds
Number of updated asset objects reloaded before import = 0
Number of asset objects unloaded after import = 6
Editor requested this worker to shutdown with reason: Scaling down because of idle timeout
TcpMessagingSession - receive error: operation aborted. errorcode: 995, details: L’opération d’entrée/sortie a été abandonnée en raison de l’arrêt d’un thread ou à la demande d’une application.
AssetImportWorker is now disconnected from the server
Process exiting
Exiting without the bug reporter. Application will terminate with return code 0