Using pre-set license
Built from '2022.3/release' branch; Version is '2022.3.0f1 (fb119bb0b476) revision 16454043'; Using compiler version '192829333'; Build Type 'Release'
OS: 'Windows 10  (10.0.19045) 64bit Professional' Language: 'fr' Physical Memory: 16319 MB
BatchMode: 1, IsHumanControllingUs: 0, StartBugReporterOnCrash: 0, Is64bit: 1, IsPro: 1

COMMAND LINE ARGUMENTS:
C:\Program Files\Unity\Hub\Editor\2022.3.0f1\Editor\Unity.exe
-adb2
-batchMode
-noUpm
-name
AssetImportWorker3
-projectPath
D:/Users/PC/Desktop/TP2-Jeux-Video-3/TP3-Jeux-Video-3
-logFile
Logs/AssetImportWorker3.log
-srvPort
60952
Successfully changed project path to: D:/Users/PC/Desktop/TP2-Jeux-Video-3/TP3-Jeux-Video-3
D:/Users/PC/Desktop/TP2-Jeux-Video-3/TP3-Jeux-Video-3
[UnityMemory] Configuration Parameters - Can be set up in boot.config
    "memorysetup-bucket-allocator-granularity=16"
    "memorysetup-bucket-allocator-bucket-count=8"
    "memorysetup-bucket-allocator-block-size=33554432"
    "memorysetup-bucket-allocator-block-count=8"
    "memorysetup-main-allocator-block-size=16777216"
    "memorysetup-thread-allocator-block-size=16777216"
    "memorysetup-gfx-main-allocator-block-size=16777216"
    "memorysetup-gfx-thread-allocator-block-size=16777216"
    "memorysetup-cache-allocator-block-size=4194304"
    "memorysetup-typetree-allocator-block-size=2097152"
    "memorysetup-profiler-bucket-allocator-granularity=16"
    "memorysetup-profiler-bucket-allocator-bucket-count=8"
    "memorysetup-profiler-bucket-allocator-block-size=33554432"
    "memorysetup-profiler-bucket-allocator-block-count=8"
    "memorysetup-profiler-allocator-block-size=16777216"
    "memorysetup-profiler-editor-allocator-block-size=1048576"
    "memorysetup-temp-allocator-size-main=16777216"
    "memorysetup-job-temp-allocator-block-size=2097152"
    "memorysetup-job-temp-allocator-block-size-background=1048576"
    "memorysetup-job-temp-allocator-reduction-small-platforms=262144"
    "memorysetup-allocator-temp-initial-block-size-main=262144"
    "memorysetup-allocator-temp-initial-block-size-worker=262144"
    "memorysetup-temp-allocator-size-background-worker=32768"
    "memorysetup-temp-allocator-size-job-worker=262144"
    "memorysetup-temp-allocator-size-preload-manager=33554432"
    "memorysetup-temp-allocator-size-nav-mesh-worker=65536"
    "memorysetup-temp-allocator-size-audio-worker=65536"
    "memorysetup-temp-allocator-size-cloud-worker=32768"
    "memorysetup-temp-allocator-size-gi-baking-worker=262144"
    "memorysetup-temp-allocator-size-gfx=262144"
Player connection [29992] Host "[IP] 192.168.0.111 [Port] 0 [Flags] 2 [Guid] 3118157553 [EditorId] 3118157553 [Version] 1048832 [Id] WindowsEditor(7,DESKTOP-O6NHOUE) [Debug] 1 [PackageName] WindowsEditor [ProjectName] Editor" joined multi-casting on [225.0.0.222:54997]...

Player connection [29992] Host "[IP] 192.168.0.111 [Port] 0 [Flags] 2 [Guid] 3118157553 [EditorId] 3118157553 [Version] 1048832 [Id] WindowsEditor(7,DESKTOP-O6NHOUE) [Debug] 1 [PackageName] WindowsEditor [ProjectName] Editor" joined alternative multi-casting on [225.0.0.222:34997]...

Refreshing native plugins compatible for Editor in 11.11 ms, found 9 plugins.
Preloading 0 native plugins for Editor in 0.00 ms.
Initialize engine version: 2022.3.0f1 (fb119bb0b476)
[Subsystems] Discovering subsystems at path C:/Program Files/Unity/Hub/Editor/2022.3.0f1/Editor/Data/Resources/UnitySubsystems
[Subsystems] Discovering subsystems at path D:/Users/PC/Desktop/TP2-Jeux-Video-3/TP3-Jeux-Video-3/Assets
GfxDevice: creating device client; threaded=0; jobified=0
Direct3D:
    Version:  Direct3D 11.0 [level 11.1]
    Renderer: NVIDIA GeForce GTX 1070 (ID=0x1b81)
    Vendor:   NVIDIA
    VRAM:     8081 MB
    Driver:   31.0.15.3118
Initialize mono
Mono path[0] = 'C:/Program Files/Unity/Hub/Editor/2022.3.0f1/Editor/Data/Managed'
Mono path[1] = 'C:/Program Files/Unity/Hub/Editor/2022.3.0f1/Editor/Data/MonoBleedingEdge/lib/mono/unityjit-win32'
Mono config path = 'C:/Program Files/Unity/Hub/Editor/2022.3.0f1/Editor/Data/MonoBleedingEdge/etc'
Using monoOptions --debugger-agent=transport=dt_socket,embedding=1,server=y,suspend=n,address=127.0.0.1:56232
Begin MonoManager ReloadAssembly
Registering precompiled unity dll's ...
Register platform support module: C:/Program Files/Unity/Hub/Editor/2022.3.0f1/Editor/Data/PlaybackEngines/WindowsStandaloneSupport/UnityEditor.WindowsStandalone.Extensions.dll
Registered in 0.006911 seconds.
- Loaded All Assemblies, in  0.276 seconds
Native extension for WindowsStandalone target not found
Mono: successfully reloaded assembly
- Finished resetting the current domain, in  0.215 seconds
Domain Reload Profiling: 490ms
	BeginReloadAssembly (69ms)
		ExecutionOrderSort (0ms)
		DisableScriptedObjects (0ms)
		BackupInstance (0ms)
		ReleaseScriptingObjects (0ms)
		CreateAndSetChildDomain (1ms)
	RebuildCommonClasses (30ms)
	RebuildNativeTypeToScriptingClass (9ms)
	initialDomainReloadingComplete (50ms)
	LoadAllAssembliesAndSetupDomain (116ms)
		LoadAssemblies (68ms)
		RebuildTransferFunctionScriptingTraits (0ms)
		AnalyzeDomain (111ms)
			TypeCache.Refresh (110ms)
				TypeCache.ScanAssembly (99ms)
			ScanForSourceGeneratedMonoScriptInfo (0ms)
			ResolveRequiredComponents (0ms)
	FinalizeReload (216ms)
		ReleaseScriptCaches (0ms)
		RebuildScriptCaches (0ms)
		SetupLoadedEditorAssemblies (168ms)
			LogAssemblyErrors (0ms)
			InitializePlatformSupportModulesInManaged (8ms)
			SetLoadedEditorAssemblies (6ms)
			RefreshPlugins (0ms)
			BeforeProcessingInitializeOnLoad (2ms)
			ProcessInitializeOnLoadAttributes (113ms)
			ProcessInitializeOnLoadMethodAttributes (39ms)
			AfterProcessingInitializeOnLoad (0ms)
			EditorAssembliesLoaded (0ms)
		ExecutionOrderSort2 (0ms)
		AwakeInstancesAfterBackupRestoration (0ms)
========================================================================
Worker process is ready to serve import requests
Begin MonoManager ReloadAssembly
Symbol file LoadedFromMemory doesn't match image D:\Users\PC\Desktop\TP2-Jeux-Video-3\TP3-Jeux-Video-3\Library\PackageCache\com.unity.visualscripting@1.8.0\Editor\VisualScripting.Core\Dependencies\YamlDotNet\Unity.VisualScripting.YamlDotNet.dll
Symbol file LoadedFromMemory doesn't match image D:\Users\PC\Desktop\TP2-Jeux-Video-3\TP3-Jeux-Video-3\Library\PackageCache\com.unity.visualscripting@1.8.0\Editor\VisualScripting.Core\Dependencies\DotNetZip\Unity.VisualScripting.IonicZip.dll
- Loaded All Assemblies, in  0.629 seconds
Refreshing native plugins compatible for Editor in 5.37 ms, found 9 plugins.
Native extension for WindowsStandalone target not found
Package Manager log level set to [2]
[Package Manager] Server::EnsureServerProcessIsRunning -- launch failed, reason: Unity was launched with the -noUpm command-line argument
[Package Manager] UpmClient::Send -- Unable to send message (not connected to UPM process).
[Package Manager] Cannot connect to Unity Package Manager local server
Mono: successfully reloaded assembly
[Package Manager] Server::EnsureServerProcessIsRunning -- launch failed, reason: Unity was launched with the -noUpm command-line argument
[Package Manager] UpmClient::Send -- Unable to send message (not connected to UPM process).
[Package Manager] Cannot connect to Unity Package Manager local server
[Package Manager] Server::EnsureServerProcessIsRunning -- launch failed, reason: Unity was launched with the -noUpm command-line argument
[Package Manager] UpmClient::Send -- Unable to send message (not connected to UPM process).
[Package Manager] Cannot connect to Unity Package Manager local server
- Finished resetting the current domain, in  0.607 seconds
Domain Reload Profiling: 1234ms
	BeginReloadAssembly (106ms)
		ExecutionOrderSort (0ms)
		DisableScriptedObjects (5ms)
		BackupInstance (0ms)
		ReleaseScriptingObjects (0ms)
		CreateAndSetChildDomain (17ms)
	RebuildCommonClasses (29ms)
	RebuildNativeTypeToScriptingClass (10ms)
	initialDomainReloadingComplete (36ms)
	LoadAllAssembliesAndSetupDomain (446ms)
		LoadAssemblies (209ms)
		RebuildTransferFunctionScriptingTraits (0ms)
		AnalyzeDomain (288ms)
			TypeCache.Refresh (255ms)
				TypeCache.ScanAssembly (241ms)
			ScanForSourceGeneratedMonoScriptInfo (23ms)
			ResolveRequiredComponents (10ms)
	FinalizeReload (607ms)
		ReleaseScriptCaches (0ms)
		RebuildScriptCaches (0ms)
		SetupLoadedEditorAssemblies (465ms)
			LogAssemblyErrors (0ms)
			InitializePlatformSupportModulesInManaged (5ms)
			SetLoadedEditorAssemblies (3ms)
			RefreshPlugins (0ms)
			BeforeProcessingInitializeOnLoad (64ms)
			ProcessInitializeOnLoadAttributes (312ms)
			ProcessInitializeOnLoadMethodAttributes (74ms)
			AfterProcessingInitializeOnLoad (6ms)
			EditorAssembliesLoaded (0ms)
		ExecutionOrderSort2 (0ms)
		AwakeInstancesAfterBackupRestoration (5ms)
Launched and connected shader compiler UnityShaderCompiler.exe after 0.03 seconds
Refreshing native plugins compatible for Editor in 5.47 ms, found 9 plugins.
Preloading 0 native plugins for Editor in 0.00 ms.
Unloading 6107 Unused Serialized files (Serialized files now loaded: 0)
Unloading 121 unused Assets / (1.6 MB). Loaded Objects now: 6583.
Memory consumption went from 237.4 MB to 235.8 MB.
Total: 4.022300 ms (FindLiveObjects: 0.453800 ms CreateObjectMapping: 0.445900 ms MarkObjects: 2.728800 ms  DeleteObjects: 0.393200 ms)

AssetImportParameters requested are different than current active one (requested -> active):
  custom:container-demuxer-ogg: 62fdf1f143b41e24485cea50d1cbac27 -> 
  custom:video-decoder-ogg-theora: a1e56fd34408186e4bbccfd4996cb3dc -> 
  custom:framework-win-MediaFoundation: 216162199b28c13a410421893ffa2e32 -> 
  custom:container-demuxer-webm: 4f35f7cbe854078d1ac9338744f61a02 -> 
  custom:container-muxer-webm: aa71ff27fc2769a1b78a27578f13a17b -> 
  custom:video-decoder-webm-vp8: 9c59270c3fd7afecdb556c50c9e8de78 -> 
  custom:AudioImporter_EditorPlatform: d09bf68614088b80899f8185d706f6e7 -> 
  custom:video-encoder-webm-vp8: eb34c28f22e8b96e1ab97ce403110664 -> 
  custom:audio-decoder-ogg-vorbis: bf7c407c2cedff20999df2af8eb42d56 -> 
  custom:audio-encoder-webm-vorbis: bf7c407c2cedff20999df2af8eb42d56 -> 
========================================================================
Received Import Request.
  Time since last request: 1118461.059110 seconds.
  path: Assets/Forest Pack/Materials/Color003.mat
  artifactKey: Guid(ec0021d0215bbc443a76d57768ace091) Importer(815301076,1909f56bfc062723c751e8b465ee728b)
Start importing Assets/Forest Pack/Materials/Color003.mat using Guid(ec0021d0215bbc443a76d57768ace091) Importer(815301076,1909f56bfc062723c751e8b465ee728b)  -> (artifact id: 'b4e9602bc7fa01710f0bc71516fac452') in 0.007372 seconds
Number of updated asset objects reloaded before import = 0
Number of asset objects unloaded after import = 1
========================================================================
Received Import Request.
  Time since last request: 0.000023 seconds.
  path: Assets/Forest Pack/Materials/Color0030.mat
  artifactKey: Guid(0bd44bc83eac3df488f7f840fca7fe51) Importer(815301076,1909f56bfc062723c751e8b465ee728b)
Start importing Assets/Forest Pack/Materials/Color0030.mat using Guid(0bd44bc83eac3df488f7f840fca7fe51) Importer(815301076,1909f56bfc062723c751e8b465ee728b)  -> (artifact id: '912f30bf221ee98467fe8275ea300b5b') in 0.000880 seconds
Number of updated asset objects reloaded before import = 0
Number of asset objects unloaded after import = 1
========================================================================
Received Import Request.
  Time since last request: 0.000016 seconds.
  path: Assets/Forest Pack/Materials/Color006.mat
  artifactKey: Guid(6002c77b6822fa54f8595475d51e1e09) Importer(815301076,1909f56bfc062723c751e8b465ee728b)
Start importing Assets/Forest Pack/Materials/Color006.mat using Guid(6002c77b6822fa54f8595475d51e1e09) Importer(815301076,1909f56bfc062723c751e8b465ee728b)  -> (artifact id: '22fdad54e279dd7e87b152caebd87992') in 0.000837 seconds
Number of updated asset objects reloaded before import = 0
Number of asset objects unloaded after import = 1
========================================================================
Received Import Request.
  Time since last request: 0.000014 seconds.
  path: Assets/Forest Pack/Materials/Color008.mat
  artifactKey: Guid(7d97b2b2530339a4c9bafbf452ac2185) Importer(815301076,1909f56bfc062723c751e8b465ee728b)
Start importing Assets/Forest Pack/Materials/Color008.mat using Guid(7d97b2b2530339a4c9bafbf452ac2185) Importer(815301076,1909f56bfc062723c751e8b465ee728b)  -> (artifact id: '27ad7743f03dd84898ddeafb0df80f70') in 0.000818 seconds
Number of updated asset objects reloaded before import = 0
Number of asset objects unloaded after import = 1
========================================================================
Received Import Request.
  Time since last request: 0.000013 seconds.
  path: Assets/Forest Pack/Materials/Color009.mat
  artifactKey: Guid(2f7ac34b80241f4408cda3b5c4173a84) Importer(815301076,1909f56bfc062723c751e8b465ee728b)
Start importing Assets/Forest Pack/Materials/Color009.mat using Guid(2f7ac34b80241f4408cda3b5c4173a84) Importer(815301076,1909f56bfc062723c751e8b465ee728b)  -> (artifact id: '9d247c951c2f6d9c4018544332cc329f') in 0.000708 seconds
Number of updated asset objects reloaded before import = 0
Number of asset objects unloaded after import = 1
========================================================================
Received Import Request.
  Time since last request: 0.000011 seconds.
  path: Assets/Forest Pack/Materials/Color0013.mat
  artifactKey: Guid(26bc21095a28d474fbcfae7cbbb72835) Importer(815301076,1909f56bfc062723c751e8b465ee728b)
Start importing Assets/Forest Pack/Materials/Color0013.mat using Guid(26bc21095a28d474fbcfae7cbbb72835) Importer(815301076,1909f56bfc062723c751e8b465ee728b)  -> (artifact id: '60c23fa06e08afd6b26e57048b74a01c') in 0.000966 seconds
Number of updated asset objects reloaded before import = 0
Number of asset objects unloaded after import = 1
========================================================================
Received Import Request.
  Time since last request: 0.000016 seconds.
  path: Assets/Forest Pack/Materials/Color0023.mat
  artifactKey: Guid(64dc2e9c8ab7f7e4b8e2dce44f360965) Importer(815301076,1909f56bfc062723c751e8b465ee728b)
Start importing Assets/Forest Pack/Materials/Color0023.mat using Guid(64dc2e9c8ab7f7e4b8e2dce44f360965) Importer(815301076,1909f56bfc062723c751e8b465ee728b)  -> (artifact id: 'f2e51e848cce139f24dc8dbd5824c125') in 0.001430 seconds
Number of updated asset objects reloaded before import = 0
Number of asset objects unloaded after import = 1
========================================================================
Received Import Request.
  Time since last request: 0.000043 seconds.
  path: Assets/Forest Pack/Materials/Color0019.mat
  artifactKey: Guid(e939e647dcf0e014b945ca217acafa3d) Importer(815301076,1909f56bfc062723c751e8b465ee728b)
Start importing Assets/Forest Pack/Materials/Color0019.mat using Guid(e939e647dcf0e014b945ca217acafa3d) Importer(815301076,1909f56bfc062723c751e8b465ee728b)  -> (artifact id: '916577221f4738bdeb5cc8c85048b289') in 0.000790 seconds
Number of updated asset objects reloaded before import = 0
Number of asset objects unloaded after import = 1
========================================================================
Received Import Request.
  Time since last request: 0.000013 seconds.
  path: Assets/Forest Pack/Materials/Color0024.mat
  artifactKey: Guid(a2883387eca7d6940a0ed15cf54d9ac9) Importer(815301076,1909f56bfc062723c751e8b465ee728b)
Start importing Assets/Forest Pack/Materials/Color0024.mat using Guid(a2883387eca7d6940a0ed15cf54d9ac9) Importer(815301076,1909f56bfc062723c751e8b465ee728b)  -> (artifact id: '52675223de7357a23f00e06adf14b585') in 0.000714 seconds
Number of updated asset objects reloaded before import = 0
Number of asset objects unloaded after import = 1
========================================================================
Received Import Request.
  Time since last request: 113.880419 seconds.
  path: Assets/Forest Pack/Materials/Color002.mat
  artifactKey: Guid(0b8c3231586d0eb46990edffa763666e) Importer(815301076,1909f56bfc062723c751e8b465ee728b)
Start importing Assets/Forest Pack/Materials/Color002.mat using Guid(0b8c3231586d0eb46990edffa763666e) Importer(815301076,1909f56bfc062723c751e8b465ee728b)  -> (artifact id: 'b88ae865cfca2e8371a7059271e8d1f1') in 0.001242 seconds
Number of updated asset objects reloaded before import = 0
Number of asset objects unloaded after import = 1
========================================================================
Received Import Request.
  Time since last request: 0.000016 seconds.
  path: Assets/Forest Pack/Materials/Color006.mat
  artifactKey: Guid(6002c77b6822fa54f8595475d51e1e09) Importer(815301076,1909f56bfc062723c751e8b465ee728b)
Start importing Assets/Forest Pack/Materials/Color006.mat using Guid(6002c77b6822fa54f8595475d51e1e09) Importer(815301076,1909f56bfc062723c751e8b465ee728b)  -> (artifact id: '056a19b805e473e793f0b36102337d45') in 0.001099 seconds
Number of updated asset objects reloaded before import = 0
Number of asset objects unloaded after import = 1
========================================================================
Received Import Request.
  Time since last request: 0.000018 seconds.
  path: Assets/Forest Pack/Materials/Color0012.mat
  artifactKey: Guid(8605aa47708221b4ea35460302d13a6b) Importer(815301076,1909f56bfc062723c751e8b465ee728b)
Start importing Assets/Forest Pack/Materials/Color0012.mat using Guid(8605aa47708221b4ea35460302d13a6b) Importer(815301076,1909f56bfc062723c751e8b465ee728b)  -> (artifact id: 'c94c90f887b74049a889ef522d924e95') in 0.001369 seconds
Number of updated asset objects reloaded before import = 0
Number of asset objects unloaded after import = 1
========================================================================
Received Import Request.
  Time since last request: 0.000039 seconds.
  path: Assets/Forest Pack/Materials/Color0011.mat
  artifactKey: Guid(ddef6e679f543584b80109eabf321fff) Importer(815301076,1909f56bfc062723c751e8b465ee728b)
Start importing Assets/Forest Pack/Materials/Color0011.mat using Guid(ddef6e679f543584b80109eabf321fff) Importer(815301076,1909f56bfc062723c751e8b465ee728b)  -> (artifact id: '1c6ee7e24f01df8a1ff4ddfca4e759ab') in 0.001123 seconds
Number of updated asset objects reloaded before import = 0
Number of asset objects unloaded after import = 1
========================================================================
Received Import Request.
  Time since last request: 0.000017 seconds.
  path: Assets/Forest Pack/Materials/Color005.mat
  artifactKey: Guid(b89a89e85edf6804aa5fb685a5ec4419) Importer(815301076,1909f56bfc062723c751e8b465ee728b)
Start importing Assets/Forest Pack/Materials/Color005.mat using Guid(b89a89e85edf6804aa5fb685a5ec4419) Importer(815301076,1909f56bfc062723c751e8b465ee728b)  -> (artifact id: '5cc28fa3abd5c39c5af2f189363b587b') in 0.001319 seconds
Number of updated asset objects reloaded before import = 0
Number of asset objects unloaded after import = 1
========================================================================
Received Import Request.
  Time since last request: 0.000030 seconds.
  path: Assets/Forest Pack/Materials/Color0010.mat
  artifactKey: Guid(73bc459e1b9e4e540b495a8c28f9dc1c) Importer(815301076,1909f56bfc062723c751e8b465ee728b)
Start importing Assets/Forest Pack/Materials/Color0010.mat using Guid(73bc459e1b9e4e540b495a8c28f9dc1c) Importer(815301076,1909f56bfc062723c751e8b465ee728b)  -> (artifact id: '0436b2a695dcc5a3e9f089fc24dbcf96') in 0.001327 seconds
Number of updated asset objects reloaded before import = 0
Number of asset objects unloaded after import = 1
========================================================================
Received Import Request.
  Time since last request: 0.000018 seconds.
  path: Assets/Forest Pack/Materials/Color003.mat
  artifactKey: Guid(ec0021d0215bbc443a76d57768ace091) Importer(815301076,1909f56bfc062723c751e8b465ee728b)
Start importing Assets/Forest Pack/Materials/Color003.mat using Guid(ec0021d0215bbc443a76d57768ace091) Importer(815301076,1909f56bfc062723c751e8b465ee728b)  -> (artifact id: '3683a26387904ea9a2cff5fc16e6fd8d') in 0.001403 seconds
Number of updated asset objects reloaded before import = 0
Number of asset objects unloaded after import = 1
========================================================================
Received Import Request.
  Time since last request: 1.169809 seconds.
  path: Assets/Forest Pack/Materials/Color0016.mat
  artifactKey: Guid(47bdd47103391ed47b5165b3c259b4b1) Importer(815301076,1909f56bfc062723c751e8b465ee728b)
Start importing Assets/Forest Pack/Materials/Color0016.mat using Guid(47bdd47103391ed47b5165b3c259b4b1) Importer(815301076,1909f56bfc062723c751e8b465ee728b)  -> (artifact id: '0c2c254925ba9bce559080189cb15cc3') in 0.000737 seconds
Number of updated asset objects reloaded before import = 0
Number of asset objects unloaded after import = 1
========================================================================
Received Import Request.
  Time since last request: 0.000010 seconds.
  path: Assets/Forest Pack/Materials/Color0027.mat
  artifactKey: Guid(ac73f5664f4b24140857359555ac8db5) Importer(815301076,1909f56bfc062723c751e8b465ee728b)
Start importing Assets/Forest Pack/Materials/Color0027.mat using Guid(ac73f5664f4b24140857359555ac8db5) Importer(815301076,1909f56bfc062723c751e8b465ee728b)  -> (artifact id: '97caa6e3e03dc019feac5f7da8faea6d') in 0.000687 seconds
Number of updated asset objects reloaded before import = 0
Number of asset objects unloaded after import = 1
========================================================================
Received Import Request.
  Time since last request: 0.000012 seconds.
  path: Assets/Forest Pack/Materials/Color0029.mat
  artifactKey: Guid(243e6c102ad579d4eac40c8437f91019) Importer(815301076,1909f56bfc062723c751e8b465ee728b)
Start importing Assets/Forest Pack/Materials/Color0029.mat using Guid(243e6c102ad579d4eac40c8437f91019) Importer(815301076,1909f56bfc062723c751e8b465ee728b)  -> (artifact id: '5dba0c666036278c5e685ff8e508f1e1') in 0.000591 seconds
Number of updated asset objects reloaded before import = 0
Number of asset objects unloaded after import = 1
========================================================================
Received Import Request.
  Time since last request: 0.000019 seconds.
  path: Assets/Forest Pack/Materials/Color0017.mat
  artifactKey: Guid(76d3147ed77324d4d80bc2e5c5801bdd) Importer(815301076,1909f56bfc062723c751e8b465ee728b)
Start importing Assets/Forest Pack/Materials/Color0017.mat using Guid(76d3147ed77324d4d80bc2e5c5801bdd) Importer(815301076,1909f56bfc062723c751e8b465ee728b)  -> (artifact id: 'af9fa83cbae46b0f6675887e3dc34b49') in 0.000602 seconds
Number of updated asset objects reloaded before import = 0
Number of asset objects unloaded after import = 1
========================================================================
Received Import Request.
  Time since last request: 0.000190 seconds.
  path: Assets/Forest Pack/Materials/Color0032.mat
  artifactKey: Guid(2d419522b0487f244911cdc34850b463) Importer(815301076,1909f56bfc062723c751e8b465ee728b)
Start importing Assets/Forest Pack/Materials/Color0032.mat using Guid(2d419522b0487f244911cdc34850b463) Importer(815301076,1909f56bfc062723c751e8b465ee728b)  -> (artifact id: 'e7c98ba4553bc38f7fcd801ec4c2c7ce') in 0.000587 seconds
Number of updated asset objects reloaded before import = 0
Number of asset objects unloaded after import = 1
========================================================================
Received Import Request.
  Time since last request: 0.000012 seconds.
  path: Assets/Forest Pack/Materials/Color0021.mat
  artifactKey: Guid(d3fcd255f763fe546871867b81bc6c66) Importer(815301076,1909f56bfc062723c751e8b465ee728b)
Start importing Assets/Forest Pack/Materials/Color0021.mat using Guid(d3fcd255f763fe546871867b81bc6c66) Importer(815301076,1909f56bfc062723c751e8b465ee728b)  -> (artifact id: '7f2589f34320bb5791d89740c4c6be6e') in 0.000780 seconds
Number of updated asset objects reloaded before import = 0
Number of asset objects unloaded after import = 1
========================================================================
Received Import Request.
  Time since last request: 0.000016 seconds.
  path: Assets/Forest Pack/Materials/Color0023.mat
  artifactKey: Guid(64dc2e9c8ab7f7e4b8e2dce44f360965) Importer(815301076,1909f56bfc062723c751e8b465ee728b)
Start importing Assets/Forest Pack/Materials/Color0023.mat using Guid(64dc2e9c8ab7f7e4b8e2dce44f360965) Importer(815301076,1909f56bfc062723c751e8b465ee728b)  -> (artifact id: 'aa9e046ff100c7ef60f204602691ad16') in 0.000848 seconds
Number of updated asset objects reloaded before import = 0
Number of asset objects unloaded after import = 1
========================================================================
Received Import Request.
  Time since last request: 0.000059 seconds.
  path: Assets/Forest Pack/Materials/Color0024.mat
  artifactKey: Guid(a2883387eca7d6940a0ed15cf54d9ac9) Importer(815301076,1909f56bfc062723c751e8b465ee728b)
Start importing Assets/Forest Pack/Materials/Color0024.mat using Guid(a2883387eca7d6940a0ed15cf54d9ac9) Importer(815301076,1909f56bfc062723c751e8b465ee728b)  -> (artifact id: '16c557aa0f6f92546adf20fcf35e99f2') in 0.001146 seconds
Number of updated asset objects reloaded before import = 0
Number of asset objects unloaded after import = 1
========================================================================
Received Import Request.
  Time since last request: 48.260098 seconds.
  path: Assets/Forest Pack/Prefabs/Mushroom001.prefab
  artifactKey: Guid(a118e817a9f78d7469bb074258a46177) Importer(815301076,1909f56bfc062723c751e8b465ee728b)
Start importing Assets/Forest Pack/Prefabs/Mushroom001.prefab using Guid(a118e817a9f78d7469bb074258a46177) Importer(815301076,1909f56bfc062723c751e8b465ee728b)  -> (artifact id: '3376bbbc54543835d530c67bc9808b6f') in 0.001909 seconds
Number of updated asset objects reloaded before import = 0
Number of asset objects unloaded after import = 8
========================================================================
Received Import Request.
  Time since last request: 0.000012 seconds.
  path: Assets/Forest Pack/Prefabs/Stone002.prefab
  artifactKey: Guid(178ec197c7df40d45ad5f26f15599f00) Importer(815301076,1909f56bfc062723c751e8b465ee728b)
Start importing Assets/Forest Pack/Prefabs/Stone002.prefab using Guid(178ec197c7df40d45ad5f26f15599f00) Importer(815301076,1909f56bfc062723c751e8b465ee728b)  -> (artifact id: '0a0b0797ad156803195188ad9ccf87de') in 0.001428 seconds
Number of updated asset objects reloaded before import = 0
Number of asset objects unloaded after import = 8
========================================================================
Received Import Request.
  Time since last request: 0.000022 seconds.
  path: Assets/Forest Pack/Prefabs/Plant006.prefab
  artifactKey: Guid(15f6e5faaa120954b9659c1ea5275f81) Importer(815301076,1909f56bfc062723c751e8b465ee728b)
Start importing Assets/Forest Pack/Prefabs/Plant006.prefab using Guid(15f6e5faaa120954b9659c1ea5275f81) Importer(815301076,1909f56bfc062723c751e8b465ee728b)  -> (artifact id: '4ad8b8d0ea3cfa319f2307ab8035f044') in 0.001686 seconds
Number of updated asset objects reloaded before import = 0
Number of asset objects unloaded after import = 7
========================================================================
Received Import Request.
  Time since last request: 0.000018 seconds.
  path: Assets/Forest Pack/Prefabs/Stone011.prefab
  artifactKey: Guid(728c2607817d48b4fb3ec7c79844b1d4) Importer(815301076,1909f56bfc062723c751e8b465ee728b)
Start importing Assets/Forest Pack/Prefabs/Stone011.prefab using Guid(728c2607817d48b4fb3ec7c79844b1d4) Importer(815301076,1909f56bfc062723c751e8b465ee728b)  -> (artifact id: '3f58e107cdb97e539034846ef20b17a7') in 0.001762 seconds
Number of updated asset objects reloaded before import = 0
Number of asset objects unloaded after import = 8
========================================================================
Received Import Request.
  Time since last request: 0.000017 seconds.
  path: Assets/Forest Pack/Prefabs/Plant003_V1.prefab
  artifactKey: Guid(2e4d7ef2743a629458f9b1db8484861c) Importer(815301076,1909f56bfc062723c751e8b465ee728b)
Start importing Assets/Forest Pack/Prefabs/Plant003_V1.prefab using Guid(2e4d7ef2743a629458f9b1db8484861c) Importer(815301076,1909f56bfc062723c751e8b465ee728b)  -> (artifact id: '773efeeb8fbc3e2854ddb5fe36001503') in 0.001380 seconds
Number of updated asset objects reloaded before import = 0
Number of asset objects unloaded after import = 7
========================================================================
Received Import Request.
  Time since last request: 0.000016 seconds.
  path: Assets/Forest Pack/Prefabs/Mushroom005.prefab
  artifactKey: Guid(65ad1839d9469cc449dccd2b0c7162e4) Importer(815301076,1909f56bfc062723c751e8b465ee728b)
Start importing Assets/Forest Pack/Prefabs/Mushroom005.prefab using Guid(65ad1839d9469cc449dccd2b0c7162e4) Importer(815301076,1909f56bfc062723c751e8b465ee728b)  -> (artifact id: '6224abbbc405fe54bb14dbde9193e5ea') in 0.001436 seconds
Number of updated asset objects reloaded before import = 0
Number of asset objects unloaded after import = 8
========================================================================
Received Import Request.
  Time since last request: 0.000024 seconds.
  path: Assets/Forest Pack/Prefabs/Plant005.prefab
  artifactKey: Guid(d9ec95560787a16499cd67b23ce44cd8) Importer(815301076,1909f56bfc062723c751e8b465ee728b)
Start importing Assets/Forest Pack/Prefabs/Plant005.prefab using Guid(d9ec95560787a16499cd67b23ce44cd8) Importer(815301076,1909f56bfc062723c751e8b465ee728b)  -> (artifact id: '2e29aafdb297f475ad2472555aa514f3') in 0.001561 seconds
Number of updated asset objects reloaded before import = 0
Number of asset objects unloaded after import = 7
========================================================================
Received Import Request.
  Time since last request: 0.000014 seconds.
  path: Assets/Forest Pack/Prefabs/Stone007.prefab
  artifactKey: Guid(d7eb169a23bfa844e92fee514a2bf334) Importer(815301076,1909f56bfc062723c751e8b465ee728b)
Start importing Assets/Forest Pack/Prefabs/Stone007.prefab using Guid(d7eb169a23bfa844e92fee514a2bf334) Importer(815301076,1909f56bfc062723c751e8b465ee728b)  -> (artifact id: '85471b022f433c108849e1056f88cbbd') in 0.001129 seconds
Number of updated asset objects reloaded before import = 0
Number of asset objects unloaded after import = 8
========================================================================
Received Import Request.
  Time since last request: 0.000016 seconds.
  path: Assets/Forest Pack/Prefabs/Tree002_V1.prefab
  artifactKey: Guid(4578470b8a6cb23428251f1de3862b7f) Importer(815301076,1909f56bfc062723c751e8b465ee728b)
Start importing Assets/Forest Pack/Prefabs/Tree002_V1.prefab using Guid(4578470b8a6cb23428251f1de3862b7f) Importer(815301076,1909f56bfc062723c751e8b465ee728b)  -> (artifact id: '0f79214fe8754ec239c1615025468ccf') in 0.001463 seconds
Number of updated asset objects reloaded before import = 0
Number of asset objects unloaded after import = 8
========================================================================
Received Import Request.
  Time since last request: 0.000021 seconds.
  path: Assets/Forest Pack/Prefabs/Stone009.prefab
  artifactKey: Guid(a8f782426554a9644bc64eedf11c5aeb) Importer(815301076,1909f56bfc062723c751e8b465ee728b)
Start importing Assets/Forest Pack/Prefabs/Stone009.prefab using Guid(a8f782426554a9644bc64eedf11c5aeb) Importer(815301076,1909f56bfc062723c751e8b465ee728b)  -> (artifact id: 'c7f94ad80d958ea82fc73cc6964cb4a3') in 0.002219 seconds
Number of updated asset objects reloaded before import = 0
Number of asset objects unloaded after import = 8
========================================================================
Received Import Request.
  Time since last request: 0.000016 seconds.
  path: Assets/Forest Pack/Prefabs/Mushroom002.prefab
  artifactKey: Guid(05fa327bdf33373498c93de573b83f1f) Importer(815301076,1909f56bfc062723c751e8b465ee728b)
Start importing Assets/Forest Pack/Prefabs/Mushroom002.prefab using Guid(05fa327bdf33373498c93de573b83f1f) Importer(815301076,1909f56bfc062723c751e8b465ee728b)  -> (artifact id: '10b93140ec3c34c9e3a5057feeb54376') in 0.001784 seconds
Number of updated asset objects reloaded before import = 0
Number of asset objects unloaded after import = 8
========================================================================
Received Import Request.
  Time since last request: 0.000022 seconds.
  path: Assets/Forest Pack/Prefabs/Tree005_V2.prefab
  artifactKey: Guid(6b4d2aba0a6fb4f448d7c37f6991653e) Importer(815301076,1909f56bfc062723c751e8b465ee728b)
Start importing Assets/Forest Pack/Prefabs/Tree005_V2.prefab using Guid(6b4d2aba0a6fb4f448d7c37f6991653e) Importer(815301076,1909f56bfc062723c751e8b465ee728b)  -> (artifact id: '93babbd20e326d4ff957c0f4125ed19e') in 0.001590 seconds
Number of updated asset objects reloaded before import = 0
Number of asset objects unloaded after import = 8
========================================================================
Received Import Request.
  Time since last request: 0.000021 seconds.
  path: Assets/Forest Pack/Prefabs/Stone003.prefab
  artifactKey: Guid(477644a6ed9e7db4d9516be64f6e2dc9) Importer(815301076,1909f56bfc062723c751e8b465ee728b)
Start importing Assets/Forest Pack/Prefabs/Stone003.prefab using Guid(477644a6ed9e7db4d9516be64f6e2dc9) Importer(815301076,1909f56bfc062723c751e8b465ee728b)  -> (artifact id: 'd3bb6dd009e6f14dba7ece8848076cfd') in 0.001273 seconds
Number of updated asset objects reloaded before import = 0
Number of asset objects unloaded after import = 8
========================================================================
Received Import Request.
  Time since last request: 0.000022 seconds.
  path: Assets/Forest Pack/Prefabs/Tree002_V2.prefab
  artifactKey: Guid(0c103014a8429384f821878fe411538a) Importer(815301076,1909f56bfc062723c751e8b465ee728b)
Start importing Assets/Forest Pack/Prefabs/Tree002_V2.prefab using Guid(0c103014a8429384f821878fe411538a) Importer(815301076,1909f56bfc062723c751e8b465ee728b)  -> (artifact id: '9ea6f4973e1a3e7014e9a7f859e88642') in 0.001911 seconds
Number of updated asset objects reloaded before import = 0
Number of asset objects unloaded after import = 8
========================================================================
Received Import Request.
  Time since last request: 26.253601 seconds.
  path: Assets/Forest Pack/Prefabs/Mushroom001.prefab
  artifactKey: Guid(a118e817a9f78d7469bb074258a46177) Importer(815301076,1909f56bfc062723c751e8b465ee728b)
Start importing Assets/Forest Pack/Prefabs/Mushroom001.prefab using Guid(a118e817a9f78d7469bb074258a46177) Importer(815301076,1909f56bfc062723c751e8b465ee728b)  -> (artifact id: '796e02ea6db4682721ee512de2735262') in 0.002105 seconds
Number of updated asset objects reloaded before import = 0
Number of asset objects unloaded after import = 7
========================================================================
Received Import Request.
  Time since last request: 0.000022 seconds.
  path: Assets/Forest Pack/Prefabs/Stone002.prefab
  artifactKey: Guid(178ec197c7df40d45ad5f26f15599f00) Importer(815301076,1909f56bfc062723c751e8b465ee728b)
Start importing Assets/Forest Pack/Prefabs/Stone002.prefab using Guid(178ec197c7df40d45ad5f26f15599f00) Importer(815301076,1909f56bfc062723c751e8b465ee728b)  -> (artifact id: '5d713ed761672fcfd3bd1a8047ce03b5') in 0.001211 seconds
Number of updated asset objects reloaded before import = 0
Number of asset objects unloaded after import = 7
========================================================================
Received Import Request.
  Time since last request: 0.000022 seconds.
  path: Assets/Forest Pack/Prefabs/Plant006.prefab
  artifactKey: Guid(15f6e5faaa120954b9659c1ea5275f81) Importer(815301076,1909f56bfc062723c751e8b465ee728b)
Start importing Assets/Forest Pack/Prefabs/Plant006.prefab using Guid(15f6e5faaa120954b9659c1ea5275f81) Importer(815301076,1909f56bfc062723c751e8b465ee728b)  -> (artifact id: '907cccc4e6f31dcd407a211bd4a4eb26') in 0.001479 seconds
Number of updated asset objects reloaded before import = 0
Number of asset objects unloaded after import = 6
========================================================================
Received Import Request.
  Time since last request: 0.000021 seconds.
  path: Assets/Forest Pack/Prefabs/Plant002_V2.prefab
  artifactKey: Guid(305273e6ac60fc6449e0cfbde9d7c9d2) Importer(815301076,1909f56bfc062723c751e8b465ee728b)
Start importing Assets/Forest Pack/Prefabs/Plant002_V2.prefab using Guid(305273e6ac60fc6449e0cfbde9d7c9d2) Importer(815301076,1909f56bfc062723c751e8b465ee728b)  -> (artifact id: '59e56016a1f82347bcf3a06104f4d1c2') in 0.001187 seconds
Number of updated asset objects reloaded before import = 0
Number of asset objects unloaded after import = 6
========================================================================
Received Import Request.
  Time since last request: 0.000018 seconds.
  path: Assets/Forest Pack/Prefabs/Stone011.prefab
  artifactKey: Guid(728c2607817d48b4fb3ec7c79844b1d4) Importer(815301076,1909f56bfc062723c751e8b465ee728b)
Start importing Assets/Forest Pack/Prefabs/Stone011.prefab using Guid(728c2607817d48b4fb3ec7c79844b1d4) Importer(815301076,1909f56bfc062723c751e8b465ee728b)  -> (artifact id: '03d86ec5a92ca3bd74f042b5d362aa7f') in 0.001403 seconds
Number of updated asset objects reloaded before import = 0
Number of asset objects unloaded after import = 7
========================================================================
Received Import Request.
  Time since last request: 0.000021 seconds.
  path: Assets/Forest Pack/Prefabs/Stone007.prefab
  artifactKey: Guid(d7eb169a23bfa844e92fee514a2bf334) Importer(815301076,1909f56bfc062723c751e8b465ee728b)
Start importing Assets/Forest Pack/Prefabs/Stone007.prefab using Guid(d7eb169a23bfa844e92fee514a2bf334) Importer(815301076,1909f56bfc062723c751e8b465ee728b)  -> (artifact id: '52e8a5844c15a9fa8e173294e20b422a') in 0.001420 seconds
Number of updated asset objects reloaded before import = 0
Number of asset objects unloaded after import = 7
========================================================================
Received Import Request.
  Time since last request: 0.000022 seconds.
  path: Assets/Forest Pack/Prefabs/Tree001_V1.prefab
  artifactKey: Guid(896bf10857fcd964ea12e4ba4ebca91c) Importer(815301076,1909f56bfc062723c751e8b465ee728b)
Start importing Assets/Forest Pack/Prefabs/Tree001_V1.prefab using Guid(896bf10857fcd964ea12e4ba4ebca91c) Importer(815301076,1909f56bfc062723c751e8b465ee728b)  -> (artifact id: '946b333da8ef7469568944cafa56dc29') in 0.001125 seconds
Number of updated asset objects reloaded before import = 0
Number of asset objects unloaded after import = 7
========================================================================
Received Import Request.
  Time since last request: 0.000018 seconds.
  path: Assets/Forest Pack/Prefabs/Stone005.prefab
  artifactKey: Guid(8bb57915638a5644b89eb2f3933acbda) Importer(815301076,1909f56bfc062723c751e8b465ee728b)
Start importing Assets/Forest Pack/Prefabs/Stone005.prefab using Guid(8bb57915638a5644b89eb2f3933acbda) Importer(815301076,1909f56bfc062723c751e8b465ee728b)  -> (artifact id: 'fb824e7eab29a49a7ca9168e5604f629') in 0.001456 seconds
Number of updated asset objects reloaded before import = 0
Number of asset objects unloaded after import = 7
========================================================================
Received Import Request.
  Time since last request: 0.000020 seconds.
  path: Assets/Forest Pack/Prefabs/Mushroom007.prefab
  artifactKey: Guid(b36f71dcd9de8d541962bef14846c95e) Importer(815301076,1909f56bfc062723c751e8b465ee728b)
Start importing Assets/Forest Pack/Prefabs/Mushroom007.prefab using Guid(b36f71dcd9de8d541962bef14846c95e) Importer(815301076,1909f56bfc062723c751e8b465ee728b)  -> (artifact id: 'bb366a32c3f650e5430bf78f6fbed793') in 0.001627 seconds
Number of updated asset objects reloaded before import = 0
Number of asset objects unloaded after import = 7
========================================================================
Received Import Request.
  Time since last request: 0.000016 seconds.
  path: Assets/Forest Pack/Prefabs/Stone003.prefab
  artifactKey: Guid(477644a6ed9e7db4d9516be64f6e2dc9) Importer(815301076,1909f56bfc062723c751e8b465ee728b)
Start importing Assets/Forest Pack/Prefabs/Stone003.prefab using Guid(477644a6ed9e7db4d9516be64f6e2dc9) Importer(815301076,1909f56bfc062723c751e8b465ee728b)  -> (artifact id: 'bff6807332255000f3f676285e47654c') in 0.001432 seconds
Number of updated asset objects reloaded before import = 0
Number of asset objects unloaded after import = 7
========================================================================
Received Import Request.
  Time since last request: 0.000020 seconds.
  path: Assets/Forest Pack/Prefabs/Stone001.prefab
  artifactKey: Guid(3385ca9798f275e46a39fd9d0861d753) Importer(815301076,1909f56bfc062723c751e8b465ee728b)
Start importing Assets/Forest Pack/Prefabs/Stone001.prefab using Guid(3385ca9798f275e46a39fd9d0861d753) Importer(815301076,1909f56bfc062723c751e8b465ee728b)  -> (artifact id: '23170b716bb0535320622f9059f68ab8') in 0.001222 seconds
Number of updated asset objects reloaded before import = 0
Number of asset objects unloaded after import = 7
========================================================================
Received Import Request.
  Time since last request: 0.000020 seconds.
  path: Assets/Forest Pack/Prefabs/Plant002_V1.prefab
  artifactKey: Guid(55f155f7c45e1a44abf603bf94daf887) Importer(815301076,1909f56bfc062723c751e8b465ee728b)
Start importing Assets/Forest Pack/Prefabs/Plant002_V1.prefab using Guid(55f155f7c45e1a44abf603bf94daf887) Importer(815301076,1909f56bfc062723c751e8b465ee728b)  -> (artifact id: 'd128d328f8d7f3ab48c35e792f8ff04d') in 0.001241 seconds
Number of updated asset objects reloaded before import = 0
Number of asset objects unloaded after import = 6
========================================================================
Received Import Request.
  Time since last request: 0.046515 seconds.
  path: Assets/Forest Pack/Prefabs/Tree004_V1.prefab
  artifactKey: Guid(0f7d185dda1db97408d14da9c1208120) Importer(815301076,1909f56bfc062723c751e8b465ee728b)
Start importing Assets/Forest Pack/Prefabs/Tree004_V1.prefab using Guid(0f7d185dda1db97408d14da9c1208120) Importer(815301076,1909f56bfc062723c751e8b465ee728b)  -> (artifact id: '116678940cc55646da33ec83077e30fd') in 0.001672 seconds
Number of updated asset objects reloaded before import = 0
Number of asset objects unloaded after import = 7
========================================================================
Received Import Request.
  Time since last request: 0.000017 seconds.
  path: Assets/Forest Pack/Prefabs/Tree004_V3.prefab
  artifactKey: Guid(1b3b8b2304daa854d873f5dbdcd08c43) Importer(815301076,1909f56bfc062723c751e8b465ee728b)
Start importing Assets/Forest Pack/Prefabs/Tree004_V3.prefab using Guid(1b3b8b2304daa854d873f5dbdcd08c43) Importer(815301076,1909f56bfc062723c751e8b465ee728b)  -> (artifact id: '751f1dc1d28cc6b6b5f82f39befc5a84') in 0.001279 seconds
Number of updated asset objects reloaded before import = 0
Number of asset objects unloaded after import = 7
========================================================================
Received Import Request.
  Time since last request: 0.000012 seconds.
  path: Assets/Forest Pack/Prefabs/Tree005_V1.prefab
  artifactKey: Guid(9bd7e60f16c0c9b4fa05f049e3cd8f1d) Importer(815301076,1909f56bfc062723c751e8b465ee728b)
Start importing Assets/Forest Pack/Prefabs/Tree005_V1.prefab using Guid(9bd7e60f16c0c9b4fa05f049e3cd8f1d) Importer(815301076,1909f56bfc062723c751e8b465ee728b)  -> (artifact id: '9dfd1b4972653c3bdcacfffcf43194dc') in 0.001641 seconds
Number of updated asset objects reloaded before import = 0
Number of asset objects unloaded after import = 7
Editor requested this worker to shutdown with reason: Scaling down because of idle timeout
TcpMessagingSession - receive error: operation aborted. errorcode: 995, details: L’opération d’entrée/sortie a été abandonnée en raison de l’arrêt d’un thread ou à la demande d’une application.
AssetImportWorker is now disconnected from the server
Process exiting
Exiting without the bug reporter. Application will terminate with return code 0