Using pre-set license
Built from '2022.3/release' branch; Version is '2022.3.0f1 (fb119bb0b476) revision 16454043'; Using compiler version '192829333'; Build Type 'Release'
OS: 'Windows 11  (10.0.22631) 64bit Core' Language: 'fr' Physical Memory: 12064 MB
BatchMode: 1, IsHumanControllingUs: 0, StartBugReporterOnCrash: 0, Is64bit: 1, IsPro: 1

COMMAND LINE ARGUMENTS:
C:\Program Files\Unity\Hub\Editor\2022.3.0f1\Editor\Unity.exe
-adb2
-batchMode
-noUpm
-name
AssetImportWorker2
-projectPath
C:/Users/dalig/OneDrive/Bureau/TP2-Jeux-Video-3/TP3-Jeux-Video-3
-logFile
Logs/AssetImportWorker2.log
-srvPort
64945
Successfully changed project path to: C:/Users/dalig/OneDrive/Bureau/TP2-Jeux-Video-3/TP3-Jeux-Video-3
C:/Users/dalig/OneDrive/Bureau/TP2-Jeux-Video-3/TP3-Jeux-Video-3
[UnityMemory] Configuration Parameters - Can be set up in boot.config
    "memorysetup-bucket-allocator-granularity=16"
    "memorysetup-bucket-allocator-bucket-count=8"
    "memorysetup-bucket-allocator-block-size=33554432"
    "memorysetup-bucket-allocator-block-count=8"
    "memorysetup-main-allocator-block-size=16777216"
    "memorysetup-thread-allocator-block-size=16777216"
    "memorysetup-gfx-main-allocator-block-size=16777216"
    "memorysetup-gfx-thread-allocator-block-size=16777216"
    "memorysetup-cache-allocator-block-size=4194304"
    "memorysetup-typetree-allocator-block-size=2097152"
    "memorysetup-profiler-bucket-allocator-granularity=16"
    "memorysetup-profiler-bucket-allocator-bucket-count=8"
    "memorysetup-profiler-bucket-allocator-block-size=33554432"
    "memorysetup-profiler-bucket-allocator-block-count=8"
    "memorysetup-profiler-allocator-block-size=16777216"
    "memorysetup-profiler-editor-allocator-block-size=1048576"
    "memorysetup-temp-allocator-size-main=16777216"
    "memorysetup-job-temp-allocator-block-size=2097152"
    "memorysetup-job-temp-allocator-block-size-background=1048576"
    "memorysetup-job-temp-allocator-reduction-small-platforms=262144"
    "memorysetup-allocator-temp-initial-block-size-main=262144"
    "memorysetup-allocator-temp-initial-block-size-worker=262144"
    "memorysetup-temp-allocator-size-background-worker=32768"
    "memorysetup-temp-allocator-size-job-worker=262144"
    "memorysetup-temp-allocator-size-preload-manager=33554432"
    "memorysetup-temp-allocator-size-nav-mesh-worker=65536"
    "memorysetup-temp-allocator-size-audio-worker=65536"
    "memorysetup-temp-allocator-size-cloud-worker=32768"
    "memorysetup-temp-allocator-size-gi-baking-worker=262144"
    "memorysetup-temp-allocator-size-gfx=262144"
Player connection [29408] Host "[IP] 192.168.0.110 [Port] 0 [Flags] 2 [Guid] 2877350644 [EditorId] 2877350644 [Version] 1048832 [Id] WindowsEditor(7,Gargouille) [Debug] 1 [PackageName] WindowsEditor [ProjectName] Editor" joined multi-casting on [225.0.0.222:54997]...

Player connection [29408] Host "[IP] 192.168.0.110 [Port] 0 [Flags] 2 [Guid] 2877350644 [EditorId] 2877350644 [Version] 1048832 [Id] WindowsEditor(7,Gargouille) [Debug] 1 [PackageName] WindowsEditor [ProjectName] Editor" joined alternative multi-casting on [225.0.0.222:34997]...

Refreshing native plugins compatible for Editor in 1717.06 ms, found 9 plugins.
Preloading 0 native plugins for Editor in 0.00 ms.
Initialize engine version: 2022.3.0f1 (fb119bb0b476)
[Subsystems] Discovering subsystems at path C:/Program Files/Unity/Hub/Editor/2022.3.0f1/Editor/Data/Resources/UnitySubsystems
[Subsystems] Discovering subsystems at path C:/Users/dalig/OneDrive/Bureau/TP2-Jeux-Video-3/TP3-Jeux-Video-3/Assets
GfxDevice: creating device client; threaded=0; jobified=0
Direct3D:
    Version:  Direct3D 11.0 [level 11.1]
    Renderer: Intel(R) UHD Graphics 730 (ID=0x4692)
    Vendor:   Intel
    VRAM:     6032 MB
    Driver:   31.0.101.3302
Initialize mono
Mono path[0] = 'C:/Program Files/Unity/Hub/Editor/2022.3.0f1/Editor/Data/Managed'
Mono path[1] = 'C:/Program Files/Unity/Hub/Editor/2022.3.0f1/Editor/Data/MonoBleedingEdge/lib/mono/unityjit-win32'
Mono config path = 'C:/Program Files/Unity/Hub/Editor/2022.3.0f1/Editor/Data/MonoBleedingEdge/etc'
Using monoOptions --debugger-agent=transport=dt_socket,embedding=1,server=y,suspend=n,address=127.0.0.1:56756
Begin MonoManager ReloadAssembly
Registering precompiled unity dll's ...
Register platform support module: C:/Program Files/Unity/Hub/Editor/2022.3.0f1/Editor/Data/PlaybackEngines/WindowsStandaloneSupport/UnityEditor.WindowsStandalone.Extensions.dll
Registered in 0.004468 seconds.
- Loaded All Assemblies, in  0.250 seconds
Native extension for WindowsStandalone target not found
Mono: successfully reloaded assembly
- Finished resetting the current domain, in  0.217 seconds
Domain Reload Profiling: 466ms
	BeginReloadAssembly (65ms)
		ExecutionOrderSort (0ms)
		DisableScriptedObjects (0ms)
		BackupInstance (0ms)
		ReleaseScriptingObjects (0ms)
		CreateAndSetChildDomain (1ms)
	RebuildCommonClasses (24ms)
	RebuildNativeTypeToScriptingClass (7ms)
	initialDomainReloadingComplete (44ms)
	LoadAllAssembliesAndSetupDomain (109ms)
		LoadAssemblies (64ms)
		RebuildTransferFunctionScriptingTraits (0ms)
		AnalyzeDomain (104ms)
			TypeCache.Refresh (103ms)
				TypeCache.ScanAssembly (94ms)
			ScanForSourceGeneratedMonoScriptInfo (0ms)
			ResolveRequiredComponents (1ms)
	FinalizeReload (217ms)
		ReleaseScriptCaches (0ms)
		RebuildScriptCaches (0ms)
		SetupLoadedEditorAssemblies (169ms)
			LogAssemblyErrors (0ms)
			InitializePlatformSupportModulesInManaged (7ms)
			SetLoadedEditorAssemblies (6ms)
			RefreshPlugins (0ms)
			BeforeProcessingInitializeOnLoad (2ms)
			ProcessInitializeOnLoadAttributes (113ms)
			ProcessInitializeOnLoadMethodAttributes (41ms)
			AfterProcessingInitializeOnLoad (0ms)
			EditorAssembliesLoaded (0ms)
		ExecutionOrderSort2 (0ms)
		AwakeInstancesAfterBackupRestoration (0ms)
========================================================================
Worker process is ready to serve import requests
Begin MonoManager ReloadAssembly
Symbol file LoadedFromMemory doesn't match image C:\Users\dalig\OneDrive\Bureau\TP2-Jeux-Video-3\TP3-Jeux-Video-3\Library\PackageCache\com.unity.visualscripting@1.8.0\Editor\VisualScripting.Core\Dependencies\YamlDotNet\Unity.VisualScripting.YamlDotNet.dll
Symbol file LoadedFromMemory doesn't match image C:\Users\dalig\OneDrive\Bureau\TP2-Jeux-Video-3\TP3-Jeux-Video-3\Library\PackageCache\com.unity.visualscripting@1.8.0\Editor\VisualScripting.Core\Dependencies\DotNetZip\Unity.VisualScripting.IonicZip.dll
- Loaded All Assemblies, in  5.736 seconds
Refreshing native plugins compatible for Editor in 6.77 ms, found 9 plugins.
Native extension for WindowsStandalone target not found
Package Manager log level set to [2]
[Package Manager] Server::EnsureServerProcessIsRunning -- launch failed, reason: Unity was launched with the -noUpm command-line argument
[Package Manager] UpmClient::Send -- Unable to send message (not connected to UPM process).
[Package Manager] Cannot connect to Unity Package Manager local server
Mono: successfully reloaded assembly
[Package Manager] Server::EnsureServerProcessIsRunning -- launch failed, reason: Unity was launched with the -noUpm command-line argument
[Package Manager] UpmClient::Send -- Unable to send message (not connected to UPM process).
[Package Manager] Cannot connect to Unity Package Manager local server
[Package Manager] Server::EnsureServerProcessIsRunning -- launch failed, reason: Unity was launched with the -noUpm command-line argument
[Package Manager] UpmClient::Send -- Unable to send message (not connected to UPM process).
[Package Manager] Cannot connect to Unity Package Manager local server
- Finished resetting the current domain, in  0.798 seconds
Domain Reload Profiling: 6525ms
	BeginReloadAssembly (96ms)
		ExecutionOrderSort (0ms)
		DisableScriptedObjects (4ms)
		BackupInstance (0ms)
		ReleaseScriptingObjects (0ms)
		CreateAndSetChildDomain (15ms)
	RebuildCommonClasses (23ms)
	RebuildNativeTypeToScriptingClass (7ms)
	initialDomainReloadingComplete (34ms)
	LoadAllAssembliesAndSetupDomain (5566ms)
		LoadAssemblies (5343ms)
		RebuildTransferFunctionScriptingTraits (0ms)
		AnalyzeDomain (267ms)
			TypeCache.Refresh (236ms)
				TypeCache.ScanAssembly (224ms)
			ScanForSourceGeneratedMonoScriptInfo (24ms)
			ResolveRequiredComponents (8ms)
	FinalizeReload (799ms)
		ReleaseScriptCaches (0ms)
		RebuildScriptCaches (0ms)
		SetupLoadedEditorAssemblies (661ms)
			LogAssemblyErrors (0ms)
			InitializePlatformSupportModulesInManaged (4ms)
			SetLoadedEditorAssemblies (3ms)
			RefreshPlugins (0ms)
			BeforeProcessingInitializeOnLoad (64ms)
			ProcessInitializeOnLoadAttributes (509ms)
			ProcessInitializeOnLoadMethodAttributes (76ms)
			AfterProcessingInitializeOnLoad (5ms)
			EditorAssembliesLoaded (0ms)
		ExecutionOrderSort2 (0ms)
		AwakeInstancesAfterBackupRestoration (4ms)
Launched and connected shader compiler UnityShaderCompiler.exe after 0.04 seconds
Refreshing native plugins compatible for Editor in 7.28 ms, found 9 plugins.
Preloading 0 native plugins for Editor in 0.00 ms.
Unloading 6515 Unused Serialized files (Serialized files now loaded: 0)
Unloading 126 unused Assets / (1.6 MB). Loaded Objects now: 6989.
Memory consumption went from 259.0 MB to 257.4 MB.
Total: 4.443100 ms (FindLiveObjects: 0.445900 ms CreateObjectMapping: 0.343400 ms MarkObjects: 3.042100 ms  DeleteObjects: 0.610700 ms)

AssetImportParameters requested are different than current active one (requested -> active):
  custom:container-demuxer-ogg: 62fdf1f143b41e24485cea50d1cbac27 -> 
  custom:framework-win-MediaFoundation: 216162199b28c13a410421893ffa2e32 -> 
  custom:container-muxer-webm: aa71ff27fc2769a1b78a27578f13a17b -> 
  custom:video-decoder-webm-vp8: 9c59270c3fd7afecdb556c50c9e8de78 -> 
  custom:AudioImporter_EditorPlatform: d09bf68614088b80899f8185d706f6e7 -> 
  custom:audio-decoder-ogg-vorbis: bf7c407c2cedff20999df2af8eb42d56 -> 
  custom:audio-encoder-webm-vorbis: bf7c407c2cedff20999df2af8eb42d56 -> 
  custom:video-decoder-ogg-theora: a1e56fd34408186e4bbccfd4996cb3dc -> 
  custom:container-demuxer-webm: 4f35f7cbe854078d1ac9338744f61a02 -> 
  custom:video-encoder-webm-vp8: eb34c28f22e8b96e1ab97ce403110664 -> 
========================================================================
Received Import Request.
  Time since last request: 348231.166400 seconds.
  path: Assets/Texture/Bricks075B_1K-JPG_Color.jpg
  artifactKey: Guid(e97c3a680f38c144097168a8b79f2d1b) Importer(815301076,1909f56bfc062723c751e8b465ee728b)
Start importing Assets/Texture/Bricks075B_1K-JPG_Color.jpg using Guid(e97c3a680f38c144097168a8b79f2d1b) Importer(815301076,1909f56bfc062723c751e8b465ee728b)  -> (artifact id: 'fd758b53f299fd8cc116c94e2eeecd87') in 0.015012 seconds
Number of updated asset objects reloaded before import = 0
Number of asset objects unloaded after import = 1
========================================================================
Received Import Request.
  Time since last request: 2.451297 seconds.
  path: Assets/Texture/Bricks075B_1K-JPG_NormalDX.jpg
  artifactKey: Guid(d7b9d1bc347ea794e8590566e8e59cab) Importer(815301076,1909f56bfc062723c751e8b465ee728b)
Start importing Assets/Texture/Bricks075B_1K-JPG_NormalDX.jpg using Guid(d7b9d1bc347ea794e8590566e8e59cab) Importer(815301076,1909f56bfc062723c751e8b465ee728b)  -> (artifact id: '53db0c7316e2780e4c76114a1b14b0c3') in 0.001610 seconds
Number of updated asset objects reloaded before import = 0
Number of asset objects unloaded after import = 1
========================================================================
Received Import Request.
  Time since last request: 21.189680 seconds.
  path: Assets/Texture/Bricks075B_1K-JPG_Roughness.jpg
  artifactKey: Guid(0309bf13330131a479da3f1c349b3c33) Importer(815301076,1909f56bfc062723c751e8b465ee728b)
Start importing Assets/Texture/Bricks075B_1K-JPG_Roughness.jpg using Guid(0309bf13330131a479da3f1c349b3c33) Importer(815301076,1909f56bfc062723c751e8b465ee728b)  -> (artifact id: 'e5daa4e3fbc48d445a9689b142c8c541') in 0.001477 seconds
Number of updated asset objects reloaded before import = 0
Number of asset objects unloaded after import = 1
========================================================================
Received Import Request.
  Time since last request: 3.618243 seconds.
  path: Assets/Texture/Planks012_1K-JPG_NormalDX.jpg
  artifactKey: Guid(8c79b6badf06d4246b4b806963d95c46) Importer(815301076,1909f56bfc062723c751e8b465ee728b)
Start importing Assets/Texture/Planks012_1K-JPG_NormalDX.jpg using Guid(8c79b6badf06d4246b4b806963d95c46) Importer(815301076,1909f56bfc062723c751e8b465ee728b)  -> (artifact id: 'eef7ccc81580b438920a01612d1e7fcd') in 0.002478 seconds
Number of updated asset objects reloaded before import = 0
Number of asset objects unloaded after import = 1
========================================================================
Received Import Request.
  Time since last request: 14.879617 seconds.
  path: Assets/Materials
  artifactKey: Guid(60e148fe24101184ea0d308954235d00) Importer(815301076,1909f56bfc062723c751e8b465ee728b)
Start importing Assets/Materials using Guid(60e148fe24101184ea0d308954235d00) Importer(815301076,1909f56bfc062723c751e8b465ee728b)  -> (artifact id: '21e897be96e526e9444e412e07d82384') in 0.000684 seconds
Number of updated asset objects reloaded before import = 0
Number of asset objects unloaded after import = 0
========================================================================
Received Import Request.
  Time since last request: 51.832361 seconds.
  path: Assets/Materials/plancherDali.mat
  artifactKey: Guid(ce6bb0d37ab4c174b8c42be543bcfbbc) Importer(815301076,1909f56bfc062723c751e8b465ee728b)
Start importing Assets/Materials/plancherDali.mat using Guid(ce6bb0d37ab4c174b8c42be543bcfbbc) Importer(815301076,1909f56bfc062723c751e8b465ee728b)  -> (artifact id: '8caa451f78e996040ce4e2c82dd99028') in 0.001844 seconds
Number of updated asset objects reloaded before import = 0
Number of asset objects unloaded after import = 1
========================================================================
Received Import Request.
  Time since last request: 89.547839 seconds.
  path: Assets/Materials/MurDali.mat
  artifactKey: Guid(f17067356735a764e881a868f317c68d) Importer(815301076,1909f56bfc062723c751e8b465ee728b)
Start importing Assets/Materials/MurDali.mat using Guid(f17067356735a764e881a868f317c68d) Importer(815301076,1909f56bfc062723c751e8b465ee728b)  -> (artifact id: '4d8c624b17bf4a1909c819fc37a93b2e') in 0.001650 seconds
Number of updated asset objects reloaded before import = 0
Number of asset objects unloaded after import = 1
========================================================================
Received Import Request.
  Time since last request: 47.670083 seconds.
  path: Assets/Materials/MurDali.mat
  artifactKey: Guid(f17067356735a764e881a868f317c68d) Importer(815301076,1909f56bfc062723c751e8b465ee728b)
Start importing Assets/Materials/MurDali.mat using Guid(f17067356735a764e881a868f317c68d) Importer(815301076,1909f56bfc062723c751e8b465ee728b)  -> (artifact id: 'f03e9ddabc4e56552ae7947058d563a0') in 0.001754 seconds
Number of updated asset objects reloaded before import = 0
Number of asset objects unloaded after import = 1
========================================================================
Received Import Request.
  Time since last request: 352.162816 seconds.
  path: Assets/Materials/MurDali.mat
  artifactKey: Guid(f17067356735a764e881a868f317c68d) Importer(815301076,1909f56bfc062723c751e8b465ee728b)
Start importing Assets/Materials/MurDali.mat using Guid(f17067356735a764e881a868f317c68d) Importer(815301076,1909f56bfc062723c751e8b465ee728b)  -> (artifact id: '4562f1964f0750808ed96716bdb61e47') in 0.002264 seconds
Number of updated asset objects reloaded before import = 0
Number of asset objects unloaded after import = 1
========================================================================
Received Import Request.
  Time since last request: 1557.855906 seconds.
  path: Assets/Prefabs
  artifactKey: Guid(5067cb86cbdc45b4b971ae63b48674bb) Importer(815301076,1909f56bfc062723c751e8b465ee728b)
Start importing Assets/Prefabs using Guid(5067cb86cbdc45b4b971ae63b48674bb) Importer(815301076,1909f56bfc062723c751e8b465ee728b)  -> (artifact id: '8d2af5429e04011bfdd002606d9883b8') in 0.008024 seconds
Number of updated asset objects reloaded before import = 0
Number of asset objects unloaded after import = 0
========================================================================
Received Import Request.
  Time since last request: 2.445161 seconds.
  path: Assets/Prefabs/Dali
  artifactKey: Guid(a5f286f1924ef0547a8aafdf8c07314e) Importer(815301076,1909f56bfc062723c751e8b465ee728b)
Start importing Assets/Prefabs/Dali using Guid(a5f286f1924ef0547a8aafdf8c07314e) Importer(815301076,1909f56bfc062723c751e8b465ee728b)  -> (artifact id: '200e48d6234e72acba58254a59502f4a') in 0.002495 seconds
Number of updated asset objects reloaded before import = 0
Number of asset objects unloaded after import = 0
========================================================================
Received Import Request.
  Time since last request: 0.059928 seconds.
  path: Assets/Prefabs/Dali/mur.prefab
  artifactKey: Guid(e9a48bfd22bffab478915ee1ddb93ffa) Importer(815301076,1909f56bfc062723c751e8b465ee728b)
Start importing Assets/Prefabs/Dali/mur.prefab using Guid(e9a48bfd22bffab478915ee1ddb93ffa) Importer(815301076,1909f56bfc062723c751e8b465ee728b)  -> (artifact id: 'a86f73d7ef85dd21bb9a2b7d282d38b7') in 0.068477 seconds
Number of updated asset objects reloaded before import = 0
Number of asset objects unloaded after import = 6
========================================================================
Received Import Request.
  Time since last request: 0.000021 seconds.
  path: Assets/Prefabs/Dali/table2.prefab
  artifactKey: Guid(9f30062fc7106a8408b2bd68b4d66c02) Importer(815301076,1909f56bfc062723c751e8b465ee728b)
Start importing Assets/Prefabs/Dali/table2.prefab using Guid(9f30062fc7106a8408b2bd68b4d66c02) Importer(815301076,1909f56bfc062723c751e8b465ee728b)  -> (artifact id: '71f3befcb9c7103d0639aa9f349b7b89') in 0.012992 seconds
Number of updated asset objects reloaded before import = 0
Number of asset objects unloaded after import = 17
========================================================================
Received Import Request.
  Time since last request: 1.643654 seconds.
  path: Assets/Prefabs/Dali/3D Chest Object
  artifactKey: Guid(c0d3b786b7e205b40af5edb99078fdb6) Importer(815301076,1909f56bfc062723c751e8b465ee728b)
Start importing Assets/Prefabs/Dali/3D Chest Object using Guid(c0d3b786b7e205b40af5edb99078fdb6) Importer(815301076,1909f56bfc062723c751e8b465ee728b)  -> (artifact id: 'e5b68fa817dfb671676d61a4e6227bbe') in 0.002031 seconds
Number of updated asset objects reloaded before import = 0
Number of asset objects unloaded after import = 0
========================================================================
Received Import Request.
  Time since last request: 0.065843 seconds.
  path: Assets/Prefabs/Dali/3D Chest Object/Treasure_Chest.prefab
  artifactKey: Guid(7bd27893068210e40b3661f0873fb35f) Importer(815301076,1909f56bfc062723c751e8b465ee728b)
Start importing Assets/Prefabs/Dali/3D Chest Object/Treasure_Chest.prefab using Guid(7bd27893068210e40b3661f0873fb35f) Importer(815301076,1909f56bfc062723c751e8b465ee728b)  -> (artifact id: '4f5b11931fe1649d9825193e412d380d') in 0.011909 seconds
Number of updated asset objects reloaded before import = 0
Number of asset objects unloaded after import = 13
========================================================================
Received Import Request.
  Time since last request: 410.427720 seconds.
  path: Assets/Forest Pack
  artifactKey: Guid(82f49c0ec6b7d0143a77169e3ae526be) Importer(815301076,1909f56bfc062723c751e8b465ee728b)
Start importing Assets/Forest Pack using Guid(82f49c0ec6b7d0143a77169e3ae526be) Importer(815301076,1909f56bfc062723c751e8b465ee728b)  -> (artifact id: '55334b2a9b816c31fd6bd6fe2f94e733') in 0.001348 seconds
Number of updated asset objects reloaded before import = 0
Number of asset objects unloaded after import = 0
========================================================================
Received Import Request.
  Time since last request: 1.079385 seconds.
  path: Assets/Forest Pack/Prefabs
  artifactKey: Guid(109461588463def43aa7bd556b830d6f) Importer(815301076,1909f56bfc062723c751e8b465ee728b)
Start importing Assets/Forest Pack/Prefabs using Guid(109461588463def43aa7bd556b830d6f) Importer(815301076,1909f56bfc062723c751e8b465ee728b)  -> (artifact id: '4b8eefaf42e5a13cfef873967a1fb879') in 0.000916 seconds
Number of updated asset objects reloaded before import = 0
Number of asset objects unloaded after import = 0
========================================================================
Received Import Request.
  Time since last request: 0.035240 seconds.
  path: Assets/Forest Pack/Prefabs/Tree004_V6.prefab
  artifactKey: Guid(9fd02bc503e6b2946bb646476037c36f) Importer(815301076,1909f56bfc062723c751e8b465ee728b)
Start importing Assets/Forest Pack/Prefabs/Tree004_V6.prefab using Guid(9fd02bc503e6b2946bb646476037c36f) Importer(815301076,1909f56bfc062723c751e8b465ee728b)  -> (artifact id: '4c2b734f4b2685498a3c8633f10f9b76') in 0.013340 seconds
Number of updated asset objects reloaded before import = 0
Number of asset objects unloaded after import = 7
========================================================================
Received Import Request.
  Time since last request: 6.959239 seconds.
  path: Assets/champi.unitypackage
  artifactKey: Guid(48c9962b616841043bb7cfb9a9585dc1) Importer(815301076,1909f56bfc062723c751e8b465ee728b)
Start importing Assets/champi.unitypackage using Guid(48c9962b616841043bb7cfb9a9585dc1) Importer(815301076,1909f56bfc062723c751e8b465ee728b)  -> (artifact id: 'bb8b068d89c19edfdf92abe638c7b83c') in 0.011810 seconds
Number of updated asset objects reloaded before import = 0
Number of asset objects unloaded after import = 1
========================================================================
Received Import Request.
  Time since last request: 2.523266 seconds.
  path: Assets/Whaleride
  artifactKey: Guid(e53a14ce7b3c94946aa72c75faa5e3cc) Importer(815301076,1909f56bfc062723c751e8b465ee728b)
Start importing Assets/Whaleride using Guid(e53a14ce7b3c94946aa72c75faa5e3cc) Importer(815301076,1909f56bfc062723c751e8b465ee728b)  -> (artifact id: 'dbf018a98550d2c8cc93d3dd6bb93dc0') in 0.001194 seconds
Number of updated asset objects reloaded before import = 0
Number of asset objects unloaded after import = 0
========================================================================
Received Import Request.
  Time since last request: 4.229437 seconds.
  path: Assets/Fantasy Skybox FREE
  artifactKey: Guid(9f4dc05bc99f3504b9350726c4f42f15) Importer(815301076,1909f56bfc062723c751e8b465ee728b)
Start importing Assets/Fantasy Skybox FREE using Guid(9f4dc05bc99f3504b9350726c4f42f15) Importer(815301076,1909f56bfc062723c751e8b465ee728b)  -> (artifact id: 'dff24261ecfaaddca2f268cdcbc86d3a') in 0.000913 seconds
Number of updated asset objects reloaded before import = 0
Number of asset objects unloaded after import = 0
========================================================================
Received Import Request.
  Time since last request: 0.747196 seconds.
  path: Assets/Fantasy Skybox FREE/Panoramics
  artifactKey: Guid(6e1b1d848d478d14b97ac9f1f78a58b1) Importer(815301076,1909f56bfc062723c751e8b465ee728b)
Start importing Assets/Fantasy Skybox FREE/Panoramics using Guid(6e1b1d848d478d14b97ac9f1f78a58b1) Importer(815301076,1909f56bfc062723c751e8b465ee728b)  -> (artifact id: '84cb00b74cfd8ca309f9c7a83c1c3f89') in 0.002481 seconds
Number of updated asset objects reloaded before import = 0
Number of asset objects unloaded after import = 0
========================================================================
Received Import Request.
  Time since last request: 0.821145 seconds.
  path: Assets/Fantasy Skybox FREE/Panoramics/FS002
  artifactKey: Guid(2ae1e7b469732a045b9051aa0809ca24) Importer(815301076,1909f56bfc062723c751e8b465ee728b)
Start importing Assets/Fantasy Skybox FREE/Panoramics/FS002 using Guid(2ae1e7b469732a045b9051aa0809ca24) Importer(815301076,1909f56bfc062723c751e8b465ee728b)  -> (artifact id: '5a52d106b2f4b4310929202738249627') in 0.001946 seconds
Number of updated asset objects reloaded before import = 0
Number of asset objects unloaded after import = 0
========================================================================
Received Import Request.
  Time since last request: 0.086237 seconds.
  path: Assets/Fantasy Skybox FREE/Panoramics/FS002/FS002_Night.mat
  artifactKey: Guid(d1fdb8e44b28da34d9e922cca0bc740e) Importer(815301076,1909f56bfc062723c751e8b465ee728b)
Start importing Assets/Fantasy Skybox FREE/Panoramics/FS002/FS002_Night.mat using Guid(d1fdb8e44b28da34d9e922cca0bc740e) Importer(815301076,1909f56bfc062723c751e8b465ee728b)  -> (artifact id: '83045fada05f693a21694e07d1ec8d56') in 0.016411 seconds
Number of updated asset objects reloaded before import = 0
Number of asset objects unloaded after import = 1
========================================================================
Received Import Request.
  Time since last request: 8.846792 seconds.
  path: Assets/Prefabs/Dali/Tavern Interior By I.We.D
  artifactKey: Guid(8ba31c9790881f5468be7f765cf9c4fb) Importer(815301076,1909f56bfc062723c751e8b465ee728b)
Start importing Assets/Prefabs/Dali/Tavern Interior By I.We.D using Guid(8ba31c9790881f5468be7f765cf9c4fb) Importer(815301076,1909f56bfc062723c751e8b465ee728b)  -> (artifact id: '8917a722d00d777483d7d0fac0856de0') in 0.002984 seconds
Number of updated asset objects reloaded before import = 0
Number of asset objects unloaded after import = 0
========================================================================
Received Import Request.
  Time since last request: 0.429280 seconds.
  path: Assets/Prefabs/Dali/Red Nebula Studios
  artifactKey: Guid(9c84da09663332f44ab1d925310ed6ea) Importer(815301076,1909f56bfc062723c751e8b465ee728b)
Start importing Assets/Prefabs/Dali/Red Nebula Studios using Guid(9c84da09663332f44ab1d925310ed6ea) Importer(815301076,1909f56bfc062723c751e8b465ee728b)  -> (artifact id: 'aea5fb8a025ede04e08dab8c343249d9') in 0.001198 seconds
Number of updated asset objects reloaded before import = 0
Number of asset objects unloaded after import = 0
========================================================================
Received Import Request.
  Time since last request: 61.148202 seconds.
  path: Assets/Blink
  artifactKey: Guid(ad5cec66b8b9c2944b9f43e7fd420491) Importer(815301076,1909f56bfc062723c751e8b465ee728b)
Start importing Assets/Blink using Guid(ad5cec66b8b9c2944b9f43e7fd420491) Importer(815301076,1909f56bfc062723c751e8b465ee728b)  -> (artifact id: 'f31238838d7ff37c48755ab50435cbfb') in 0.001092 seconds
Number of updated asset objects reloaded before import = 0
Number of asset objects unloaded after import = 0
========================================================================
Received Import Request.
  Time since last request: 1.021380 seconds.
  path: Assets/CatBorg Studio
  artifactKey: Guid(9e0871e2f25f16c479516ec695dba897) Importer(815301076,1909f56bfc062723c751e8b465ee728b)
Start importing Assets/CatBorg Studio using Guid(9e0871e2f25f16c479516ec695dba897) Importer(815301076,1909f56bfc062723c751e8b465ee728b)  -> (artifact id: 'ea35a367b4d7b761bfea651764bfb270') in 0.002022 seconds
Number of updated asset objects reloaded before import = 0
Number of asset objects unloaded after import = 0
========================================================================
Received Import Request.
  Time since last request: 1.108748 seconds.
  path: Assets/CatBorg Studio/3D Dungeon Lowpoly Pack
  artifactKey: Guid(1721a1f9d2e39d84caa64f4a81f4af70) Importer(815301076,1909f56bfc062723c751e8b465ee728b)
Start importing Assets/CatBorg Studio/3D Dungeon Lowpoly Pack using Guid(1721a1f9d2e39d84caa64f4a81f4af70) Importer(815301076,1909f56bfc062723c751e8b465ee728b)  -> (artifact id: '91d8d4b141cd13a4c25dcc48eb52db2e') in 0.001639 seconds
Number of updated asset objects reloaded before import = 0
Number of asset objects unloaded after import = 0
========================================================================
Received Import Request.
  Time since last request: 2.119545 seconds.
  path: Assets/CatBorg Studio/3D Dungeon Lowpoly Pack/Prefabs
  artifactKey: Guid(db1890757dba3cc4488373b83a0dd127) Importer(815301076,1909f56bfc062723c751e8b465ee728b)
Start importing Assets/CatBorg Studio/3D Dungeon Lowpoly Pack/Prefabs using Guid(db1890757dba3cc4488373b83a0dd127) Importer(815301076,1909f56bfc062723c751e8b465ee728b)  -> (artifact id: '74b3e727e70c362ff690cf70817237e8') in 0.001724 seconds
Number of updated asset objects reloaded before import = 0
Number of asset objects unloaded after import = 0
========================================================================
Received Import Request.
  Time since last request: 0.071052 seconds.
  path: Assets/CatBorg Studio/3D Dungeon Lowpoly Pack/Prefabs/01_DiningHall_01_Bottle#1.prefab
  artifactKey: Guid(7587bd0edf0376344ac9bc85565f8c37) Importer(815301076,1909f56bfc062723c751e8b465ee728b)
Start importing Assets/CatBorg Studio/3D Dungeon Lowpoly Pack/Prefabs/01_DiningHall_01_Bottle#1.prefab using Guid(7587bd0edf0376344ac9bc85565f8c37) Importer(815301076,1909f56bfc062723c751e8b465ee728b)  -> (artifact id: '702367e01d4db95ec98ead7f18886db9') in 0.012661 seconds
Number of updated asset objects reloaded before import = 0
Number of asset objects unloaded after import = 6
========================================================================
Received Import Request.
  Time since last request: 0.005786 seconds.
  path: Assets/CatBorg Studio/3D Dungeon Lowpoly Pack/Prefabs/01_DiningHall_01_Bottle#3.prefab
  artifactKey: Guid(0ce7cbb5cae6c0449bd02794ea78317f) Importer(815301076,1909f56bfc062723c751e8b465ee728b)
Start importing Assets/CatBorg Studio/3D Dungeon Lowpoly Pack/Prefabs/01_DiningHall_01_Bottle#3.prefab using Guid(0ce7cbb5cae6c0449bd02794ea78317f) Importer(815301076,1909f56bfc062723c751e8b465ee728b)  -> (artifact id: '33be49784f6a7ba2b2bff6642cad026b') in 0.008608 seconds
Number of updated asset objects reloaded before import = 0
Number of asset objects unloaded after import = 6
========================================================================
Received Import Request.
  Time since last request: 0.000018 seconds.
  path: Assets/CatBorg Studio/3D Dungeon Lowpoly Pack/Prefabs/01_DiningHall_01_Cup#2.prefab
  artifactKey: Guid(c64bf04713b5e0549b27844ba6bfc9c9) Importer(815301076,1909f56bfc062723c751e8b465ee728b)
Start importing Assets/CatBorg Studio/3D Dungeon Lowpoly Pack/Prefabs/01_DiningHall_01_Cup#2.prefab using Guid(c64bf04713b5e0549b27844ba6bfc9c9) Importer(815301076,1909f56bfc062723c751e8b465ee728b)  -> (artifact id: '01258d3b6a68aced00b416c365281e34') in 0.008660 seconds
Number of updated asset objects reloaded before import = 0
Number of asset objects unloaded after import = 6
========================================================================
Received Import Request.
  Time since last request: 0.000022 seconds.
  path: Assets/CatBorg Studio/3D Dungeon Lowpoly Pack/Prefabs/01_DiningHall_01_WoodenTable#1.prefab
  artifactKey: Guid(dc9b885602f11ae4b81c7749b464e6dc) Importer(815301076,1909f56bfc062723c751e8b465ee728b)
Start importing Assets/CatBorg Studio/3D Dungeon Lowpoly Pack/Prefabs/01_DiningHall_01_WoodenTable#1.prefab using Guid(dc9b885602f11ae4b81c7749b464e6dc) Importer(815301076,1909f56bfc062723c751e8b465ee728b)  -> (artifact id: '930284959ed0864e7695a74d27427153') in 0.007841 seconds
Number of updated asset objects reloaded before import = 0
Number of asset objects unloaded after import = 6
========================================================================
Received Import Request.
  Time since last request: 0.000017 seconds.
  path: Assets/CatBorg Studio/3D Dungeon Lowpoly Pack/Prefabs/01_Library_01_BookShelve_2.prefab
  artifactKey: Guid(29b8208c0e96a224ba307748030ef061) Importer(815301076,1909f56bfc062723c751e8b465ee728b)
Start importing Assets/CatBorg Studio/3D Dungeon Lowpoly Pack/Prefabs/01_Library_01_BookShelve_2.prefab using Guid(29b8208c0e96a224ba307748030ef061) Importer(815301076,1909f56bfc062723c751e8b465ee728b)  -> (artifact id: '933bf1b0a518ac4f32b35becd2415b81') in 0.006706 seconds
Number of updated asset objects reloaded before import = 0
Number of asset objects unloaded after import = 6
========================================================================
Received Import Request.
  Time since last request: 0.000020 seconds.
  path: Assets/CatBorg Studio/3D Dungeon Lowpoly Pack/Prefabs/01_Library_01_BookSmall_Purple.prefab
  artifactKey: Guid(06da729a12d15bd4ea5ab273ba5c2a7e) Importer(815301076,1909f56bfc062723c751e8b465ee728b)
Start importing Assets/CatBorg Studio/3D Dungeon Lowpoly Pack/Prefabs/01_Library_01_BookSmall_Purple.prefab using Guid(06da729a12d15bd4ea5ab273ba5c2a7e) Importer(815301076,1909f56bfc062723c751e8b465ee728b)  -> (artifact id: '39d0356dbbb799370b3ac72719fa58c7') in 0.007955 seconds
Number of updated asset objects reloaded before import = 0
Number of asset objects unloaded after import = 6
========================================================================
Received Import Request.
  Time since last request: 0.000021 seconds.
  path: Assets/CatBorg Studio/3D Dungeon Lowpoly Pack/Prefabs/01_Library_01_Chear_High#1.prefab
  artifactKey: Guid(a81f44cd09f9df54fac3fd8623a66806) Importer(815301076,1909f56bfc062723c751e8b465ee728b)
Start importing Assets/CatBorg Studio/3D Dungeon Lowpoly Pack/Prefabs/01_Library_01_Chear_High#1.prefab using Guid(a81f44cd09f9df54fac3fd8623a66806) Importer(815301076,1909f56bfc062723c751e8b465ee728b)  -> (artifact id: '0f12557c0eeaa0af7956b16a001832b7') in 0.006150 seconds
Number of updated asset objects reloaded before import = 0
Number of asset objects unloaded after import = 6
========================================================================
Received Import Request.
  Time since last request: 0.000019 seconds.
  path: Assets/CatBorg Studio/3D Dungeon Lowpoly Pack/Prefabs/01_Library_01_Desk#2.prefab
  artifactKey: Guid(ac35cb5061595e34a86fde87ec12288b) Importer(815301076,1909f56bfc062723c751e8b465ee728b)
Start importing Assets/CatBorg Studio/3D Dungeon Lowpoly Pack/Prefabs/01_Library_01_Desk#2.prefab using Guid(ac35cb5061595e34a86fde87ec12288b) Importer(815301076,1909f56bfc062723c751e8b465ee728b)  -> (artifact id: '9a4f8c1d8daa83ca23bab0d833af25fd') in 0.008122 seconds
Number of updated asset objects reloaded before import = 0
Number of asset objects unloaded after import = 6
========================================================================
Received Import Request.
  Time since last request: 0.000018 seconds.
  path: Assets/CatBorg Studio/3D Dungeon Lowpoly Pack/Prefabs/02_Kitchen_01_CookingPot#1_Stander.prefab
  artifactKey: Guid(6f96ed54204e1b04ba9e374d43f51bd6) Importer(815301076,1909f56bfc062723c751e8b465ee728b)
Start importing Assets/CatBorg Studio/3D Dungeon Lowpoly Pack/Prefabs/02_Kitchen_01_CookingPot#1_Stander.prefab using Guid(6f96ed54204e1b04ba9e374d43f51bd6) Importer(815301076,1909f56bfc062723c751e8b465ee728b)  -> (artifact id: '5d86d32eecea42d079e8b5d082f086e3') in 0.007491 seconds
Number of updated asset objects reloaded before import = 0
Number of asset objects unloaded after import = 6
========================================================================
Received Import Request.
  Time since last request: 0.000024 seconds.
  path: Assets/CatBorg Studio/3D Dungeon Lowpoly Pack/Prefabs/02_Kitchen_01_CuttingBoard.prefab
  artifactKey: Guid(971e70123fa0f8540bb03284db541417) Importer(815301076,1909f56bfc062723c751e8b465ee728b)
Start importing Assets/CatBorg Studio/3D Dungeon Lowpoly Pack/Prefabs/02_Kitchen_01_CuttingBoard.prefab using Guid(971e70123fa0f8540bb03284db541417) Importer(815301076,1909f56bfc062723c751e8b465ee728b)  -> (artifact id: 'b1fb2c9f9873ae25f85933cab506bfe1') in 0.007043 seconds
Number of updated asset objects reloaded before import = 0
Number of asset objects unloaded after import = 6
========================================================================
Received Import Request.
  Time since last request: 0.000014 seconds.
  path: Assets/CatBorg Studio/3D Dungeon Lowpoly Pack/Prefabs/02_Kitchen_01_CuttingBoard#2.prefab
  artifactKey: Guid(3b4da24dd8e66214c9d50248a0effe83) Importer(815301076,1909f56bfc062723c751e8b465ee728b)
Start importing Assets/CatBorg Studio/3D Dungeon Lowpoly Pack/Prefabs/02_Kitchen_01_CuttingBoard#2.prefab using Guid(3b4da24dd8e66214c9d50248a0effe83) Importer(815301076,1909f56bfc062723c751e8b465ee728b)  -> (artifact id: '35749fa46e186ba9c92ec7ebc339ba1f') in 0.008651 seconds
Number of updated asset objects reloaded before import = 0
Number of asset objects unloaded after import = 6
========================================================================
Received Import Request.
  Time since last request: 0.000026 seconds.
  path: Assets/CatBorg Studio/3D Dungeon Lowpoly Pack/Prefabs/03_Blacksmith_01_AnvilStand.prefab
  artifactKey: Guid(a20ce41344aafe441a6a2effbc752c3e) Importer(815301076,1909f56bfc062723c751e8b465ee728b)
Start importing Assets/CatBorg Studio/3D Dungeon Lowpoly Pack/Prefabs/03_Blacksmith_01_AnvilStand.prefab using Guid(a20ce41344aafe441a6a2effbc752c3e) Importer(815301076,1909f56bfc062723c751e8b465ee728b)  -> (artifact id: 'f55a7ac0f18f844cea5b040e3a774be0') in 0.008915 seconds
Number of updated asset objects reloaded before import = 0
Number of asset objects unloaded after import = 6
========================================================================
Received Import Request.
  Time since last request: 0.000016 seconds.
  path: Assets/CatBorg Studio/3D Dungeon Lowpoly Pack/Prefabs/03_Blacksmith_01_CooperBar.prefab
  artifactKey: Guid(d9c87df41475ca343b77b12b71160898) Importer(815301076,1909f56bfc062723c751e8b465ee728b)
Start importing Assets/CatBorg Studio/3D Dungeon Lowpoly Pack/Prefabs/03_Blacksmith_01_CooperBar.prefab using Guid(d9c87df41475ca343b77b12b71160898) Importer(815301076,1909f56bfc062723c751e8b465ee728b)  -> (artifact id: '0f271508d79ca6747f851b70987c559e') in 0.008443 seconds
Number of updated asset objects reloaded before import = 0
Number of asset objects unloaded after import = 6
========================================================================
Received Import Request.
  Time since last request: 0.000015 seconds.
  path: Assets/CatBorg Studio/3D Dungeon Lowpoly Pack/Prefabs/04_Bedroom_01_Beed_2.prefab
  artifactKey: Guid(4c99ccd66904b4f41b452d4403e13bd0) Importer(815301076,1909f56bfc062723c751e8b465ee728b)
Start importing Assets/CatBorg Studio/3D Dungeon Lowpoly Pack/Prefabs/04_Bedroom_01_Beed_2.prefab using Guid(4c99ccd66904b4f41b452d4403e13bd0) Importer(815301076,1909f56bfc062723c751e8b465ee728b)  -> (artifact id: 'ee47da8b5a392c50ac99db3eb7f7ccbb') in 0.007496 seconds
Number of updated asset objects reloaded before import = 0
Number of asset objects unloaded after import = 6
========================================================================
Received Import Request.
  Time since last request: 0.000014 seconds.
  path: Assets/CatBorg Studio/3D Dungeon Lowpoly Pack/Prefabs/04_Bedroom_01_Beed_3.prefab
  artifactKey: Guid(4242a69f308b1484783adb21b0eecad6) Importer(815301076,1909f56bfc062723c751e8b465ee728b)
Start importing Assets/CatBorg Studio/3D Dungeon Lowpoly Pack/Prefabs/04_Bedroom_01_Beed_3.prefab using Guid(4242a69f308b1484783adb21b0eecad6) Importer(815301076,1909f56bfc062723c751e8b465ee728b)  -> (artifact id: '532617236a9b4fb394fb3c56128ef4e2') in 0.007185 seconds
Number of updated asset objects reloaded before import = 0
Number of asset objects unloaded after import = 6
========================================================================
Received Import Request.
  Time since last request: 0.000017 seconds.
  path: Assets/CatBorg Studio/3D Dungeon Lowpoly Pack/Prefabs/03_Blacksmith_01_Hammer#1.prefab
  artifactKey: Guid(b14c26b3ab0a0a54a98340c8d9fb1fff) Importer(815301076,1909f56bfc062723c751e8b465ee728b)
Start importing Assets/CatBorg Studio/3D Dungeon Lowpoly Pack/Prefabs/03_Blacksmith_01_Hammer#1.prefab using Guid(b14c26b3ab0a0a54a98340c8d9fb1fff) Importer(815301076,1909f56bfc062723c751e8b465ee728b)  -> (artifact id: '691af6c551e783d518ea68429e44c5d0') in 0.005887 seconds
Number of updated asset objects reloaded before import = 0
Number of asset objects unloaded after import = 6
========================================================================
Received Import Request.
  Time since last request: 0.000017 seconds.
  path: Assets/CatBorg Studio/3D Dungeon Lowpoly Pack/Prefabs/96_Traps_Trap_Cannon.prefab
  artifactKey: Guid(ba998d105a9565c448068e6ed8407858) Importer(815301076,1909f56bfc062723c751e8b465ee728b)
Start importing Assets/CatBorg Studio/3D Dungeon Lowpoly Pack/Prefabs/96_Traps_Trap_Cannon.prefab using Guid(ba998d105a9565c448068e6ed8407858) Importer(815301076,1909f56bfc062723c751e8b465ee728b)  -> (artifact id: '6fa5d7ce60e9568466d33b23c4e842a5') in 0.007567 seconds
Number of updated asset objects reloaded before import = 0
Number of asset objects unloaded after import = 6
========================================================================
Received Import Request.
  Time since last request: 0.000016 seconds.
  path: Assets/CatBorg Studio/3D Dungeon Lowpoly Pack/Prefabs/96_Traps_Trap_Spiner.prefab
  artifactKey: Guid(d2fc77b57485eaa4ea46234f0fc0a6b3) Importer(815301076,1909f56bfc062723c751e8b465ee728b)
Start importing Assets/CatBorg Studio/3D Dungeon Lowpoly Pack/Prefabs/96_Traps_Trap_Spiner.prefab using Guid(d2fc77b57485eaa4ea46234f0fc0a6b3) Importer(815301076,1909f56bfc062723c751e8b465ee728b)  -> (artifact id: 'c80f1210b32b546e0390c66625b491e1') in 0.006408 seconds
Number of updated asset objects reloaded before import = 0
Number of asset objects unloaded after import = 6
========================================================================
Received Import Request.
  Time since last request: 0.000017 seconds.
  path: Assets/CatBorg Studio/3D Dungeon Lowpoly Pack/Prefabs/97_Othert_Barrel_Whole.prefab
  artifactKey: Guid(3ddfb275a6af7b54aa0decd735ed4b47) Importer(815301076,1909f56bfc062723c751e8b465ee728b)
Start importing Assets/CatBorg Studio/3D Dungeon Lowpoly Pack/Prefabs/97_Othert_Barrel_Whole.prefab using Guid(3ddfb275a6af7b54aa0decd735ed4b47) Importer(815301076,1909f56bfc062723c751e8b465ee728b)  -> (artifact id: '29380fdcc76dacadcde0746b9a188038') in 0.012768 seconds
Number of updated asset objects reloaded before import = 0
Number of asset objects unloaded after import = 6
========================================================================
Received Import Request.
  Time since last request: 0.000036 seconds.
  path: Assets/CatBorg Studio/3D Dungeon Lowpoly Pack/Prefabs/04_Bedroom_01_Matrace_ForBeed_2.prefab
  artifactKey: Guid(fa8c17aa3090c2a4e993067b09233bb2) Importer(815301076,1909f56bfc062723c751e8b465ee728b)
Start importing Assets/CatBorg Studio/3D Dungeon Lowpoly Pack/Prefabs/04_Bedroom_01_Matrace_ForBeed_2.prefab using Guid(fa8c17aa3090c2a4e993067b09233bb2) Importer(815301076,1909f56bfc062723c751e8b465ee728b)  -> (artifact id: 'd3f637b9284f0967de44c297a5205f11') in 0.011263 seconds
Number of updated asset objects reloaded before import = 0
Number of asset objects unloaded after import = 6
========================================================================
Received Import Request.
  Time since last request: 0.000022 seconds.
  path: Assets/CatBorg Studio/3D Dungeon Lowpoly Pack/Prefabs/01_DiningHall_01_WoodenChear#2.prefab
  artifactKey: Guid(ebc4a50eb5c187947817efb7f3d72924) Importer(815301076,1909f56bfc062723c751e8b465ee728b)
Start importing Assets/CatBorg Studio/3D Dungeon Lowpoly Pack/Prefabs/01_DiningHall_01_WoodenChear#2.prefab using Guid(ebc4a50eb5c187947817efb7f3d72924) Importer(815301076,1909f56bfc062723c751e8b465ee728b)  -> (artifact id: '882fc18b20870b90881123c721f77e5e') in 0.005282 seconds
Number of updated asset objects reloaded before import = 0
Number of asset objects unloaded after import = 6
========================================================================
Received Import Request.
  Time since last request: 0.000019 seconds.
  path: Assets/CatBorg Studio/3D Dungeon Lowpoly Pack/Prefabs/02_Kitchen_01_Chopper.prefab
  artifactKey: Guid(5c3b2f97e5ae4a542b61db3ba11403ff) Importer(815301076,1909f56bfc062723c751e8b465ee728b)
Start importing Assets/CatBorg Studio/3D Dungeon Lowpoly Pack/Prefabs/02_Kitchen_01_Chopper.prefab using Guid(5c3b2f97e5ae4a542b61db3ba11403ff) Importer(815301076,1909f56bfc062723c751e8b465ee728b)  -> (artifact id: '5359d8da2aacf0714fbc0f7693bddacd') in 0.010951 seconds
Number of updated asset objects reloaded before import = 0
Number of asset objects unloaded after import = 6
========================================================================
Received Import Request.
  Time since last request: 0.000033 seconds.
  path: Assets/CatBorg Studio/3D Dungeon Lowpoly Pack/Prefabs/02_Kitchen_01_WoodenTable#2.prefab
  artifactKey: Guid(337841c711a168941bad28c82c132574) Importer(815301076,1909f56bfc062723c751e8b465ee728b)
Start importing Assets/CatBorg Studio/3D Dungeon Lowpoly Pack/Prefabs/02_Kitchen_01_WoodenTable#2.prefab using Guid(337841c711a168941bad28c82c132574) Importer(815301076,1909f56bfc062723c751e8b465ee728b)  -> (artifact id: '74b6aa2895836113d9f0e58590777ecd') in 0.010725 seconds
Number of updated asset objects reloaded before import = 0
Number of asset objects unloaded after import = 6
========================================================================
Received Import Request.
  Time since last request: 0.000023 seconds.
  path: Assets/CatBorg Studio/3D Dungeon Lowpoly Pack/Prefabs/01_DiningHall_01_Candels#1.prefab
  artifactKey: Guid(842a752523ece6c4996c2c95378a4536) Importer(815301076,1909f56bfc062723c751e8b465ee728b)
Start importing Assets/CatBorg Studio/3D Dungeon Lowpoly Pack/Prefabs/01_DiningHall_01_Candels#1.prefab using Guid(842a752523ece6c4996c2c95378a4536) Importer(815301076,1909f56bfc062723c751e8b465ee728b)  -> (artifact id: '534a1d482c4bc6bf4ac946067143510c') in 0.012420 seconds
Number of updated asset objects reloaded before import = 0
Number of asset objects unloaded after import = 6
========================================================================
Received Import Request.
  Time since last request: 0.000024 seconds.
  path: Assets/CatBorg Studio/3D Dungeon Lowpoly Pack/Prefabs/96_Traps_Trap_RamTower.prefab
  artifactKey: Guid(eef7a51b8a7ba6a4bad2bd1f471c7590) Importer(815301076,1909f56bfc062723c751e8b465ee728b)
Start importing Assets/CatBorg Studio/3D Dungeon Lowpoly Pack/Prefabs/96_Traps_Trap_RamTower.prefab using Guid(eef7a51b8a7ba6a4bad2bd1f471c7590) Importer(815301076,1909f56bfc062723c751e8b465ee728b)  -> (artifact id: 'f67ec98cbade1a70b8327f0d7214bc27') in 0.016318 seconds
Number of updated asset objects reloaded before import = 0
Number of asset objects unloaded after import = 6
========================================================================
Received Import Request.
  Time since last request: 0.000025 seconds.
  path: Assets/CatBorg Studio/3D Dungeon Lowpoly Pack/Prefabs/04_Bedroom_01_Beed_4.prefab
  artifactKey: Guid(3663fe85de2b3634e8ec440c8b8c3dca) Importer(815301076,1909f56bfc062723c751e8b465ee728b)
Start importing Assets/CatBorg Studio/3D Dungeon Lowpoly Pack/Prefabs/04_Bedroom_01_Beed_4.prefab using Guid(3663fe85de2b3634e8ec440c8b8c3dca) Importer(815301076,1909f56bfc062723c751e8b465ee728b)  -> (artifact id: '137c1de0da2a3f3186ed24fbc103f75e') in 0.011106 seconds
Number of updated asset objects reloaded before import = 0
Number of asset objects unloaded after import = 6
========================================================================
Received Import Request.
  Time since last request: 0.000155 seconds.
  path: Assets/CatBorg Studio/3D Dungeon Lowpoly Pack/Prefabs/03_Blacksmith_01_IronBar.prefab
  artifactKey: Guid(793d90f1b3ced354d80bd73df4e73c1e) Importer(815301076,1909f56bfc062723c751e8b465ee728b)
Start importing Assets/CatBorg Studio/3D Dungeon Lowpoly Pack/Prefabs/03_Blacksmith_01_IronBar.prefab using Guid(793d90f1b3ced354d80bd73df4e73c1e) Importer(815301076,1909f56bfc062723c751e8b465ee728b)  -> (artifact id: '047358320f88626e586aa34c9cfe2d78') in 0.009795 seconds
Number of updated asset objects reloaded before import = 0
Number of asset objects unloaded after import = 6
========================================================================
Received Import Request.
  Time since last request: 0.000021 seconds.
  path: Assets/CatBorg Studio/3D Dungeon Lowpoly Pack/Prefabs/05_Vault_01_Chest_Bottom#1.prefab
  artifactKey: Guid(ceddce4fa21192b4894d7164957a9fa9) Importer(815301076,1909f56bfc062723c751e8b465ee728b)
Start importing Assets/CatBorg Studio/3D Dungeon Lowpoly Pack/Prefabs/05_Vault_01_Chest_Bottom#1.prefab using Guid(ceddce4fa21192b4894d7164957a9fa9) Importer(815301076,1909f56bfc062723c751e8b465ee728b)  -> (artifact id: 'b2ebe3bc2cd19962aa866df106e0e992') in 0.002377 seconds
Number of updated asset objects reloaded before import = 0
Number of asset objects unloaded after import = 6
========================================================================
Received Import Request.
  Time since last request: 0.000042 seconds.
  path: Assets/CatBorg Studio/3D Dungeon Lowpoly Pack/Prefabs/03_Blacksmith_01_Blower.prefab
  artifactKey: Guid(a39dd3b8bbc8afd46aba5478c68d400c) Importer(815301076,1909f56bfc062723c751e8b465ee728b)
Start importing Assets/CatBorg Studio/3D Dungeon Lowpoly Pack/Prefabs/03_Blacksmith_01_Blower.prefab using Guid(a39dd3b8bbc8afd46aba5478c68d400c) Importer(815301076,1909f56bfc062723c751e8b465ee728b)  -> (artifact id: '8da7a8e8429c83c60c670df7b64df954') in 0.011274 seconds
Number of updated asset objects reloaded before import = 0
Number of asset objects unloaded after import = 6
========================================================================
Received Import Request.
  Time since last request: 0.000020 seconds.
  path: Assets/CatBorg Studio/3D Dungeon Lowpoly Pack/Prefabs/97_Othert_Key_Green.prefab
  artifactKey: Guid(733aae2c5a2bf744080b9e23ba391d21) Importer(815301076,1909f56bfc062723c751e8b465ee728b)
Start importing Assets/CatBorg Studio/3D Dungeon Lowpoly Pack/Prefabs/97_Othert_Key_Green.prefab using Guid(733aae2c5a2bf744080b9e23ba391d21) Importer(815301076,1909f56bfc062723c751e8b465ee728b)  -> (artifact id: 'ffcba076bce3193f44da9f2e86876df9') in 0.011936 seconds
Number of updated asset objects reloaded before import = 0
Number of asset objects unloaded after import = 6
========================================================================
Received Import Request.
  Time since last request: 0.000027 seconds.
  path: Assets/CatBorg Studio/3D Dungeon Lowpoly Pack/Prefabs/01_Library_01_BigBook#1.prefab
  artifactKey: Guid(0e192ae82376e1f40a809e236fd8f192) Importer(815301076,1909f56bfc062723c751e8b465ee728b)
Start importing Assets/CatBorg Studio/3D Dungeon Lowpoly Pack/Prefabs/01_Library_01_BigBook#1.prefab using Guid(0e192ae82376e1f40a809e236fd8f192) Importer(815301076,1909f56bfc062723c751e8b465ee728b)  -> (artifact id: '29b3244f7c7a04a5722eb2e4f0df0f28') in 0.010355 seconds
Number of updated asset objects reloaded before import = 0
Number of asset objects unloaded after import = 6
========================================================================
Received Import Request.
  Time since last request: 0.000028 seconds.
  path: Assets/CatBorg Studio/3D Dungeon Lowpoly Pack/Prefabs/01_Library_01_BookShelve_1.prefab
  artifactKey: Guid(34883640f89bba84885fe5885c21fa37) Importer(815301076,1909f56bfc062723c751e8b465ee728b)
Start importing Assets/CatBorg Studio/3D Dungeon Lowpoly Pack/Prefabs/01_Library_01_BookShelve_1.prefab using Guid(34883640f89bba84885fe5885c21fa37) Importer(815301076,1909f56bfc062723c751e8b465ee728b)  -> (artifact id: '9c76a6adbe532149d99aa749c80c7dbb') in 0.004315 seconds
Number of updated asset objects reloaded before import = 0
Number of asset objects unloaded after import = 6
========================================================================
Received Import Request.
  Time since last request: 0.000031 seconds.
  path: Assets/CatBorg Studio/3D Dungeon Lowpoly Pack/Prefabs/05_Vault_01_Emerald#1.prefab
  artifactKey: Guid(dd3172e1949ca1b4197adf1c5b340212) Importer(815301076,1909f56bfc062723c751e8b465ee728b)
Start importing Assets/CatBorg Studio/3D Dungeon Lowpoly Pack/Prefabs/05_Vault_01_Emerald#1.prefab using Guid(dd3172e1949ca1b4197adf1c5b340212) Importer(815301076,1909f56bfc062723c751e8b465ee728b)  -> (artifact id: 'b9b51add5f8fc2eb15844dd5e3beb879') in 0.009685 seconds
Number of updated asset objects reloaded before import = 0
Number of asset objects unloaded after import = 6
========================================================================
Received Import Request.
  Time since last request: 0.000049 seconds.
  path: Assets/CatBorg Studio/3D Dungeon Lowpoly Pack/Prefabs/05_Vault_01_Rubin#1.prefab
  artifactKey: Guid(b2d7c00e4dc018c498db89622b61d510) Importer(815301076,1909f56bfc062723c751e8b465ee728b)
Start importing Assets/CatBorg Studio/3D Dungeon Lowpoly Pack/Prefabs/05_Vault_01_Rubin#1.prefab using Guid(b2d7c00e4dc018c498db89622b61d510) Importer(815301076,1909f56bfc062723c751e8b465ee728b)  -> (artifact id: 'e83df03196e53b674c35a0846a74709a') in 0.011094 seconds
Number of updated asset objects reloaded before import = 0
Number of asset objects unloaded after import = 6
========================================================================
Received Import Request.
  Time since last request: 0.000089 seconds.
  path: Assets/CatBorg Studio/3D Dungeon Lowpoly Pack/Prefabs/01_Library_01_InkWell#1.prefab
  artifactKey: Guid(2f570eda51c25004f9aa924d657af75c) Importer(815301076,1909f56bfc062723c751e8b465ee728b)
Start importing Assets/CatBorg Studio/3D Dungeon Lowpoly Pack/Prefabs/01_Library_01_InkWell#1.prefab using Guid(2f570eda51c25004f9aa924d657af75c) Importer(815301076,1909f56bfc062723c751e8b465ee728b)  -> (artifact id: '0880142aaf3acd50cc2c4ee52fe422b4') in 0.012595 seconds
Number of updated asset objects reloaded before import = 0
Number of asset objects unloaded after import = 6
========================================================================
Received Import Request.
  Time since last request: 2.536069 seconds.
  path: Assets/CatBorg Studio/3D Dungeon Lowpoly Pack/Prefabs/97_Othert_Key_Green_2.prefab
  artifactKey: Guid(06e0f718c84ed394a909af3edcfc9693) Importer(815301076,1909f56bfc062723c751e8b465ee728b)
Start importing Assets/CatBorg Studio/3D Dungeon Lowpoly Pack/Prefabs/97_Othert_Key_Green_2.prefab using Guid(06e0f718c84ed394a909af3edcfc9693) Importer(815301076,1909f56bfc062723c751e8b465ee728b)  -> (artifact id: 'c43eb0ef852dc83dc38057341285f1ea') in 0.006463 seconds
Number of updated asset objects reloaded before import = 0
Number of asset objects unloaded after import = 6
========================================================================
Received Import Request.
  Time since last request: 0.000017 seconds.
  path: Assets/CatBorg Studio/3D Dungeon Lowpoly Pack/Prefabs/97_Othert_Key_Yellow.prefab
  artifactKey: Guid(8e6bcd71fb429ed4cab90a908277c517) Importer(815301076,1909f56bfc062723c751e8b465ee728b)
Start importing Assets/CatBorg Studio/3D Dungeon Lowpoly Pack/Prefabs/97_Othert_Key_Yellow.prefab using Guid(8e6bcd71fb429ed4cab90a908277c517) Importer(815301076,1909f56bfc062723c751e8b465ee728b)  -> (artifact id: '784736c208b955a34a1fe9a0989c0ba0') in 0.007447 seconds
Number of updated asset objects reloaded before import = 0
Number of asset objects unloaded after import = 6
========================================================================
Received Import Request.
  Time since last request: 0.000017 seconds.
  path: Assets/CatBorg Studio/3D Dungeon Lowpoly Pack/Prefabs/97_Othert_PracticeTarget.prefab
  artifactKey: Guid(31d2c60b47169154b9e7a30684368870) Importer(815301076,1909f56bfc062723c751e8b465ee728b)
Start importing Assets/CatBorg Studio/3D Dungeon Lowpoly Pack/Prefabs/97_Othert_PracticeTarget.prefab using Guid(31d2c60b47169154b9e7a30684368870) Importer(815301076,1909f56bfc062723c751e8b465ee728b)  -> (artifact id: '49a93623fdff29387f8a525c1ddd9b66') in 0.008034 seconds
Number of updated asset objects reloaded before import = 0
Number of asset objects unloaded after import = 6
========================================================================
Received Import Request.
  Time since last request: 0.000021 seconds.
  path: Assets/CatBorg Studio/3D Dungeon Lowpoly Pack/Prefabs/99_Decorations_WallBanner_0.prefab
  artifactKey: Guid(176d5285766cfaa42bf3540a6c941dfc) Importer(815301076,1909f56bfc062723c751e8b465ee728b)
Start importing Assets/CatBorg Studio/3D Dungeon Lowpoly Pack/Prefabs/99_Decorations_WallBanner_0.prefab using Guid(176d5285766cfaa42bf3540a6c941dfc) Importer(815301076,1909f56bfc062723c751e8b465ee728b)  -> (artifact id: 'a45de026d4f82090a452ec71e4c3040d') in 0.006836 seconds
Number of updated asset objects reloaded before import = 0
Number of asset objects unloaded after import = 6
========================================================================
Received Import Request.
  Time since last request: 0.000019 seconds.
  path: Assets/CatBorg Studio/3D Dungeon Lowpoly Pack/Prefabs/99_Decorations_WallBanner_2.prefab
  artifactKey: Guid(cb547a51801b3884080047d91a3876fb) Importer(815301076,1909f56bfc062723c751e8b465ee728b)
Start importing Assets/CatBorg Studio/3D Dungeon Lowpoly Pack/Prefabs/99_Decorations_WallBanner_2.prefab using Guid(cb547a51801b3884080047d91a3876fb) Importer(815301076,1909f56bfc062723c751e8b465ee728b)  -> (artifact id: 'befade1b4a613be4319c860ae00a6e76') in 0.012170 seconds
Number of updated asset objects reloaded before import = 0
Number of asset objects unloaded after import = 6
========================================================================
Received Import Request.
  Time since last request: 0.000023 seconds.
  path: Assets/CatBorg Studio/3D Dungeon Lowpoly Pack/Prefabs/99_Decorations_WallBanner_3.prefab
  artifactKey: Guid(7c1dbcbcfea187d42a727e490753b135) Importer(815301076,1909f56bfc062723c751e8b465ee728b)
Start importing Assets/CatBorg Studio/3D Dungeon Lowpoly Pack/Prefabs/99_Decorations_WallBanner_3.prefab using Guid(7c1dbcbcfea187d42a727e490753b135) Importer(815301076,1909f56bfc062723c751e8b465ee728b)  -> (artifact id: 'ca0b0420f8e523192aa0c10d3c13ad83') in 0.011065 seconds
Number of updated asset objects reloaded before import = 0
Number of asset objects unloaded after import = 6
========================================================================
Received Import Request.
  Time since last request: 0.000037 seconds.
  path: Assets/CatBorg Studio/3D Dungeon Lowpoly Pack/Prefabs/97_Othert_Key_Red_2.prefab
  artifactKey: Guid(6c5174dbb0e1b814d9597e681ececb6a) Importer(815301076,1909f56bfc062723c751e8b465ee728b)
Start importing Assets/CatBorg Studio/3D Dungeon Lowpoly Pack/Prefabs/97_Othert_Key_Red_2.prefab using Guid(6c5174dbb0e1b814d9597e681ececb6a) Importer(815301076,1909f56bfc062723c751e8b465ee728b)  -> (artifact id: 'eb0dfceaf674ef104e73a69ecd884c52') in 0.008970 seconds
Number of updated asset objects reloaded before import = 0
Number of asset objects unloaded after import = 6
========================================================================
Received Import Request.
  Time since last request: 0.000044 seconds.
  path: Assets/CatBorg Studio/3D Dungeon Lowpoly Pack/Prefabs/99_Decorations_WallBanner_5.prefab
  artifactKey: Guid(ec2f295bd6d5a874eae824112a4f523a) Importer(815301076,1909f56bfc062723c751e8b465ee728b)
Start importing Assets/CatBorg Studio/3D Dungeon Lowpoly Pack/Prefabs/99_Decorations_WallBanner_5.prefab using Guid(ec2f295bd6d5a874eae824112a4f523a) Importer(815301076,1909f56bfc062723c751e8b465ee728b)  -> (artifact id: '187767eef7606bebc636c2c192e5d99d') in 0.002240 seconds
Number of updated asset objects reloaded before import = 0
Number of asset objects unloaded after import = 6
========================================================================
Received Import Request.
  Time since last request: 0.000022 seconds.
  path: Assets/CatBorg Studio/3D Dungeon Lowpoly Pack/Prefabs/97_Othert_Splash_1.prefab
  artifactKey: Guid(d34bde90053bf2a4d843e3c500a0fb4e) Importer(815301076,1909f56bfc062723c751e8b465ee728b)
Start importing Assets/CatBorg Studio/3D Dungeon Lowpoly Pack/Prefabs/97_Othert_Splash_1.prefab using Guid(d34bde90053bf2a4d843e3c500a0fb4e) Importer(815301076,1909f56bfc062723c751e8b465ee728b)  -> (artifact id: '6617a43cd2963b79371211a4d906f6f9') in 0.012618 seconds
Number of updated asset objects reloaded before import = 0
Number of asset objects unloaded after import = 6
========================================================================
Received Import Request.
  Time since last request: 24.970278 seconds.
  path: Assets/polyperfect
  artifactKey: Guid(3dd0d71f2f77e2144837d601048ed3ee) Importer(815301076,1909f56bfc062723c751e8b465ee728b)
Start importing Assets/polyperfect using Guid(3dd0d71f2f77e2144837d601048ed3ee) Importer(815301076,1909f56bfc062723c751e8b465ee728b)  -> (artifact id: 'f790c1e6f3fab37a6030f6652f5090ca') in 0.000950 seconds
Number of updated asset objects reloaded before import = 0
Number of asset objects unloaded after import = 0
========================================================================
Received Import Request.
  Time since last request: 0.787282 seconds.
  path: Assets/polyperfect/Poly Halloween
  artifactKey: Guid(debb3a229d34c3b4590a8bb07b83b428) Importer(815301076,1909f56bfc062723c751e8b465ee728b)
Start importing Assets/polyperfect/Poly Halloween using Guid(debb3a229d34c3b4590a8bb07b83b428) Importer(815301076,1909f56bfc062723c751e8b465ee728b)  -> (artifact id: 'c6280f1ffedf3adf3bedd5deda31d9d4') in 0.001070 seconds
Number of updated asset objects reloaded before import = 0
Number of asset objects unloaded after import = 0
========================================================================
Received Import Request.
  Time since last request: 0.986896 seconds.
  path: Assets/polyperfect/Poly Halloween/- Meshes
  artifactKey: Guid(f0f034bc9e2402442b0433f98c6f89ce) Importer(815301076,1909f56bfc062723c751e8b465ee728b)
Start importing Assets/polyperfect/Poly Halloween/- Meshes using Guid(f0f034bc9e2402442b0433f98c6f89ce) Importer(815301076,1909f56bfc062723c751e8b465ee728b)  -> (artifact id: '52cb593e341cefe66eb8a0d35d997fe8') in 0.001752 seconds
Number of updated asset objects reloaded before import = 0
Number of asset objects unloaded after import = 0
========================================================================
Received Import Request.
  Time since last request: 1.343962 seconds.
  path: Assets/polyperfect/Poly Halloween/- Meshes/Halloween
  artifactKey: Guid(3b71b0206af917a48940d591fa06e2b8) Importer(815301076,1909f56bfc062723c751e8b465ee728b)
Start importing Assets/polyperfect/Poly Halloween/- Meshes/Halloween using Guid(3b71b0206af917a48940d591fa06e2b8) Importer(815301076,1909f56bfc062723c751e8b465ee728b)  -> (artifact id: 'b2274ef49515e0fd6f05688b3c45d0e0') in 0.000917 seconds
Number of updated asset objects reloaded before import = 0
Number of asset objects unloaded after import = 0
========================================================================
Received Import Request.
  Time since last request: 0.066736 seconds.
  path: Assets/polyperfect/Poly Halloween/- Meshes/Halloween/lantern-street-fixed-halloween.fbx
  artifactKey: Guid(8e204af8681eb324b9231b09940ee91b) Importer(815301076,1909f56bfc062723c751e8b465ee728b)
Start importing Assets/polyperfect/Poly Halloween/- Meshes/Halloween/lantern-street-fixed-halloween.fbx using Guid(8e204af8681eb324b9231b09940ee91b) Importer(815301076,1909f56bfc062723c751e8b465ee728b)  -> (artifact id: '78f95a739306c8a873cdf8459580f993') in 0.005035 seconds
Number of updated asset objects reloaded before import = 0
Number of asset objects unloaded after import = 6
========================================================================
Received Import Request.
  Time since last request: 1.884349 seconds.
  path: Assets/Pure Poly
  artifactKey: Guid(603f34fea6a39de49b9240457a534a74) Importer(815301076,1909f56bfc062723c751e8b465ee728b)
Start importing Assets/Pure Poly using Guid(603f34fea6a39de49b9240457a534a74) Importer(815301076,1909f56bfc062723c751e8b465ee728b)  -> (artifact id: '3391871f24f40b10341409ab9df4e665') in 0.000675 seconds
Number of updated asset objects reloaded before import = 0
Number of asset objects unloaded after import = 0
========================================================================
Received Import Request.
  Time since last request: 1.300503 seconds.
  path: Assets/Pure Poly/Free Low Poly Nature Pack
  artifactKey: Guid(6cffa42804d125b4fbdbe8959bd88f25) Importer(815301076,1909f56bfc062723c751e8b465ee728b)
Start importing Assets/Pure Poly/Free Low Poly Nature Pack using Guid(6cffa42804d125b4fbdbe8959bd88f25) Importer(815301076,1909f56bfc062723c751e8b465ee728b)  -> (artifact id: '98fbb89be9f21835f106a0b484a7cdad') in 0.001405 seconds
Number of updated asset objects reloaded before import = 0
Number of asset objects unloaded after import = 0
========================================================================
Received Import Request.
  Time since last request: 1.113477 seconds.
  path: Assets/Pure Poly/Free Low Poly Nature Pack/Prefabs
  artifactKey: Guid(faef50ddd9ee38148a664d8701f7ea52) Importer(815301076,1909f56bfc062723c751e8b465ee728b)
Start importing Assets/Pure Poly/Free Low Poly Nature Pack/Prefabs using Guid(faef50ddd9ee38148a664d8701f7ea52) Importer(815301076,1909f56bfc062723c751e8b465ee728b)  -> (artifact id: '8744020251183f3cf0608cc0658b73cc') in 0.001866 seconds
Number of updated asset objects reloaded before import = 0
Number of asset objects unloaded after import = 0
========================================================================
Received Import Request.
  Time since last request: 0.042061 seconds.
  path: Assets/Pure Poly/Free Low Poly Nature Pack/Prefabs/PP_Mushroom_Fantasy_Purple_05.prefab
  artifactKey: Guid(d354c41a99993964baca0254487708d1) Importer(815301076,1909f56bfc062723c751e8b465ee728b)
Start importing Assets/Pure Poly/Free Low Poly Nature Pack/Prefabs/PP_Mushroom_Fantasy_Purple_05.prefab using Guid(d354c41a99993964baca0254487708d1) Importer(815301076,1909f56bfc062723c751e8b465ee728b)  -> (artifact id: 'e2f5997381829c4d7e492f7171b99594') in 0.005172 seconds
Number of updated asset objects reloaded before import = 0
Number of asset objects unloaded after import = 7
========================================================================
Received Import Request.
  Time since last request: 8.081048 seconds.
  path: Assets/Samples
  artifactKey: Guid(91e5cfc226a37df4a9064ea3bdae7ab2) Importer(815301076,1909f56bfc062723c751e8b465ee728b)
Start importing Assets/Samples using Guid(91e5cfc226a37df4a9064ea3bdae7ab2) Importer(815301076,1909f56bfc062723c751e8b465ee728b)  -> (artifact id: 'df147db886a39fafa681bfba43b33fcc') in 0.000975 seconds
Number of updated asset objects reloaded before import = 0
Number of asset objects unloaded after import = 0
========================================================================
Received Import Request.
  Time since last request: 1.281205 seconds.
  path: Assets/Samples/XR Interaction Toolkit
  artifactKey: Guid(bfb80ccbcfca9d9429179125aa46497b) Importer(815301076,1909f56bfc062723c751e8b465ee728b)
Start importing Assets/Samples/XR Interaction Toolkit using Guid(bfb80ccbcfca9d9429179125aa46497b) Importer(815301076,1909f56bfc062723c751e8b465ee728b)  -> (artifact id: '639de6365804274e009962e1c65a8e72') in 0.001549 seconds
Number of updated asset objects reloaded before import = 0
Number of asset objects unloaded after import = 0
========================================================================
Received Import Request.
  Time since last request: 2.464142 seconds.
  path: Assets/Whaleride/Hand Painted Tree A (2021 Collection)
  artifactKey: Guid(b8ce7afe29bfd88458f1f86cf808afdf) Importer(815301076,1909f56bfc062723c751e8b465ee728b)
Start importing Assets/Whaleride/Hand Painted Tree A (2021 Collection) using Guid(b8ce7afe29bfd88458f1f86cf808afdf) Importer(815301076,1909f56bfc062723c751e8b465ee728b)  -> (artifact id: '0bd06443aed4bd9de2247509f7765aff') in 0.000817 seconds
Number of updated asset objects reloaded before import = 0
Number of asset objects unloaded after import = 0
========================================================================
Received Import Request.
  Time since last request: 2.542999 seconds.
  path: Assets/Texture/Bricks075B_1K-JPG_NormalDX.jpg
  artifactKey: Guid(d7b9d1bc347ea794e8590566e8e59cab) Importer(815301076,1909f56bfc062723c751e8b465ee728b)
Start importing Assets/Texture/Bricks075B_1K-JPG_NormalDX.jpg using Guid(d7b9d1bc347ea794e8590566e8e59cab) Importer(815301076,1909f56bfc062723c751e8b465ee728b)  -> (artifact id: '1f5e595ec2903518b3d12bd1ba40f3fb') in 0.014311 seconds
Number of updated asset objects reloaded before import = 0
Number of asset objects unloaded after import = 1
========================================================================
Received Import Request.
  Time since last request: 2.323109 seconds.
  path: Assets/TextMesh Pro
  artifactKey: Guid(f54d1bd14bd3ca042bd867b519fee8cc) Importer(815301076,1909f56bfc062723c751e8b465ee728b)
Start importing Assets/TextMesh Pro using Guid(f54d1bd14bd3ca042bd867b519fee8cc) Importer(815301076,1909f56bfc062723c751e8b465ee728b)  -> (artifact id: '539788fea73926d38e17274c55d5d4cc') in 0.001102 seconds
Number of updated asset objects reloaded before import = 0
Number of asset objects unloaded after import = 0
========================================================================
Received Import Request.
  Time since last request: 2.921091 seconds.
  path: Assets/Terrain
  artifactKey: Guid(89d3452ea0d4b584d8e5a4804f01bf25) Importer(815301076,1909f56bfc062723c751e8b465ee728b)
Start importing Assets/Terrain using Guid(89d3452ea0d4b584d8e5a4804f01bf25) Importer(815301076,1909f56bfc062723c751e8b465ee728b)  -> (artifact id: '230ec4fc2980543f8f9e92d1ce9b26e6') in 0.001584 seconds
Number of updated asset objects reloaded before import = 0
Number of asset objects unloaded after import = 0
========================================================================
Received Import Request.
  Time since last request: 1.995179 seconds.
  path: Assets/SkythianCat
  artifactKey: Guid(b396bedd23135e0458b70708ad08713e) Importer(815301076,1909f56bfc062723c751e8b465ee728b)
Start importing Assets/SkythianCat using Guid(b396bedd23135e0458b70708ad08713e) Importer(815301076,1909f56bfc062723c751e8b465ee728b)  -> (artifact id: '1d6017c8551fbf20495d7df66dcb709c') in 0.000777 seconds
Number of updated asset objects reloaded before import = 0
Number of asset objects unloaded after import = 0
========================================================================
Received Import Request.
  Time since last request: 2.497613 seconds.
  path: Assets/Settings
  artifactKey: Guid(709f11a7f3c4041caa4ef136ea32d874) Importer(815301076,1909f56bfc062723c751e8b465ee728b)
Start importing Assets/Settings using Guid(709f11a7f3c4041caa4ef136ea32d874) Importer(815301076,1909f56bfc062723c751e8b465ee728b)  -> (artifact id: '1590fa22b40341c212b8176897fa41ce') in 0.000727 seconds
Number of updated asset objects reloaded before import = 0
Number of asset objects unloaded after import = 0
========================================================================
Received Import Request.
  Time since last request: 0.047702 seconds.
  path: Assets/Settings/SampleSceneProfile.asset
  artifactKey: Guid(a6560a915ef98420e9faacc1c7438823) Importer(815301076,1909f56bfc062723c751e8b465ee728b)
Start importing Assets/Settings/SampleSceneProfile.asset using Guid(a6560a915ef98420e9faacc1c7438823) Importer(815301076,1909f56bfc062723c751e8b465ee728b)  -> (artifact id: '65e9c5412aaaafc0c7650f17b94f8540') in 0.195938 seconds
Number of updated asset objects reloaded before import = 0
Number of asset objects unloaded after import = 4
========================================================================
Received Import Request.
  Time since last request: 2.322171 seconds.
  path: Assets/Scripts
  artifactKey: Guid(497d85d742092c947a6ed5f36f2ed0d8) Importer(815301076,1909f56bfc062723c751e8b465ee728b)
Start importing Assets/Scripts using Guid(497d85d742092c947a6ed5f36f2ed0d8) Importer(815301076,1909f56bfc062723c751e8b465ee728b)  -> (artifact id: 'b7dd135c761f6c62b809effa633eed3d') in 0.000996 seconds
Number of updated asset objects reloaded before import = 0
Number of asset objects unloaded after import = 0
========================================================================
Received Import Request.
  Time since last request: 3.802063 seconds.
  path: Assets/Scenes/CatBorg Studio
  artifactKey: Guid(2e050fe3a9f7eb644a1c94d370ecdcd6) Importer(815301076,1909f56bfc062723c751e8b465ee728b)
Start importing Assets/Scenes/CatBorg Studio using Guid(2e050fe3a9f7eb644a1c94d370ecdcd6) Importer(815301076,1909f56bfc062723c751e8b465ee728b)  -> (artifact id: '35c89d8747f4d8979161a17595d504b8') in 0.001566 seconds
Number of updated asset objects reloaded before import = 0
Number of asset objects unloaded after import = 0
========================================================================
Received Import Request.
  Time since last request: 0.675914 seconds.
  path: Assets/Scenes/CatBorg Studio/3D Dungeon Lowpoly Pack
  artifactKey: Guid(414f4ab9d3f860d439e22b3fed2b1e9c) Importer(815301076,1909f56bfc062723c751e8b465ee728b)
Start importing Assets/Scenes/CatBorg Studio/3D Dungeon Lowpoly Pack using Guid(414f4ab9d3f860d439e22b3fed2b1e9c) Importer(815301076,1909f56bfc062723c751e8b465ee728b)  -> (artifact id: 'efe76d4cc10513dd1c2f07cbc76f88df') in 0.000861 seconds
Number of updated asset objects reloaded before import = 0
Number of asset objects unloaded after import = 0
========================================================================
Received Import Request.
  Time since last request: 0.579479 seconds.
  path: Assets/Scenes/CatBorg Studio/3D Dungeon Lowpoly Pack/Prefabs
  artifactKey: Guid(36add6c43362ec849906fc56b3024460) Importer(815301076,1909f56bfc062723c751e8b465ee728b)
Start importing Assets/Scenes/CatBorg Studio/3D Dungeon Lowpoly Pack/Prefabs using Guid(36add6c43362ec849906fc56b3024460) Importer(815301076,1909f56bfc062723c751e8b465ee728b)  -> (artifact id: 'b548970763873f4bbdcd9f3bedf588fd') in 0.001785 seconds
Number of updated asset objects reloaded before import = 0
Number of asset objects unloaded after import = 0
========================================================================
Received Import Request.
  Time since last request: 0.059730 seconds.
  path: Assets/Scenes/CatBorg Studio/3D Dungeon Lowpoly Pack/Prefabs/99_Enviroment_Doors.prefab
  artifactKey: Guid(a88728279c9ff77439e3768970fce445) Importer(815301076,1909f56bfc062723c751e8b465ee728b)
Start importing Assets/Scenes/CatBorg Studio/3D Dungeon Lowpoly Pack/Prefabs/99_Enviroment_Doors.prefab using Guid(a88728279c9ff77439e3768970fce445) Importer(815301076,1909f56bfc062723c751e8b465ee728b)  -> (artifact id: 'd9b07e4310b4440bcbbfaeda3c9d5f1c') in 0.004041 seconds
Number of updated asset objects reloaded before import = 0
Number of asset objects unloaded after import = 18
========================================================================
Received Import Request.
  Time since last request: 140.208928 seconds.
  path: Assets/Terrain/Terrain_0_0_006b0b71-a5ea-4fd6-9d72-f56661c4159b.asset
  artifactKey: Guid(6f6c28da006ccd14aa0b2db7b00f6559) Importer(815301076,1909f56bfc062723c751e8b465ee728b)
Start importing Assets/Terrain/Terrain_0_0_006b0b71-a5ea-4fd6-9d72-f56661c4159b.asset using Guid(6f6c28da006ccd14aa0b2db7b00f6559) Importer(815301076,1909f56bfc062723c751e8b465ee728b) The tree Plant002_V1 must use the Nature/Soft Occlusion shader. Otherwise billboarding/lighting will not work correctly.
The tree Plant008 must use the Nature/Soft Occlusion shader. Otherwise billboarding/lighting will not work correctly.
The tree Plant009 must use the Nature/Soft Occlusion shader. Otherwise billboarding/lighting will not work correctly.
The tree Plant005 must use the Nature/Soft Occlusion shader. Otherwise billboarding/lighting will not work correctly.
The tree Tree001_V1 must use the Nature/Soft Occlusion shader. Otherwise billboarding/lighting will not work correctly.
The tree Tree005_V1 must use the Nature/Soft Occlusion shader. Otherwise billboarding/lighting will not work correctly.
The tree Tree003_V1 must use the Nature/Soft Occlusion shader. Otherwise billboarding/lighting will not work correctly.
The tree Tree004_V1 must use the Nature/Soft Occlusion shader. Otherwise billboarding/lighting will not work correctly.
The tree Mushroom005 must use the Nature/Soft Occlusion shader. Otherwise billboarding/lighting will not work correctly.
The tree Plant001 must use the Nature/Soft Occlusion shader. Otherwise billboarding/lighting will not work correctly.
The tree Mushroom001 must use the Nature/Soft Occlusion shader. Otherwise billboarding/lighting will not work correctly.
 -> (artifact id: 'c224a0fd64229283605d15d5431a162c') in 0.354203 seconds
Number of updated asset objects reloaded before import = 0
Number of asset objects unloaded after import = 108
========================================================================
Received Import Request.
  Time since last request: 22.278161 seconds.
  path: Assets/Prefabs/Dali/LowPolyMedievalPropsLite
  artifactKey: Guid(bc3afd9116b5e18458288269d31cb2ed) Importer(815301076,1909f56bfc062723c751e8b465ee728b)
Start importing Assets/Prefabs/Dali/LowPolyMedievalPropsLite using Guid(bc3afd9116b5e18458288269d31cb2ed) Importer(815301076,1909f56bfc062723c751e8b465ee728b)  -> (artifact id: '73846933699d6d72433cae46aa58c246') in 0.000726 seconds
Number of updated asset objects reloaded before import = 0
Number of asset objects unloaded after import = 0
========================================================================
Received Import Request.
  Time since last request: 0.415733 seconds.
  path: Assets/Prefabs/Dali/LowPolyDungeonsLite
  artifactKey: Guid(f4fc87aaff9ef904dbf5500418e74ca3) Importer(815301076,1909f56bfc062723c751e8b465ee728b)
Start importing Assets/Prefabs/Dali/LowPolyDungeonsLite using Guid(f4fc87aaff9ef904dbf5500418e74ca3) Importer(815301076,1909f56bfc062723c751e8b465ee728b)  -> (artifact id: 'a4e9468020f250e74bb7a984a10e9b9b') in 0.001957 seconds
Number of updated asset objects reloaded before import = 0
Number of asset objects unloaded after import = 0
========================================================================
Received Import Request.
  Time since last request: 0.791424 seconds.
  path: Assets/Prefabs/Dali/LowPolyDungeonsLite/Prefabs
  artifactKey: Guid(8c17e167bb00b8141a0a9a6185b9b51f) Importer(815301076,1909f56bfc062723c751e8b465ee728b)
Start importing Assets/Prefabs/Dali/LowPolyDungeonsLite/Prefabs using Guid(8c17e167bb00b8141a0a9a6185b9b51f) Importer(815301076,1909f56bfc062723c751e8b465ee728b)  -> (artifact id: '841e5c54a0bdc395741bf6b1ba9e8836') in 0.001310 seconds
Number of updated asset objects reloaded before import = 0
Number of asset objects unloaded after import = 0
========================================================================
Received Import Request.
  Time since last request: 0.067167 seconds.
  path: Assets/Prefabs/Dali/LowPolyDungeonsLite/Prefabs/Chair_05.prefab
  artifactKey: Guid(3c94a574020d3de429d0c295b3a83db4) Importer(815301076,1909f56bfc062723c751e8b465ee728b)
Start importing Assets/Prefabs/Dali/LowPolyDungeonsLite/Prefabs/Chair_05.prefab using Guid(3c94a574020d3de429d0c295b3a83db4) Importer(815301076,1909f56bfc062723c751e8b465ee728b)  -> (artifact id: '31e12a1a0c7a4dc007f028852290f2b3') in 0.003283 seconds
Number of updated asset objects reloaded before import = 0
Number of asset objects unloaded after import = 7
========================================================================
Received Import Request.
  Time since last request: 4.516040 seconds.
  path: Assets/Prefabs/Dali/Medieval Models Pack
  artifactKey: Guid(26f323fbdb8fef54bb6dd689df9d7e97) Importer(815301076,1909f56bfc062723c751e8b465ee728b)
Start importing Assets/Prefabs/Dali/Medieval Models Pack using Guid(26f323fbdb8fef54bb6dd689df9d7e97) Importer(815301076,1909f56bfc062723c751e8b465ee728b)  -> (artifact id: 'ea79eea7a31e36f12d64abdd1b344918') in 0.001384 seconds
Number of updated asset objects reloaded before import = 0
Number of asset objects unloaded after import = 0
========================================================================
Received Import Request.
  Time since last request: 1.342951 seconds.
  path: Assets/Prefabs/Dali/LowPolyMedievalPropsLite/Prefabs
  artifactKey: Guid(9b3ebb09b031e874db1a54933384f7ec) Importer(815301076,1909f56bfc062723c751e8b465ee728b)
Start importing Assets/Prefabs/Dali/LowPolyMedievalPropsLite/Prefabs using Guid(9b3ebb09b031e874db1a54933384f7ec) Importer(815301076,1909f56bfc062723c751e8b465ee728b)  -> (artifact id: '7c6f0267da53d62d9f021e6eb2da5181') in 0.002057 seconds
Number of updated asset objects reloaded before import = 0
Number of asset objects unloaded after import = 0
========================================================================
Received Import Request.
  Time since last request: 0.062468 seconds.
  path: Assets/Prefabs/Dali/LowPolyMedievalPropsLite/Prefabs/Candle_01.prefab
  artifactKey: Guid(74f1aa9e584aa4842aecf049e25f5339) Importer(815301076,1909f56bfc062723c751e8b465ee728b)
Start importing Assets/Prefabs/Dali/LowPolyMedievalPropsLite/Prefabs/Candle_01.prefab using Guid(74f1aa9e584aa4842aecf049e25f5339) Importer(815301076,1909f56bfc062723c751e8b465ee728b)  -> (artifact id: '00867538b2f5538cf13e090b22a35983') in 0.004353 seconds
Number of updated asset objects reloaded before import = 0
Number of asset objects unloaded after import = 7
========================================================================
Received Import Request.
  Time since last request: 0.000037 seconds.
  path: Assets/Prefabs/Dali/LowPolyMedievalPropsLite/Prefabs/Fire_01.prefab
  artifactKey: Guid(2415eee8dc9a7af4bbd6563b6502cea1) Importer(815301076,1909f56bfc062723c751e8b465ee728b)
Start importing Assets/Prefabs/Dali/LowPolyMedievalPropsLite/Prefabs/Fire_01.prefab using Guid(2415eee8dc9a7af4bbd6563b6502cea1) Importer(815301076,1909f56bfc062723c751e8b465ee728b)  -> (artifact id: 'd37ca81c0876e5b2669fc528cacf2f4f') in 0.014419 seconds
Number of updated asset objects reloaded before import = 0
Number of asset objects unloaded after import = 15
========================================================================
Received Import Request.
  Time since last request: 0.000031 seconds.
  path: Assets/Prefabs/Dali/LowPolyMedievalPropsLite/Prefabs/Coin_03.prefab
  artifactKey: Guid(e80de320c38970749a65395e05ea34e4) Importer(815301076,1909f56bfc062723c751e8b465ee728b)
Start importing Assets/Prefabs/Dali/LowPolyMedievalPropsLite/Prefabs/Coin_03.prefab using Guid(e80de320c38970749a65395e05ea34e4) Importer(815301076,1909f56bfc062723c751e8b465ee728b)  -> (artifact id: '30e2a639c6ec6de0cfb1014708db1cca') in 0.002939 seconds
Number of updated asset objects reloaded before import = 0
Number of asset objects unloaded after import = 7
========================================================================
Received Import Request.
  Time since last request: 0.000022 seconds.
  path: Assets/Prefabs/Dali/LowPolyMedievalPropsLite/Prefabs/Plate_02.prefab
  artifactKey: Guid(c12c2872ef9d9e94fb404dc0c9784fcb) Importer(815301076,1909f56bfc062723c751e8b465ee728b)
Start importing Assets/Prefabs/Dali/LowPolyMedievalPropsLite/Prefabs/Plate_02.prefab using Guid(c12c2872ef9d9e94fb404dc0c9784fcb) Importer(815301076,1909f56bfc062723c751e8b465ee728b)  -> (artifact id: '9e69284136ba69216424973d5c7950d2') in 0.004768 seconds
Number of updated asset objects reloaded before import = 0
Number of asset objects unloaded after import = 7
Editor requested this worker to shutdown with reason: Scaling down because of idle timeout
TcpMessagingSession - receive error: operation aborted. errorcode: 995, details: Lopration dentre/sortie a t abandonne en raison de larrt dun thread ou  la demande dune application.
AssetImportWorker is now disconnected from the server
Process exiting
Exiting without the bug reporter. Application will terminate with return code 0