Using pre-set license
Built from '2022.3/release' branch; Version is '2022.3.0f1 (fb119bb0b476) revision 16454043'; Using compiler version '192829333'; Build Type 'Release'
OS: 'Windows 10  (10.0.19045) 64bit Professional' Language: 'en' Physical Memory: 16288 MB
BatchMode: 1, IsHumanControllingUs: 0, StartBugReporterOnCrash: 0, Is64bit: 1, IsPro: 1

COMMAND LINE ARGUMENTS:
C:\Program Files\Unity\Hub\Editor\2022.3.0f1\Editor\Unity.exe
-adb2
-batchMode
-noUpm
-name
AssetImportWorker6
-projectPath
C:/Users/Dominick/Documents/GitHub/TP2-Jeux-Video-3/TP3-Jeux-Video-3
-logFile
Logs/AssetImportWorker6.log
-srvPort
54995
Successfully changed project path to: C:/Users/Dominick/Documents/GitHub/TP2-Jeux-Video-3/TP3-Jeux-Video-3
C:/Users/Dominick/Documents/GitHub/TP2-Jeux-Video-3/TP3-Jeux-Video-3
[UnityMemory] Configuration Parameters - Can be set up in boot.config
    "memorysetup-bucket-allocator-granularity=16"
    "memorysetup-bucket-allocator-bucket-count=8"
    "memorysetup-bucket-allocator-block-size=33554432"
    "memorysetup-bucket-allocator-block-count=8"
    "memorysetup-main-allocator-block-size=16777216"
    "memorysetup-thread-allocator-block-size=16777216"
    "memorysetup-gfx-main-allocator-block-size=16777216"
    "memorysetup-gfx-thread-allocator-block-size=16777216"
    "memorysetup-cache-allocator-block-size=4194304"
    "memorysetup-typetree-allocator-block-size=2097152"
    "memorysetup-profiler-bucket-allocator-granularity=16"
    "memorysetup-profiler-bucket-allocator-bucket-count=8"
    "memorysetup-profiler-bucket-allocator-block-size=33554432"
    "memorysetup-profiler-bucket-allocator-block-count=8"
    "memorysetup-profiler-allocator-block-size=16777216"
    "memorysetup-profiler-editor-allocator-block-size=1048576"
    "memorysetup-temp-allocator-size-main=16777216"
    "memorysetup-job-temp-allocator-block-size=2097152"
    "memorysetup-job-temp-allocator-block-size-background=1048576"
    "memorysetup-job-temp-allocator-reduction-small-platforms=262144"
    "memorysetup-allocator-temp-initial-block-size-main=262144"
    "memorysetup-allocator-temp-initial-block-size-worker=262144"
    "memorysetup-temp-allocator-size-background-worker=32768"
    "memorysetup-temp-allocator-size-job-worker=262144"
    "memorysetup-temp-allocator-size-preload-manager=33554432"
    "memorysetup-temp-allocator-size-nav-mesh-worker=65536"
    "memorysetup-temp-allocator-size-audio-worker=65536"
    "memorysetup-temp-allocator-size-cloud-worker=32768"
    "memorysetup-temp-allocator-size-gi-baking-worker=262144"
    "memorysetup-temp-allocator-size-gfx=262144"
Player connection [18012] Host "[IP] 10.0.0.232 [Port] 0 [Flags] 2 [Guid] 68425142 [EditorId] 68425142 [Version] 1048832 [Id] WindowsEditor(7,DESKTOP-IIF4OGO) [Debug] 1 [PackageName] WindowsEditor [ProjectName] Editor" joined multi-casting on [225.0.0.222:54997]...

Player connection [18012] Host "[IP] 10.0.0.232 [Port] 0 [Flags] 2 [Guid] 68425142 [EditorId] 68425142 [Version] 1048832 [Id] WindowsEditor(7,DESKTOP-IIF4OGO) [Debug] 1 [PackageName] WindowsEditor [ProjectName] Editor" joined alternative multi-casting on [225.0.0.222:34997]...

Refreshing native plugins compatible for Editor in 35.17 ms, found 9 plugins.
Preloading 0 native plugins for Editor in 0.00 ms.
Initialize engine version: 2022.3.0f1 (fb119bb0b476)
[Subsystems] Discovering subsystems at path C:/Program Files/Unity/Hub/Editor/2022.3.0f1/Editor/Data/Resources/UnitySubsystems
[Subsystems] Discovering subsystems at path C:/Users/Dominick/Documents/GitHub/TP2-Jeux-Video-3/TP3-Jeux-Video-3/Assets
GfxDevice: creating device client; threaded=0; jobified=0
Direct3D:
    Version:  Direct3D 11.0 [level 11.1]
    Renderer: AMD Radeon RX 6600 (ID=0x73ff)
    Vendor:   ATI
    VRAM:     8147 MB
    Driver:   31.0.22011.4008
Initialize mono
Mono path[0] = 'C:/Program Files/Unity/Hub/Editor/2022.3.0f1/Editor/Data/Managed'
Mono path[1] = 'C:/Program Files/Unity/Hub/Editor/2022.3.0f1/Editor/Data/MonoBleedingEdge/lib/mono/unityjit-win32'
Mono config path = 'C:/Program Files/Unity/Hub/Editor/2022.3.0f1/Editor/Data/MonoBleedingEdge/etc'
Using monoOptions --debugger-agent=transport=dt_socket,embedding=1,server=y,suspend=n,address=127.0.0.1:56888
Begin MonoManager ReloadAssembly
Registering precompiled unity dll's ...
Register platform support module: C:/Program Files/Unity/Hub/Editor/2022.3.0f1/Editor/Data/PlaybackEngines/WindowsStandaloneSupport/UnityEditor.WindowsStandalone.Extensions.dll
Registered in 0.009220 seconds.
- Loaded All Assemblies, in  0.254 seconds
Native extension for WindowsStandalone target not found
Mono: successfully reloaded assembly
- Finished resetting the current domain, in  0.192 seconds
Domain Reload Profiling: 444ms
	BeginReloadAssembly (70ms)
		ExecutionOrderSort (0ms)
		DisableScriptedObjects (0ms)
		BackupInstance (0ms)
		ReleaseScriptingObjects (0ms)
		CreateAndSetChildDomain (1ms)
	RebuildCommonClasses (25ms)
	RebuildNativeTypeToScriptingClass (8ms)
	initialDomainReloadingComplete (51ms)
	LoadAllAssembliesAndSetupDomain (98ms)
		LoadAssemblies (68ms)
		RebuildTransferFunctionScriptingTraits (0ms)
		AnalyzeDomain (92ms)
			TypeCache.Refresh (91ms)
				TypeCache.ScanAssembly (83ms)
			ScanForSourceGeneratedMonoScriptInfo (0ms)
			ResolveRequiredComponents (0ms)
	FinalizeReload (192ms)
		ReleaseScriptCaches (0ms)
		RebuildScriptCaches (0ms)
		SetupLoadedEditorAssemblies (150ms)
			LogAssemblyErrors (0ms)
			InitializePlatformSupportModulesInManaged (8ms)
			SetLoadedEditorAssemblies (5ms)
			RefreshPlugins (0ms)
			BeforeProcessingInitializeOnLoad (2ms)
			ProcessInitializeOnLoadAttributes (101ms)
			ProcessInitializeOnLoadMethodAttributes (34ms)
			AfterProcessingInitializeOnLoad (0ms)
			EditorAssembliesLoaded (0ms)
		ExecutionOrderSort2 (0ms)
		AwakeInstancesAfterBackupRestoration (0ms)
========================================================================
Worker process is ready to serve import requests
Begin MonoManager ReloadAssembly
Symbol file LoadedFromMemory doesn't match image C:\Users\Dominick\Documents\GitHub\TP2-Jeux-Video-3\TP3-Jeux-Video-3\Library\PackageCache\com.unity.visualscripting@1.8.0\Editor\VisualScripting.Core\Dependencies\YamlDotNet\Unity.VisualScripting.YamlDotNet.dll
Symbol file LoadedFromMemory doesn't match image C:\Users\Dominick\Documents\GitHub\TP2-Jeux-Video-3\TP3-Jeux-Video-3\Library\PackageCache\com.unity.visualscripting@1.8.0\Editor\VisualScripting.Core\Dependencies\DotNetZip\Unity.VisualScripting.IonicZip.dll
- Loaded All Assemblies, in  0.622 seconds
Refreshing native plugins compatible for Editor in 10.91 ms, found 9 plugins.
Native extension for WindowsStandalone target not found
Package Manager log level set to [2]
[Package Manager] Server::EnsureServerProcessIsRunning -- launch failed, reason: Unity was launched with the -noUpm command-line argument
[Package Manager] UpmClient::Send -- Unable to send message (not connected to UPM process).
[Package Manager] Cannot connect to Unity Package Manager local server
Mono: successfully reloaded assembly
[Package Manager] Server::EnsureServerProcessIsRunning -- launch failed, reason: Unity was launched with the -noUpm command-line argument
[Package Manager] UpmClient::Send -- Unable to send message (not connected to UPM process).
[Package Manager] Cannot connect to Unity Package Manager local server
[Package Manager] Server::EnsureServerProcessIsRunning -- launch failed, reason: Unity was launched with the -noUpm command-line argument
[Package Manager] UpmClient::Send -- Unable to send message (not connected to UPM process).
[Package Manager] Cannot connect to Unity Package Manager local server
- Finished resetting the current domain, in  0.577 seconds
Domain Reload Profiling: 1193ms
	BeginReloadAssembly (99ms)
		ExecutionOrderSort (0ms)
		DisableScriptedObjects (4ms)
		BackupInstance (0ms)
		ReleaseScriptingObjects (0ms)
		CreateAndSetChildDomain (17ms)
	RebuildCommonClasses (25ms)
	RebuildNativeTypeToScriptingClass (8ms)
	initialDomainReloadingComplete (37ms)
	LoadAllAssembliesAndSetupDomain (448ms)
		LoadAssemblies (252ms)
		RebuildTransferFunctionScriptingTraits (0ms)
		AnalyzeDomain (238ms)
			TypeCache.Refresh (209ms)
				TypeCache.ScanAssembly (198ms)
			ScanForSourceGeneratedMonoScriptInfo (21ms)
			ResolveRequiredComponents (8ms)
	FinalizeReload (577ms)
		ReleaseScriptCaches (0ms)
		RebuildScriptCaches (0ms)
		SetupLoadedEditorAssemblies (457ms)
			LogAssemblyErrors (0ms)
			InitializePlatformSupportModulesInManaged (6ms)
			SetLoadedEditorAssemblies (2ms)
			RefreshPlugins (0ms)
			BeforeProcessingInitializeOnLoad (76ms)
			ProcessInitializeOnLoadAttributes (295ms)
			ProcessInitializeOnLoadMethodAttributes (69ms)
			AfterProcessingInitializeOnLoad (9ms)
			EditorAssembliesLoaded (0ms)
		ExecutionOrderSort2 (0ms)
		AwakeInstancesAfterBackupRestoration (5ms)
Launched and connected shader compiler UnityShaderCompiler.exe after 0.04 seconds
Refreshing native plugins compatible for Editor in 14.71 ms, found 9 plugins.
Preloading 0 native plugins for Editor in 0.00 ms.
Unloading 6500 Unused Serialized files (Serialized files now loaded: 0)
Unloading 126 unused Assets / (1.7 MB). Loaded Objects now: 6975.
Memory consumption went from 255.0 MB to 253.3 MB.
Total: 3.560100 ms (FindLiveObjects: 0.380300 ms CreateObjectMapping: 0.149200 ms MarkObjects: 2.638800 ms  DeleteObjects: 0.391100 ms)

AssetImportParameters requested are different than current active one (requested -> active):
  custom:container-demuxer-ogg: 62fdf1f143b41e24485cea50d1cbac27 -> 
  custom:framework-win-MediaFoundation: 216162199b28c13a410421893ffa2e32 -> 
  custom:container-muxer-webm: aa71ff27fc2769a1b78a27578f13a17b -> 
  custom:video-decoder-webm-vp8: 9c59270c3fd7afecdb556c50c9e8de78 -> 
  custom:AudioImporter_EditorPlatform: d09bf68614088b80899f8185d706f6e7 -> 
  custom:audio-decoder-ogg-vorbis: bf7c407c2cedff20999df2af8eb42d56 -> 
  custom:audio-encoder-webm-vorbis: bf7c407c2cedff20999df2af8eb42d56 -> 
  custom:video-decoder-ogg-theora: a1e56fd34408186e4bbccfd4996cb3dc -> 
  custom:container-demuxer-webm: 4f35f7cbe854078d1ac9338744f61a02 -> 
  custom:video-encoder-webm-vp8: eb34c28f22e8b96e1ab97ce403110664 -> 
========================================================================
Received Import Request.
  Time since last request: 25508.294604 seconds.
  path: Assets/CatBorg Studio/3D Dungeon Lowpoly Pack/Prefabs/01_DiningHall_01_Bowl#1 2.prefab
  artifactKey: Guid(435843b048c34f64b89fed52f96c1be7) Importer(815301076,1909f56bfc062723c751e8b465ee728b)
Start importing Assets/CatBorg Studio/3D Dungeon Lowpoly Pack/Prefabs/01_DiningHall_01_Bowl#1 2.prefab using Guid(435843b048c34f64b89fed52f96c1be7) Importer(815301076,1909f56bfc062723c751e8b465ee728b)  -> (artifact id: '92c065abe5e2c3fae9bb62aa207dc418') in 0.014098 seconds
Number of updated asset objects reloaded before import = 0
Number of asset objects unloaded after import = 6
========================================================================
Received Import Request.
  Time since last request: 0.000019 seconds.
  path: Assets/CatBorg Studio/3D Dungeon Lowpoly Pack/Prefabs/01_DiningHall_01_Cup#2 2.prefab
  artifactKey: Guid(2b373032a86d3be4490ab9b883c9530d) Importer(815301076,1909f56bfc062723c751e8b465ee728b)
Start importing Assets/CatBorg Studio/3D Dungeon Lowpoly Pack/Prefabs/01_DiningHall_01_Cup#2 2.prefab using Guid(2b373032a86d3be4490ab9b883c9530d) Importer(815301076,1909f56bfc062723c751e8b465ee728b)  -> (artifact id: 'c9a53db56f2bbfa886d8138f4ee50e25') in 0.001324 seconds
Number of updated asset objects reloaded before import = 0
Number of asset objects unloaded after import = 6
========================================================================
Received Import Request.
  Time since last request: 0.000024 seconds.
  path: Assets/CatBorg Studio/3D Dungeon Lowpoly Pack/Prefabs/01_Library_01_BookShelve_1 2.prefab
  artifactKey: Guid(1d2cfbf2a4d49af438494dac443c23aa) Importer(815301076,1909f56bfc062723c751e8b465ee728b)
Start importing Assets/CatBorg Studio/3D Dungeon Lowpoly Pack/Prefabs/01_Library_01_BookShelve_1 2.prefab using Guid(1d2cfbf2a4d49af438494dac443c23aa) Importer(815301076,1909f56bfc062723c751e8b465ee728b)  -> (artifact id: 'b2def9052f38448225a8263e3ce9c5db') in 0.001477 seconds
Number of updated asset objects reloaded before import = 0
Number of asset objects unloaded after import = 6
========================================================================
Received Import Request.
  Time since last request: 0.764192 seconds.
  path: Assets/CatBorg Studio/3D Dungeon Lowpoly Pack/Prefabs/01_DiningHall_01_Bottle#2 (1) 1.prefab
  artifactKey: Guid(d276b1d0a50fdb341b811f1053b89657) Importer(815301076,1909f56bfc062723c751e8b465ee728b)
Start importing Assets/CatBorg Studio/3D Dungeon Lowpoly Pack/Prefabs/01_DiningHall_01_Bottle#2 (1) 1.prefab using Guid(d276b1d0a50fdb341b811f1053b89657) Importer(815301076,1909f56bfc062723c751e8b465ee728b)  -> (artifact id: '0a905374867e0a6a0ffee8d315c00e51') in 0.001216 seconds
Number of updated asset objects reloaded before import = 0
Number of asset objects unloaded after import = 6
========================================================================
Received Import Request.
  Time since last request: 63.792978 seconds.
  path: Assets/CatBorg Studio/3D Dungeon Lowpoly Pack/Prefabs/01_DiningHall_01_WoodenChear#1 4.prefab
  artifactKey: Guid(7a6f8aceea6f59f49960e4011e5cc19a) Importer(815301076,1909f56bfc062723c751e8b465ee728b)
Start importing Assets/CatBorg Studio/3D Dungeon Lowpoly Pack/Prefabs/01_DiningHall_01_WoodenChear#1 4.prefab using Guid(7a6f8aceea6f59f49960e4011e5cc19a) Importer(815301076,1909f56bfc062723c751e8b465ee728b)  -> (artifact id: '2d1aae877380fa720700a384cfd80521') in 0.001519 seconds
Number of updated asset objects reloaded before import = 0
Number of asset objects unloaded after import = 6
========================================================================
Received Import Request.
  Time since last request: 0.001613 seconds.
  path: Assets/CatBorg Studio/3D Dungeon Lowpoly Pack/Prefabs/01_DiningHall_01_WoodenTable#1 (1) 2.prefab
  artifactKey: Guid(40ab22db2b3f90d47b952994e70ce8f8) Importer(815301076,1909f56bfc062723c751e8b465ee728b)
Start importing Assets/CatBorg Studio/3D Dungeon Lowpoly Pack/Prefabs/01_DiningHall_01_WoodenTable#1 (1) 2.prefab using Guid(40ab22db2b3f90d47b952994e70ce8f8) Importer(815301076,1909f56bfc062723c751e8b465ee728b)  -> (artifact id: '52b0535c3b0a2d72153c9489903aafb1') in 0.001601 seconds
Number of updated asset objects reloaded before import = 0
Number of asset objects unloaded after import = 6
========================================================================
Received Import Request.
  Time since last request: 0.000013 seconds.
  path: Assets/CatBorg Studio/3D Dungeon Lowpoly Pack/Prefabs/01_DiningHall_01_WoodenTable#1 (1) 3.prefab
  artifactKey: Guid(db12d5f7de207fb4a9abece030ac32ce) Importer(815301076,1909f56bfc062723c751e8b465ee728b)
Start importing Assets/CatBorg Studio/3D Dungeon Lowpoly Pack/Prefabs/01_DiningHall_01_WoodenTable#1 (1) 3.prefab using Guid(db12d5f7de207fb4a9abece030ac32ce) Importer(815301076,1909f56bfc062723c751e8b465ee728b)  -> (artifact id: 'c5ad6d986ca7f3e1e54b2654c39890ed') in 0.001206 seconds
Number of updated asset objects reloaded before import = 0
Number of asset objects unloaded after import = 6
========================================================================
Received Import Request.
  Time since last request: 20.387166 seconds.
  path: Assets/CatBorg Studio/3D Dungeon Lowpoly Pack/Prefabs/01_Library_01_Candle#1 1.prefab
  artifactKey: Guid(f5c933297f7da5d478cfb39753630d4b) Importer(815301076,1909f56bfc062723c751e8b465ee728b)
Start importing Assets/CatBorg Studio/3D Dungeon Lowpoly Pack/Prefabs/01_Library_01_Candle#1 1.prefab using Guid(f5c933297f7da5d478cfb39753630d4b) Importer(815301076,1909f56bfc062723c751e8b465ee728b)  -> (artifact id: 'd383e064a2c4b27091d0b183eacc3fbf') in 0.001257 seconds
Number of updated asset objects reloaded before import = 0
Number of asset objects unloaded after import = 6
========================================================================
Received Import Request.
  Time since last request: 6.743833 seconds.
  path: Assets/CatBorg Studio/3D Dungeon Lowpoly Pack/Prefabs/01_Library_01_Chear_High#1 1.prefab
  artifactKey: Guid(7c4c4438e44b5b54db2748d221c260cc) Importer(815301076,1909f56bfc062723c751e8b465ee728b)
Start importing Assets/CatBorg Studio/3D Dungeon Lowpoly Pack/Prefabs/01_Library_01_Chear_High#1 1.prefab using Guid(7c4c4438e44b5b54db2748d221c260cc) Importer(815301076,1909f56bfc062723c751e8b465ee728b)  -> (artifact id: '5a844968a42f4512ec9ce7c884accf73') in 0.001532 seconds
Number of updated asset objects reloaded before import = 0
Number of asset objects unloaded after import = 6
========================================================================
Received Import Request.
  Time since last request: 3.127276 seconds.
  path: Assets/CatBorg Studio/3D Dungeon Lowpoly Pack/Prefabs/99_Decorations_SpiderWebb_2 (1) 1.prefab
  artifactKey: Guid(77707b3e87fe29d4c8ed2a209bfdfad8) Importer(815301076,1909f56bfc062723c751e8b465ee728b)
Start importing Assets/CatBorg Studio/3D Dungeon Lowpoly Pack/Prefabs/99_Decorations_SpiderWebb_2 (1) 1.prefab using Guid(77707b3e87fe29d4c8ed2a209bfdfad8) Importer(815301076,1909f56bfc062723c751e8b465ee728b)  -> (artifact id: '652066bf3a129fc93344c23fc21379b4') in 0.001251 seconds
Number of updated asset objects reloaded before import = 0
Number of asset objects unloaded after import = 6
========================================================================
Received Import Request.
  Time since last request: 0.000010 seconds.
  path: Assets/CatBorg Studio/3D Dungeon Lowpoly Pack/Prefabs/99_Decorations_SpiderWebb_2 1 2.prefab
  artifactKey: Guid(88f6c5f171809d6489fdcdfebd7943b9) Importer(815301076,1909f56bfc062723c751e8b465ee728b)
Start importing Assets/CatBorg Studio/3D Dungeon Lowpoly Pack/Prefabs/99_Decorations_SpiderWebb_2 1 2.prefab using Guid(88f6c5f171809d6489fdcdfebd7943b9) Importer(815301076,1909f56bfc062723c751e8b465ee728b)  -> (artifact id: '81014cda2352ffb15c68533147b0ad80') in 0.001151 seconds
Number of updated asset objects reloaded before import = 0
Number of asset objects unloaded after import = 6
========================================================================
Received Import Request.
  Time since last request: 0.000010 seconds.
  path: Assets/CatBorg Studio/3D Dungeon Lowpoly Pack/Prefabs/99_Decorations_WallBanner_1 1.prefab
  artifactKey: Guid(63d3aa0ae54310d41a8eeb1876e31e2a) Importer(815301076,1909f56bfc062723c751e8b465ee728b)
Start importing Assets/CatBorg Studio/3D Dungeon Lowpoly Pack/Prefabs/99_Decorations_WallBanner_1 1.prefab using Guid(63d3aa0ae54310d41a8eeb1876e31e2a) Importer(815301076,1909f56bfc062723c751e8b465ee728b)  -> (artifact id: '1f91c678a9cda3b2392cde1bca1977e4') in 0.001194 seconds
Number of updated asset objects reloaded before import = 0
Number of asset objects unloaded after import = 6
========================================================================
Received Import Request.
  Time since last request: 0.000011 seconds.
  path: Assets/CatBorg Studio/3D Dungeon Lowpoly Pack/Prefabs/99_Decorations_WallBanner_0 1 1.prefab
  artifactKey: Guid(c10cd29bcc9da9d4a8cb52da645e17a5) Importer(815301076,1909f56bfc062723c751e8b465ee728b)
Start importing Assets/CatBorg Studio/3D Dungeon Lowpoly Pack/Prefabs/99_Decorations_WallBanner_0 1 1.prefab using Guid(c10cd29bcc9da9d4a8cb52da645e17a5) Importer(815301076,1909f56bfc062723c751e8b465ee728b)  -> (artifact id: 'd13a615166532127229d8facf926eb96') in 0.001121 seconds
Number of updated asset objects reloaded before import = 0
Number of asset objects unloaded after import = 6
========================================================================
Received Import Request.
  Time since last request: 0.000010 seconds.
  path: Assets/CatBorg Studio/3D Dungeon Lowpoly Pack/Prefabs/99_Decorations_WallBanner_5 1.prefab
  artifactKey: Guid(a9ef53eb660b97f4eae158eb404d142d) Importer(815301076,1909f56bfc062723c751e8b465ee728b)
Start importing Assets/CatBorg Studio/3D Dungeon Lowpoly Pack/Prefabs/99_Decorations_WallBanner_5 1.prefab using Guid(a9ef53eb660b97f4eae158eb404d142d) Importer(815301076,1909f56bfc062723c751e8b465ee728b)  -> (artifact id: 'a946c59610f97c01703385ccc30473ca') in 0.001113 seconds
Number of updated asset objects reloaded before import = 0
Number of asset objects unloaded after import = 6
========================================================================
Received Import Request.
  Time since last request: 0.698981 seconds.
  path: Assets/CatBorg Studio/3D Dungeon Lowpoly Pack/Prefabs/97_Othert_Star 2.prefab
  artifactKey: Guid(ff0052bd8b73afa4a83d23c3cadeac72) Importer(815301076,1909f56bfc062723c751e8b465ee728b)
Start importing Assets/CatBorg Studio/3D Dungeon Lowpoly Pack/Prefabs/97_Othert_Star 2.prefab using Guid(ff0052bd8b73afa4a83d23c3cadeac72) Importer(815301076,1909f56bfc062723c751e8b465ee728b)  -> (artifact id: 'd7c22a2d7c09592ad89b41bcd644b62a') in 0.001244 seconds
Number of updated asset objects reloaded before import = 0
Number of asset objects unloaded after import = 6
========================================================================
Received Import Request.
  Time since last request: 0.000010 seconds.
  path: Assets/CatBorg Studio/3D Dungeon Lowpoly Pack/Prefabs/99_Decorations_SpiderWebb_1 2.prefab
  artifactKey: Guid(9a611a1e6027b3949863446496c00497) Importer(815301076,1909f56bfc062723c751e8b465ee728b)
Start importing Assets/CatBorg Studio/3D Dungeon Lowpoly Pack/Prefabs/99_Decorations_SpiderWebb_1 2.prefab using Guid(9a611a1e6027b3949863446496c00497) Importer(815301076,1909f56bfc062723c751e8b465ee728b)  -> (artifact id: 'ffba4131c510940d284716857e002391') in 0.001180 seconds
Number of updated asset objects reloaded before import = 0
Number of asset objects unloaded after import = 6
========================================================================
Received Import Request.
  Time since last request: 0.013152 seconds.
  path: Assets/CatBorg Studio/3D Dungeon Lowpoly Pack/Prefabs/97_Othert_Key_Yellow_2 1.prefab
  artifactKey: Guid(1f749febaf526634282ed6b82895001b) Importer(815301076,1909f56bfc062723c751e8b465ee728b)
Start importing Assets/CatBorg Studio/3D Dungeon Lowpoly Pack/Prefabs/97_Othert_Key_Yellow_2 1.prefab using Guid(1f749febaf526634282ed6b82895001b) Importer(815301076,1909f56bfc062723c751e8b465ee728b)  -> (artifact id: '90aee323a08392ea80599704c1008ea2') in 0.001413 seconds
Number of updated asset objects reloaded before import = 0
Number of asset objects unloaded after import = 6
========================================================================
Received Import Request.
  Time since last request: 0.000012 seconds.
  path: Assets/CatBorg Studio/3D Dungeon Lowpoly Pack/Prefabs/97_Othert_Splash_1 1.prefab
  artifactKey: Guid(22a861ee133e6f0489418321048ed0f6) Importer(815301076,1909f56bfc062723c751e8b465ee728b)
Start importing Assets/CatBorg Studio/3D Dungeon Lowpoly Pack/Prefabs/97_Othert_Splash_1 1.prefab using Guid(22a861ee133e6f0489418321048ed0f6) Importer(815301076,1909f56bfc062723c751e8b465ee728b)  -> (artifact id: '7207f3a6a911cb08547dd3d9c439ecd5') in 0.001202 seconds
Number of updated asset objects reloaded before import = 0
Number of asset objects unloaded after import = 6
========================================================================
Received Import Request.
  Time since last request: 0.220966 seconds.
  path: Assets/CatBorg Studio/3D Dungeon Lowpoly Pack/Prefabs/97_Othert_Key_Green_2 2.prefab
  artifactKey: Guid(410144e331724164092b47df396a9d8d) Importer(815301076,1909f56bfc062723c751e8b465ee728b)
Start importing Assets/CatBorg Studio/3D Dungeon Lowpoly Pack/Prefabs/97_Othert_Key_Green_2 2.prefab using Guid(410144e331724164092b47df396a9d8d) Importer(815301076,1909f56bfc062723c751e8b465ee728b)  -> (artifact id: 'ef67ea9882547436105b8630464d6447') in 0.001162 seconds
Number of updated asset objects reloaded before import = 0
Number of asset objects unloaded after import = 6
========================================================================
Received Import Request.
  Time since last request: 0.000010 seconds.
  path: Assets/CatBorg Studio/3D Dungeon Lowpoly Pack/Prefabs/97_Othert_Key_Red_2 2.prefab
  artifactKey: Guid(d0de0c441ff60c744a2d0d44f9a80242) Importer(815301076,1909f56bfc062723c751e8b465ee728b)
Start importing Assets/CatBorg Studio/3D Dungeon Lowpoly Pack/Prefabs/97_Othert_Key_Red_2 2.prefab using Guid(d0de0c441ff60c744a2d0d44f9a80242) Importer(815301076,1909f56bfc062723c751e8b465ee728b)  -> (artifact id: '6a4482182771533f526332a5a7a26559') in 0.001359 seconds
Number of updated asset objects reloaded before import = 0
Number of asset objects unloaded after import = 6
========================================================================
Received Import Request.
  Time since last request: 0.012443 seconds.
  path: Assets/CatBorg Studio/3D Dungeon Lowpoly Pack/Prefabs/97_Othert_Barrel_MK2 2.prefab
  artifactKey: Guid(a938a42931758e940bc8a91f032915ed) Importer(815301076,1909f56bfc062723c751e8b465ee728b)
Start importing Assets/CatBorg Studio/3D Dungeon Lowpoly Pack/Prefabs/97_Othert_Barrel_MK2 2.prefab using Guid(a938a42931758e940bc8a91f032915ed) Importer(815301076,1909f56bfc062723c751e8b465ee728b)  -> (artifact id: 'e240b08a7c2f1ffdc5be34fa40ec73b4') in 0.003079 seconds
Number of updated asset objects reloaded before import = 0
Number of asset objects unloaded after import = 98
========================================================================
Received Import Request.
  Time since last request: 0.000014 seconds.
  path: Assets/CatBorg Studio/3D Dungeon Lowpoly Pack/Prefabs/97_Othert_Key_Green 2.prefab
  artifactKey: Guid(ac8724e1f58d96f40bafc8eb70bc8c47) Importer(815301076,1909f56bfc062723c751e8b465ee728b)
Start importing Assets/CatBorg Studio/3D Dungeon Lowpoly Pack/Prefabs/97_Othert_Key_Green 2.prefab using Guid(ac8724e1f58d96f40bafc8eb70bc8c47) Importer(815301076,1909f56bfc062723c751e8b465ee728b)  -> (artifact id: '3307e30bdedead4fa3bf7efc739d5e3e') in 0.001187 seconds
Number of updated asset objects reloaded before import = 0
Number of asset objects unloaded after import = 6
========================================================================
Received Import Request.
  Time since last request: 0.000011 seconds.
  path: Assets/CatBorg Studio/3D Dungeon Lowpoly Pack/Prefabs/96_Traps_Trap_Spiner 1.prefab
  artifactKey: Guid(ab9614868047f8a4da475ae43f794e45) Importer(815301076,1909f56bfc062723c751e8b465ee728b)
Start importing Assets/CatBorg Studio/3D Dungeon Lowpoly Pack/Prefabs/96_Traps_Trap_Spiner 1.prefab using Guid(ab9614868047f8a4da475ae43f794e45) Importer(815301076,1909f56bfc062723c751e8b465ee728b)  -> (artifact id: '35af77691097d70e73c7454b14a819b9') in 0.001124 seconds
Number of updated asset objects reloaded before import = 0
Number of asset objects unloaded after import = 6
========================================================================
Received Import Request.
  Time since last request: 0.000011 seconds.
  path: Assets/CatBorg Studio/3D Dungeon Lowpoly Pack/Prefabs/97_Othert_Amphora_Destroyable 1.prefab
  artifactKey: Guid(48f5c7d5082348540a0c733b116d2283) Importer(815301076,1909f56bfc062723c751e8b465ee728b)
Start importing Assets/CatBorg Studio/3D Dungeon Lowpoly Pack/Prefabs/97_Othert_Amphora_Destroyable 1.prefab using Guid(48f5c7d5082348540a0c733b116d2283) Importer(815301076,1909f56bfc062723c751e8b465ee728b)  -> (artifact id: '4047f607698683dc4dd3420e54f0d035') in 0.002385 seconds
Number of updated asset objects reloaded before import = 0
Number of asset objects unloaded after import = 43
========================================================================
Received Import Request.
  Time since last request: 0.000010 seconds.
  path: Assets/CatBorg Studio/3D Dungeon Lowpoly Pack/Prefabs/97_Othert_Amphora_Destroyable 2.prefab
  artifactKey: Guid(b5c292fa44594a646bfb115fc0bfc4bb) Importer(815301076,1909f56bfc062723c751e8b465ee728b)
Start importing Assets/CatBorg Studio/3D Dungeon Lowpoly Pack/Prefabs/97_Othert_Amphora_Destroyable 2.prefab using Guid(b5c292fa44594a646bfb115fc0bfc4bb) Importer(815301076,1909f56bfc062723c751e8b465ee728b)  -> (artifact id: 'eae54790117bac201e04305b7779fbfa') in 0.001961 seconds
Number of updated asset objects reloaded before import = 0
Number of asset objects unloaded after import = 43
========================================================================
Received Import Request.
  Time since last request: 0.000011 seconds.
  path: Assets/CatBorg Studio/3D Dungeon Lowpoly Pack/Prefabs/96_Traps_Trap_RamTower 1.prefab
  artifactKey: Guid(22da84a870388a1488cc9e763274e760) Importer(815301076,1909f56bfc062723c751e8b465ee728b)
Start importing Assets/CatBorg Studio/3D Dungeon Lowpoly Pack/Prefabs/96_Traps_Trap_RamTower 1.prefab using Guid(22da84a870388a1488cc9e763274e760) Importer(815301076,1909f56bfc062723c751e8b465ee728b)  -> (artifact id: '7d2bd6f980f84981da4ac23b03174701') in 0.001363 seconds
Number of updated asset objects reloaded before import = 0
Number of asset objects unloaded after import = 6
========================================================================
Received Import Request.
  Time since last request: 0.178195 seconds.
  path: Assets/CatBorg Studio/3D Dungeon Lowpoly Pack/Prefabs/05_Vault_01_Chest_Top#1 2.prefab
  artifactKey: Guid(fdac887a984788e4bbf1a9a259cc9aa4) Importer(815301076,1909f56bfc062723c751e8b465ee728b)
Start importing Assets/CatBorg Studio/3D Dungeon Lowpoly Pack/Prefabs/05_Vault_01_Chest_Top#1 2.prefab using Guid(fdac887a984788e4bbf1a9a259cc9aa4) Importer(815301076,1909f56bfc062723c751e8b465ee728b)  -> (artifact id: '672cd4e953df737c8d5ed78225bfeab9') in 0.001486 seconds
Number of updated asset objects reloaded before import = 0
Number of asset objects unloaded after import = 6
========================================================================
Received Import Request.
  Time since last request: 0.000011 seconds.
  path: Assets/CatBorg Studio/3D Dungeon Lowpoly Pack/Prefabs/05_Vault_01_Emerald#1 1.prefab
  artifactKey: Guid(40d7dc19a56c1b84ea66a092d4df18da) Importer(815301076,1909f56bfc062723c751e8b465ee728b)
Start importing Assets/CatBorg Studio/3D Dungeon Lowpoly Pack/Prefabs/05_Vault_01_Emerald#1 1.prefab using Guid(40d7dc19a56c1b84ea66a092d4df18da) Importer(815301076,1909f56bfc062723c751e8b465ee728b)  -> (artifact id: 'b235cd23b491dfab7869946e71b02105') in 0.001290 seconds
Number of updated asset objects reloaded before import = 0
Number of asset objects unloaded after import = 6
========================================================================
Received Import Request.
  Time since last request: 0.015728 seconds.
  path: Assets/CatBorg Studio/3D Dungeon Lowpoly Pack/Prefabs/04_Bedroom_01_Matrace_ForBeed_1 1 1.prefab
  artifactKey: Guid(86cc76471c54f7147aff43d5a679ca36) Importer(815301076,1909f56bfc062723c751e8b465ee728b)
Start importing Assets/CatBorg Studio/3D Dungeon Lowpoly Pack/Prefabs/04_Bedroom_01_Matrace_ForBeed_1 1 1.prefab using Guid(86cc76471c54f7147aff43d5a679ca36) Importer(815301076,1909f56bfc062723c751e8b465ee728b)  -> (artifact id: 'c9e48eed7bdd223cdb0b49374bd71a40') in 0.001321 seconds
Number of updated asset objects reloaded before import = 0
Number of asset objects unloaded after import = 6
========================================================================
Received Import Request.
  Time since last request: 0.000011 seconds.
  path: Assets/CatBorg Studio/3D Dungeon Lowpoly Pack/Prefabs/05_Vault_01_Chest_Bottom#1 1.prefab
  artifactKey: Guid(c3f04065a3dbe3c4bb80d37874e73ce6) Importer(815301076,1909f56bfc062723c751e8b465ee728b)
Start importing Assets/CatBorg Studio/3D Dungeon Lowpoly Pack/Prefabs/05_Vault_01_Chest_Bottom#1 1.prefab using Guid(c3f04065a3dbe3c4bb80d37874e73ce6) Importer(815301076,1909f56bfc062723c751e8b465ee728b)  -> (artifact id: '71d875c98c321496a56f94be77cfcc1c') in 0.001157 seconds
Number of updated asset objects reloaded before import = 0
Number of asset objects unloaded after import = 6
========================================================================
Received Import Request.
  Time since last request: 0.011596 seconds.
  path: Assets/CatBorg Studio/3D Dungeon Lowpoly Pack/Prefabs/04_Bedroom_01_Beed_2 2.prefab
  artifactKey: Guid(59479f79cb815c6459b8eb9a892255f8) Importer(815301076,1909f56bfc062723c751e8b465ee728b)
Start importing Assets/CatBorg Studio/3D Dungeon Lowpoly Pack/Prefabs/04_Bedroom_01_Beed_2 2.prefab using Guid(59479f79cb815c6459b8eb9a892255f8) Importer(815301076,1909f56bfc062723c751e8b465ee728b)  -> (artifact id: 'c59bad0dbf30122eb9f1698920d30832') in 0.001201 seconds
Number of updated asset objects reloaded before import = 0
Number of asset objects unloaded after import = 6
========================================================================
Received Import Request.
  Time since last request: 0.000010 seconds.
  path: Assets/CatBorg Studio/3D Dungeon Lowpoly Pack/Prefabs/04_Bedroom_01_Beed_4 1.prefab
  artifactKey: Guid(89e5f946efa10f84b984a2b031d3fb4d) Importer(815301076,1909f56bfc062723c751e8b465ee728b)
Start importing Assets/CatBorg Studio/3D Dungeon Lowpoly Pack/Prefabs/04_Bedroom_01_Beed_4 1.prefab using Guid(89e5f946efa10f84b984a2b031d3fb4d) Importer(815301076,1909f56bfc062723c751e8b465ee728b)  -> (artifact id: '6fe9e2c490df9d8e5f3d3a6e5ce278f1') in 0.001252 seconds
Number of updated asset objects reloaded before import = 0
Number of asset objects unloaded after import = 6
========================================================================
Received Import Request.
  Time since last request: 0.000010 seconds.
  path: Assets/CatBorg Studio/3D Dungeon Lowpoly Pack/Prefabs/04_Bedroom_01_Matrace_ForBeed_1 (1).prefab
  artifactKey: Guid(2b9c166f659c8204ea1309cb66aacbac) Importer(815301076,1909f56bfc062723c751e8b465ee728b)
Start importing Assets/CatBorg Studio/3D Dungeon Lowpoly Pack/Prefabs/04_Bedroom_01_Matrace_ForBeed_1 (1).prefab using Guid(2b9c166f659c8204ea1309cb66aacbac) Importer(815301076,1909f56bfc062723c751e8b465ee728b)  -> (artifact id: '2a21c611739727b2854c945cbf24e7f3') in 0.001163 seconds
Number of updated asset objects reloaded before import = 0
Number of asset objects unloaded after import = 6
========================================================================
Received Import Request.
  Time since last request: 0.172667 seconds.
  path: Assets/CatBorg Studio/3D Dungeon Lowpoly Pack/Prefabs/03_Blacksmith_01_WoodenRack 2.prefab
  artifactKey: Guid(d0b0f0a0745bb1743b073e25bfcaa014) Importer(815301076,1909f56bfc062723c751e8b465ee728b)
Start importing Assets/CatBorg Studio/3D Dungeon Lowpoly Pack/Prefabs/03_Blacksmith_01_WoodenRack 2.prefab using Guid(d0b0f0a0745bb1743b073e25bfcaa014) Importer(815301076,1909f56bfc062723c751e8b465ee728b)  -> (artifact id: 'eff42f5603c14963d1c14ca0bf95d160') in 0.001490 seconds
Number of updated asset objects reloaded before import = 0
Number of asset objects unloaded after import = 6
========================================================================
Received Import Request.
  Time since last request: 0.000011 seconds.
  path: Assets/CatBorg Studio/3D Dungeon Lowpoly Pack/Prefabs/04_Bedroom_01_Beed_1 1 2.prefab
  artifactKey: Guid(e56ba892717b8f247a9fb12d0cd354d3) Importer(815301076,1909f56bfc062723c751e8b465ee728b)
Start importing Assets/CatBorg Studio/3D Dungeon Lowpoly Pack/Prefabs/04_Bedroom_01_Beed_1 1 2.prefab using Guid(e56ba892717b8f247a9fb12d0cd354d3) Importer(815301076,1909f56bfc062723c751e8b465ee728b)  -> (artifact id: '7620ed91730f7b31509bad4802f95bd8') in 0.001291 seconds
Number of updated asset objects reloaded before import = 0
Number of asset objects unloaded after import = 6
========================================================================
Received Import Request.
  Time since last request: 0.015653 seconds.
  path: Assets/CatBorg Studio/3D Dungeon Lowpoly Pack/Prefabs/03_Blacksmith_01_Hammer#1 1.prefab
  artifactKey: Guid(716cf15239d269549b1ff71aa651cb8e) Importer(815301076,1909f56bfc062723c751e8b465ee728b)
Start importing Assets/CatBorg Studio/3D Dungeon Lowpoly Pack/Prefabs/03_Blacksmith_01_Hammer#1 1.prefab using Guid(716cf15239d269549b1ff71aa651cb8e) Importer(815301076,1909f56bfc062723c751e8b465ee728b)  -> (artifact id: '1bd31b4452037f5f66450aa694d9a346') in 0.001477 seconds
Number of updated asset objects reloaded before import = 0
Number of asset objects unloaded after import = 6
========================================================================
Received Import Request.
  Time since last request: 0.000034 seconds.
  path: Assets/CatBorg Studio/3D Dungeon Lowpoly Pack/Prefabs/03_Blacksmith_01_IronBar 2.prefab
  artifactKey: Guid(03ed3df84a18f774794cc39660d24b92) Importer(815301076,1909f56bfc062723c751e8b465ee728b)
Start importing Assets/CatBorg Studio/3D Dungeon Lowpoly Pack/Prefabs/03_Blacksmith_01_IronBar 2.prefab using Guid(03ed3df84a18f774794cc39660d24b92) Importer(815301076,1909f56bfc062723c751e8b465ee728b)  -> (artifact id: 'e840047bb5bd918981f09257ea0b1312') in 0.001398 seconds
Number of updated asset objects reloaded before import = 0
Number of asset objects unloaded after import = 6
========================================================================
Received Import Request.
  Time since last request: 0.001185 seconds.
  path: Assets/CatBorg Studio/3D Dungeon Lowpoly Pack/Prefabs/03_Blacksmith_01_CooperBar 2.prefab
  artifactKey: Guid(710223008721c8243bb64c3eaa371a59) Importer(815301076,1909f56bfc062723c751e8b465ee728b)
Start importing Assets/CatBorg Studio/3D Dungeon Lowpoly Pack/Prefabs/03_Blacksmith_01_CooperBar 2.prefab using Guid(710223008721c8243bb64c3eaa371a59) Importer(815301076,1909f56bfc062723c751e8b465ee728b)  -> (artifact id: 'aef6f75fc57b5632db9886f5974e1a95') in 0.001100 seconds
Number of updated asset objects reloaded before import = 0
Number of asset objects unloaded after import = 6
========================================================================
Received Import Request.
  Time since last request: 0.000010 seconds.
  path: Assets/CatBorg Studio/3D Dungeon Lowpoly Pack/Prefabs/03_Blacksmith_01_GrindingWheel_Wheel 1.prefab
  artifactKey: Guid(98845f20c1a01444c8ea1f2d7f6a7cb9) Importer(815301076,1909f56bfc062723c751e8b465ee728b)
Start importing Assets/CatBorg Studio/3D Dungeon Lowpoly Pack/Prefabs/03_Blacksmith_01_GrindingWheel_Wheel 1.prefab using Guid(98845f20c1a01444c8ea1f2d7f6a7cb9) Importer(815301076,1909f56bfc062723c751e8b465ee728b)  -> (artifact id: '65d15dc9c875e6ba830140bf19948e8d') in 0.001248 seconds
Number of updated asset objects reloaded before import = 0
Number of asset objects unloaded after import = 6
========================================================================
Received Import Request.
  Time since last request: 0.000010 seconds.
  path: Assets/CatBorg Studio/3D Dungeon Lowpoly Pack/Prefabs/03_Blacksmith_01_GrindingWheel_Frame 1.prefab
  artifactKey: Guid(7ffc8cfe89037a949bc3327c1e10e5f1) Importer(815301076,1909f56bfc062723c751e8b465ee728b)
Start importing Assets/CatBorg Studio/3D Dungeon Lowpoly Pack/Prefabs/03_Blacksmith_01_GrindingWheel_Frame 1.prefab using Guid(7ffc8cfe89037a949bc3327c1e10e5f1) Importer(815301076,1909f56bfc062723c751e8b465ee728b)  -> (artifact id: '0650bc24f6ac17fd955cf8b386bad9d8') in 0.001192 seconds
Number of updated asset objects reloaded before import = 0
Number of asset objects unloaded after import = 6
========================================================================
Received Import Request.
  Time since last request: 0.164832 seconds.
  path: Assets/CatBorg Studio/3D Dungeon Lowpoly Pack/Prefabs/03_Blacksmith_01_Anvil 2.prefab
  artifactKey: Guid(4101d081949b2a04cbebc5025ea45f43) Importer(815301076,1909f56bfc062723c751e8b465ee728b)
Start importing Assets/CatBorg Studio/3D Dungeon Lowpoly Pack/Prefabs/03_Blacksmith_01_Anvil 2.prefab using Guid(4101d081949b2a04cbebc5025ea45f43) Importer(815301076,1909f56bfc062723c751e8b465ee728b)  -> (artifact id: '7232c5ea1522d0ec149578a836b872c4') in 0.001279 seconds
Number of updated asset objects reloaded before import = 0
Number of asset objects unloaded after import = 6
========================================================================
Received Import Request.
  Time since last request: 0.000011 seconds.
  path: Assets/CatBorg Studio/3D Dungeon Lowpoly Pack/Prefabs/03_Blacksmith_01_Blower 2.prefab
  artifactKey: Guid(3150d3b2f71c40f40b3239a248d89ca8) Importer(815301076,1909f56bfc062723c751e8b465ee728b)
Start importing Assets/CatBorg Studio/3D Dungeon Lowpoly Pack/Prefabs/03_Blacksmith_01_Blower 2.prefab using Guid(3150d3b2f71c40f40b3239a248d89ca8) Importer(815301076,1909f56bfc062723c751e8b465ee728b)  -> (artifact id: '0faf31a41aa7078c903e6ca591bf5c8a') in 0.001419 seconds
Number of updated asset objects reloaded before import = 0
Number of asset objects unloaded after import = 6
========================================================================
Received Import Request.
  Time since last request: 0.012354 seconds.
  path: Assets/CatBorg Studio/3D Dungeon Lowpoly Pack/Prefabs/02_Kitchen_01_CuttingBoard#2 1.prefab
  artifactKey: Guid(3be04cf25c44b54429d0894d8d982bd5) Importer(815301076,1909f56bfc062723c751e8b465ee728b)
Start importing Assets/CatBorg Studio/3D Dungeon Lowpoly Pack/Prefabs/02_Kitchen_01_CuttingBoard#2 1.prefab using Guid(3be04cf25c44b54429d0894d8d982bd5) Importer(815301076,1909f56bfc062723c751e8b465ee728b)  -> (artifact id: '34e1c91905e8f809adcabd80505f0c76') in 0.001286 seconds
Number of updated asset objects reloaded before import = 0
Number of asset objects unloaded after import = 6
========================================================================
Received Import Request.
  Time since last request: 0.000015 seconds.
  path: Assets/CatBorg Studio/3D Dungeon Lowpoly Pack/Prefabs/02_Kitchen_01_WoodenTable#2 1.prefab
  artifactKey: Guid(00329c87db486124e99b078355f4e28e) Importer(815301076,1909f56bfc062723c751e8b465ee728b)
Start importing Assets/CatBorg Studio/3D Dungeon Lowpoly Pack/Prefabs/02_Kitchen_01_WoodenTable#2 1.prefab using Guid(00329c87db486124e99b078355f4e28e) Importer(815301076,1909f56bfc062723c751e8b465ee728b)  -> (artifact id: '30c6e83ddf171509cfd47ef3951f2acf') in 0.001364 seconds
Number of updated asset objects reloaded before import = 0
Number of asset objects unloaded after import = 6
========================================================================
Received Import Request.
  Time since last request: 0.000012 seconds.
  path: Assets/CatBorg Studio/3D Dungeon Lowpoly Pack/Prefabs/02_Kitchen_01_SpoonBucket 2.prefab
  artifactKey: Guid(ddce9b045cb0eda4a8e1791e28f0e1fb) Importer(815301076,1909f56bfc062723c751e8b465ee728b)
Start importing Assets/CatBorg Studio/3D Dungeon Lowpoly Pack/Prefabs/02_Kitchen_01_SpoonBucket 2.prefab using Guid(ddce9b045cb0eda4a8e1791e28f0e1fb) Importer(815301076,1909f56bfc062723c751e8b465ee728b)  -> (artifact id: '3c8412ed69dfb1f8c1d8c99651e70db8') in 0.001130 seconds
Number of updated asset objects reloaded before import = 0
Number of asset objects unloaded after import = 6
========================================================================
Received Import Request.
  Time since last request: 0.000012 seconds.
  path: Assets/CatBorg Studio/3D Dungeon Lowpoly Pack/Prefabs/02_Kitchen_01_Chopper 1.prefab
  artifactKey: Guid(bbb1c513981a8cf4bbb6650e7903596b) Importer(815301076,1909f56bfc062723c751e8b465ee728b)
Start importing Assets/CatBorg Studio/3D Dungeon Lowpoly Pack/Prefabs/02_Kitchen_01_Chopper 1.prefab using Guid(bbb1c513981a8cf4bbb6650e7903596b) Importer(815301076,1909f56bfc062723c751e8b465ee728b)  -> (artifact id: 'dc584cce2f39548c4d8675de07e92862') in 0.001367 seconds
Number of updated asset objects reloaded before import = 0
Number of asset objects unloaded after import = 6
========================================================================
Received Import Request.
  Time since last request: 0.000012 seconds.
  path: Assets/CatBorg Studio/3D Dungeon Lowpoly Pack/Prefabs/02_Kitchen_01_CookingPot#1_Stander 2.prefab
  artifactKey: Guid(e5143f528e2b65c48a0011bfc6694725) Importer(815301076,1909f56bfc062723c751e8b465ee728b)
Start importing Assets/CatBorg Studio/3D Dungeon Lowpoly Pack/Prefabs/02_Kitchen_01_CookingPot#1_Stander 2.prefab using Guid(e5143f528e2b65c48a0011bfc6694725) Importer(815301076,1909f56bfc062723c751e8b465ee728b)  -> (artifact id: 'da97827c6796477630d8d352c9c4c447') in 0.001323 seconds
Number of updated asset objects reloaded before import = 0
Number of asset objects unloaded after import = 6
========================================================================
Received Import Request.
  Time since last request: 0.000012 seconds.
  path: Assets/CatBorg Studio/3D Dungeon Lowpoly Pack/Prefabs/02_Kitchen_01_CookingPot#2 1.prefab
  artifactKey: Guid(447568d653c71ea4fbd8a78e7b13e900) Importer(815301076,1909f56bfc062723c751e8b465ee728b)
Start importing Assets/CatBorg Studio/3D Dungeon Lowpoly Pack/Prefabs/02_Kitchen_01_CookingPot#2 1.prefab using Guid(447568d653c71ea4fbd8a78e7b13e900) Importer(815301076,1909f56bfc062723c751e8b465ee728b)  -> (artifact id: '1aa97bd9d59a85d1f5a41bf6a85b72af') in 0.001302 seconds
Number of updated asset objects reloaded before import = 0
Number of asset objects unloaded after import = 6
========================================================================
Received Import Request.
  Time since last request: 0.000015 seconds.
  path: Assets/CatBorg Studio/3D Dungeon Lowpoly Pack/Prefabs/02_Kitchen_01_CuttingBoard 1.prefab
  artifactKey: Guid(8af80d3002d62cf42a48ea89f06eb947) Importer(815301076,1909f56bfc062723c751e8b465ee728b)
Start importing Assets/CatBorg Studio/3D Dungeon Lowpoly Pack/Prefabs/02_Kitchen_01_CuttingBoard 1.prefab using Guid(8af80d3002d62cf42a48ea89f06eb947) Importer(815301076,1909f56bfc062723c751e8b465ee728b)  -> (artifact id: '20e513abcc63a0256e73163c35015912') in 0.001398 seconds
Number of updated asset objects reloaded before import = 0
Number of asset objects unloaded after import = 6
========================================================================
Received Import Request.
  Time since last request: 0.141186 seconds.
  path: Assets/CatBorg Studio/3D Dungeon Lowpoly Pack/Prefabs/01_Library_01_Chear_High#2 2.prefab
  artifactKey: Guid(664f51201bba1884e8f511ebb1d9bf8f) Importer(815301076,1909f56bfc062723c751e8b465ee728b)
Start importing Assets/CatBorg Studio/3D Dungeon Lowpoly Pack/Prefabs/01_Library_01_Chear_High#2 2.prefab using Guid(664f51201bba1884e8f511ebb1d9bf8f) Importer(815301076,1909f56bfc062723c751e8b465ee728b)  -> (artifact id: '76242116818d193c2a8ee01b320198db') in 0.001348 seconds
Number of updated asset objects reloaded before import = 0
Number of asset objects unloaded after import = 6
========================================================================
Received Import Request.
  Time since last request: 0.000011 seconds.
  path: Assets/CatBorg Studio/3D Dungeon Lowpoly Pack/Prefabs/01_Library_01_Desk#1 2.prefab
  artifactKey: Guid(2a23f68286415514f95fbad6c71a3065) Importer(815301076,1909f56bfc062723c751e8b465ee728b)
Start importing Assets/CatBorg Studio/3D Dungeon Lowpoly Pack/Prefabs/01_Library_01_Desk#1 2.prefab using Guid(2a23f68286415514f95fbad6c71a3065) Importer(815301076,1909f56bfc062723c751e8b465ee728b)  -> (artifact id: 'd8e9ced8a872a0368f425b4ede25465c') in 0.001335 seconds
Number of updated asset objects reloaded before import = 0
Number of asset objects unloaded after import = 6
Editor requested this worker to shutdown with reason: Scaling down because of idle timeout
TcpMessagingSession - receive error: operation aborted. errorcode: 995, details: The I/O operation has been aborted because of either a thread exit or an application request.
AssetImportWorker is now disconnected from the server
Process exiting
Exiting without the bug reporter. Application will terminate with return code 0