Using pre-set license
Built from '2022.3/release' branch; Version is '2022.3.0f1 (fb119bb0b476) revision 16454043'; Using compiler version '192829333'; Build Type 'Release'
OS: 'Windows 10  (10.0.19045) 64bit Education' Language: 'fr' Physical Memory: 16229 MB
BatchMode: 1, IsHumanControllingUs: 0, StartBugReporterOnCrash: 0, Is64bit: 1, IsPro: 1

COMMAND LINE ARGUMENTS:
C:\Program Files\Unity\Hub\Editor\2022.3.0f1\Editor\Unity.exe
-adb2
-batchMode
-noUpm
-name
AssetImportWorker8
-projectPath
C:/Users/2032225/Desktop/TP2-Jeux-Video-3/TP3-Jeux-Video-3
-logFile
Logs/AssetImportWorker8.log
-srvPort
51893
Successfully changed project path to: C:/Users/2032225/Desktop/TP2-Jeux-Video-3/TP3-Jeux-Video-3
C:/Users/2032225/Desktop/TP2-Jeux-Video-3/TP3-Jeux-Video-3
[UnityMemory] Configuration Parameters - Can be set up in boot.config
    "memorysetup-bucket-allocator-granularity=16"
    "memorysetup-bucket-allocator-bucket-count=8"
    "memorysetup-bucket-allocator-block-size=33554432"
    "memorysetup-bucket-allocator-block-count=8"
    "memorysetup-main-allocator-block-size=16777216"
    "memorysetup-thread-allocator-block-size=16777216"
    "memorysetup-gfx-main-allocator-block-size=16777216"
    "memorysetup-gfx-thread-allocator-block-size=16777216"
    "memorysetup-cache-allocator-block-size=4194304"
    "memorysetup-typetree-allocator-block-size=2097152"
    "memorysetup-profiler-bucket-allocator-granularity=16"
    "memorysetup-profiler-bucket-allocator-bucket-count=8"
    "memorysetup-profiler-bucket-allocator-block-size=33554432"
    "memorysetup-profiler-bucket-allocator-block-count=8"
    "memorysetup-profiler-allocator-block-size=16777216"
    "memorysetup-profiler-editor-allocator-block-size=1048576"
    "memorysetup-temp-allocator-size-main=16777216"
    "memorysetup-job-temp-allocator-block-size=2097152"
    "memorysetup-job-temp-allocator-block-size-background=1048576"
    "memorysetup-job-temp-allocator-reduction-small-platforms=262144"
    "memorysetup-allocator-temp-initial-block-size-main=262144"
    "memorysetup-allocator-temp-initial-block-size-worker=262144"
    "memorysetup-temp-allocator-size-background-worker=32768"
    "memorysetup-temp-allocator-size-job-worker=262144"
    "memorysetup-temp-allocator-size-preload-manager=33554432"
    "memorysetup-temp-allocator-size-nav-mesh-worker=65536"
    "memorysetup-temp-allocator-size-audio-worker=65536"
    "memorysetup-temp-allocator-size-cloud-worker=32768"
    "memorysetup-temp-allocator-size-gi-baking-worker=262144"
    "memorysetup-temp-allocator-size-gfx=262144"
Player connection [28380] Host "[IP] 10.10.38.139 [Port] 0 [Flags] 2 [Guid] 1049045394 [EditorId] 1049045394 [Version] 1048832 [Id] WindowsEditor(7,LLBTIMD290817) [Debug] 1 [PackageName] WindowsEditor [ProjectName] Editor" joined multi-casting on [225.0.0.222:54997]...

Player connection [28380] Host "[IP] 10.10.38.139 [Port] 0 [Flags] 2 [Guid] 1049045394 [EditorId] 1049045394 [Version] 1048832 [Id] WindowsEditor(7,LLBTIMD290817) [Debug] 1 [PackageName] WindowsEditor [ProjectName] Editor" joined alternative multi-casting on [225.0.0.222:34997]...

Refreshing native plugins compatible for Editor in 25.43 ms, found 9 plugins.
Preloading 0 native plugins for Editor in 0.00 ms.
Initialize engine version: 2022.3.0f1 (fb119bb0b476)
[Subsystems] Discovering subsystems at path C:/Program Files/Unity/Hub/Editor/2022.3.0f1/Editor/Data/Resources/UnitySubsystems
[Subsystems] Discovering subsystems at path C:/Users/2032225/Desktop/TP2-Jeux-Video-3/TP3-Jeux-Video-3/Assets
GfxDevice: creating device client; threaded=0; jobified=0
Direct3D:
    Version:  Direct3D 11.0 [level 11.1]
    Renderer: NVIDIA GeForce GTX 1070 (ID=0x1b81)
    Vendor:   NVIDIA
    VRAM:     8081 MB
    Driver:   31.0.15.3598
Initialize mono
Mono path[0] = 'C:/Program Files/Unity/Hub/Editor/2022.3.0f1/Editor/Data/Managed'
Mono path[1] = 'C:/Program Files/Unity/Hub/Editor/2022.3.0f1/Editor/Data/MonoBleedingEdge/lib/mono/unityjit-win32'
Mono config path = 'C:/Program Files/Unity/Hub/Editor/2022.3.0f1/Editor/Data/MonoBleedingEdge/etc'
Using monoOptions --debugger-agent=transport=dt_socket,embedding=1,server=y,suspend=n,address=127.0.0.1:56956
Begin MonoManager ReloadAssembly
Registering precompiled unity dll's ...
Register platform support module: C:/Program Files/Unity/Hub/Editor/2022.3.0f1/Editor/Data/PlaybackEngines/WebGLSupport/UnityEditor.WebGL.Extensions.dll
Register platform support module: C:/Program Files/Unity/Hub/Editor/2022.3.0f1/Editor/Data/PlaybackEngines/AndroidPlayer/UnityEditor.Android.Extensions.dll
Register platform support module: C:/Program Files/Unity/Hub/Editor/2022.3.0f1/Editor/Data/PlaybackEngines/WindowsStandaloneSupport/UnityEditor.WindowsStandalone.Extensions.dll
Register platform support module: C:/Program Files/Unity/Hub/Editor/2022.3.0f1/Editor/Data/PlaybackEngines/MetroSupport/UnityEditor.UWP.Extensions.dll
Registered in 0.035105 seconds.
- Loaded All Assemblies, in  0.768 seconds
Native extension for UWP target not found
Native extension for WindowsStandalone target not found
Native extension for Android target not found
Android Extension - Scanning For ADB Devices 669 ms
Native extension for WebGL target not found
Mono: successfully reloaded assembly
- Finished resetting the current domain, in  1.275 seconds
Domain Reload Profiling: 2038ms
	BeginReloadAssembly (132ms)
		ExecutionOrderSort (0ms)
		DisableScriptedObjects (0ms)
		BackupInstance (0ms)
		ReleaseScriptingObjects (0ms)
		CreateAndSetChildDomain (1ms)
	RebuildCommonClasses (133ms)
	RebuildNativeTypeToScriptingClass (20ms)
	initialDomainReloadingComplete (124ms)
	LoadAllAssembliesAndSetupDomain (354ms)
		LoadAssemblies (131ms)
		RebuildTransferFunctionScriptingTraits (0ms)
		AnalyzeDomain (342ms)
			TypeCache.Refresh (341ms)
				TypeCache.ScanAssembly (322ms)
			ScanForSourceGeneratedMonoScriptInfo (1ms)
			ResolveRequiredComponents (1ms)
	FinalizeReload (1275ms)
		ReleaseScriptCaches (0ms)
		RebuildScriptCaches (0ms)
		SetupLoadedEditorAssemblies (1181ms)
			LogAssemblyErrors (0ms)
			InitializePlatformSupportModulesInManaged (914ms)
			SetLoadedEditorAssemblies (5ms)
			RefreshPlugins (0ms)
			BeforeProcessingInitializeOnLoad (4ms)
			ProcessInitializeOnLoadAttributes (178ms)
			ProcessInitializeOnLoadMethodAttributes (81ms)
			AfterProcessingInitializeOnLoad (0ms)
			EditorAssembliesLoaded (0ms)
		ExecutionOrderSort2 (0ms)
		AwakeInstancesAfterBackupRestoration (0ms)
========================================================================
Worker process is ready to serve import requests
Begin MonoManager ReloadAssembly
Symbol file LoadedFromMemory doesn't match image C:\Users\2032225\Desktop\TP2-Jeux-Video-3\TP3-Jeux-Video-3\Library\PackageCache\com.unity.visualscripting@1.8.0\Editor\VisualScripting.Core\Dependencies\YamlDotNet\Unity.VisualScripting.YamlDotNet.dll
Symbol file LoadedFromMemory doesn't match image C:\Users\2032225\Desktop\TP2-Jeux-Video-3\TP3-Jeux-Video-3\Library\PackageCache\com.unity.visualscripting@1.8.0\Editor\VisualScripting.Core\Dependencies\DotNetZip\Unity.VisualScripting.IonicZip.dll
- Loaded All Assemblies, in  1.515 seconds
Refreshing native plugins compatible for Editor in 14.26 ms, found 9 plugins.
Native extension for UWP target not found
Native extension for WindowsStandalone target not found
Native extension for Android target not found
Native extension for WebGL target not found
Package Manager log level set to [2]
[Package Manager] Server::EnsureServerProcessIsRunning -- launch failed, reason: Unity was launched with the -noUpm command-line argument
[Package Manager] UpmClient::Send -- Unable to send message (not connected to UPM process).
[Package Manager] Cannot connect to Unity Package Manager local server
Mono: successfully reloaded assembly
[Package Manager] Server::EnsureServerProcessIsRunning -- launch failed, reason: Unity was launched with the -noUpm command-line argument
[Package Manager] UpmClient::Send -- Unable to send message (not connected to UPM process).
[Package Manager] Cannot connect to Unity Package Manager local server
[Package Manager] Server::EnsureServerProcessIsRunning -- launch failed, reason: Unity was launched with the -noUpm command-line argument
[Package Manager] UpmClient::Send -- Unable to send message (not connected to UPM process).
[Package Manager] Cannot connect to Unity Package Manager local server
- Finished resetting the current domain, in  1.464 seconds
Domain Reload Profiling: 2974ms
	BeginReloadAssembly (226ms)
		ExecutionOrderSort (0ms)
		DisableScriptedObjects (10ms)
		BackupInstance (0ms)
		ReleaseScriptingObjects (0ms)
		CreateAndSetChildDomain (57ms)
	RebuildCommonClasses (64ms)
	RebuildNativeTypeToScriptingClass (21ms)
	initialDomainReloadingComplete (73ms)
	LoadAllAssembliesAndSetupDomain (1125ms)
		LoadAssemblies (493ms)
		RebuildTransferFunctionScriptingTraits (0ms)
		AnalyzeDomain (721ms)
			TypeCache.Refresh (655ms)
				TypeCache.ScanAssembly (629ms)
			ScanForSourceGeneratedMonoScriptInfo (49ms)
			ResolveRequiredComponents (17ms)
	FinalizeReload (1465ms)
		ReleaseScriptCaches (0ms)
		RebuildScriptCaches (0ms)
		SetupLoadedEditorAssemblies (891ms)
			LogAssemblyErrors (0ms)
			InitializePlatformSupportModulesInManaged (41ms)
			SetLoadedEditorAssemblies (5ms)
			RefreshPlugins (0ms)
			BeforeProcessingInitializeOnLoad (126ms)
			ProcessInitializeOnLoadAttributes (578ms)
			ProcessInitializeOnLoadMethodAttributes (131ms)
			AfterProcessingInitializeOnLoad (10ms)
			EditorAssembliesLoaded (0ms)
		ExecutionOrderSort2 (0ms)
		AwakeInstancesAfterBackupRestoration (9ms)
Launched and connected shader compiler UnityShaderCompiler.exe after 1.27 seconds
Refreshing native plugins compatible for Editor in 14.21 ms, found 9 plugins.
Preloading 0 native plugins for Editor in 0.00 ms.
Unloading 6516 Unused Serialized files (Serialized files now loaded: 0)
Unloading 126 unused Assets / (1.6 MB). Loaded Objects now: 6993.
Memory consumption went from 264.6 MB to 262.9 MB.
Total: 8.751200 ms (FindLiveObjects: 0.649700 ms CreateObjectMapping: 0.718500 ms MarkObjects: 6.097800 ms  DeleteObjects: 1.283800 ms)

AssetImportParameters requested are different than current active one (requested -> active):
  custom:container-demuxer-ogg: 62fdf1f143b41e24485cea50d1cbac27 -> 
  custom:framework-win-MediaFoundation: 216162199b28c13a410421893ffa2e32 -> 
  custom:container-muxer-webm: aa71ff27fc2769a1b78a27578f13a17b -> 
  custom:video-decoder-webm-vp8: 9c59270c3fd7afecdb556c50c9e8de78 -> 
  custom:AudioImporter_EditorPlatform: d09bf68614088b80899f8185d706f6e7 -> 
  custom:audio-decoder-ogg-vorbis: bf7c407c2cedff20999df2af8eb42d56 -> 
  custom:audio-encoder-webm-vorbis: bf7c407c2cedff20999df2af8eb42d56 -> 
  custom:video-decoder-ogg-theora: a1e56fd34408186e4bbccfd4996cb3dc -> 
  custom:container-demuxer-webm: 4f35f7cbe854078d1ac9338744f61a02 -> 
  custom:video-encoder-webm-vp8: eb34c28f22e8b96e1ab97ce403110664 -> 
========================================================================
Received Import Request.
  Time since last request: 15613.208058 seconds.
  path: Assets/CatBorg Studio/3D Dungeon Lowpoly Pack/Prefabs/01_DiningHall_01_Bottle#1.prefab
  artifactKey: Guid(7587bd0edf0376344ac9bc85565f8c37) Importer(2089858483,3d70f49cd1c2eb9ae422958d1c652c6b)
Start importing Assets/CatBorg Studio/3D Dungeon Lowpoly Pack/Prefabs/01_DiningHall_01_Bottle#1.prefab using Guid(7587bd0edf0376344ac9bc85565f8c37) Importer(2089858483,3d70f49cd1c2eb9ae422958d1c652c6b) Generated GUIDs only implemented for interfaces!
 -> (artifact id: 'ee0ff044dec8983957c98aac798e9906') in 0.720796 seconds
Number of updated asset objects reloaded before import = 0
Number of asset objects unloaded after import = 8
========================================================================
Received Import Request.
  Time since last request: 0.000041 seconds.
  path: Assets/TextMesh Pro/Resources/LineBreaking Leading Characters.txt
  artifactKey: Guid(d82c1b31c7e74239bff1220585707d2b) Importer(2089858483,0ecaa5967403d082aa24f35e1b516d23)
Start importing Assets/TextMesh Pro/Resources/LineBreaking Leading Characters.txt using Guid(d82c1b31c7e74239bff1220585707d2b) Importer(2089858483,0ecaa5967403d082aa24f35e1b516d23) Generated GUIDs only implemented for interfaces!
 -> (artifact id: '154d9a5d9a5d82a7466b560301c0daf6') in 0.045702 seconds
Number of updated asset objects reloaded before import = 0
Number of asset objects unloaded after import = 1
========================================================================
Received Import Request.
  Time since last request: 0.000022 seconds.
  path: Assets/CatBorg Studio/3D Dungeon Lowpoly Pack/Prefabs/03_Blacksmith_01_Forge.prefab
  artifactKey: Guid(375aacc276d724f41b0baa76221478d3) Importer(2089858483,3d70f49cd1c2eb9ae422958d1c652c6b)
Start importing Assets/CatBorg Studio/3D Dungeon Lowpoly Pack/Prefabs/03_Blacksmith_01_Forge.prefab using Guid(375aacc276d724f41b0baa76221478d3) Importer(2089858483,3d70f49cd1c2eb9ae422958d1c652c6b) Generated GUIDs only implemented for interfaces!
 -> (artifact id: 'd50ae3b412d52e12a7579077388264f1') in 0.056442 seconds
Number of updated asset objects reloaded before import = 0
Number of asset objects unloaded after import = 8
========================================================================
Received Import Request.
  Time since last request: 0.001703 seconds.
  path: Assets/Prefabs/Pierre/Plant005.prefab
  artifactKey: Guid(d9ec95560787a16499cd67b23ce44cd8) Importer(2089858483,3d70f49cd1c2eb9ae422958d1c652c6b)
Start importing Assets/Prefabs/Pierre/Plant005.prefab using Guid(d9ec95560787a16499cd67b23ce44cd8) Importer(2089858483,3d70f49cd1c2eb9ae422958d1c652c6b) Generated GUIDs only implemented for interfaces!
 -> (artifact id: 'db3d52e4f72c79aa4081e0a403963b4a') in 0.441528 seconds
Number of updated asset objects reloaded before import = 0
Number of asset objects unloaded after import = 9
========================================================================
Received Import Request.
  Time since last request: 0.000022 seconds.
  path: Assets/Prefabs/Pierre/Plant002_V1.prefab
  artifactKey: Guid(55f155f7c45e1a44abf603bf94daf887) Importer(2089858483,0ecaa5967403d082aa24f35e1b516d23)
Start importing Assets/Prefabs/Pierre/Plant002_V1.prefab using Guid(55f155f7c45e1a44abf603bf94daf887) Importer(2089858483,0ecaa5967403d082aa24f35e1b516d23) Generated GUIDs only implemented for interfaces!
 -> (artifact id: '28d4235e2bca31e331446a931be51559') in 0.064333 seconds
Number of updated asset objects reloaded before import = 0
Number of asset objects unloaded after import = 7
========================================================================
Received Import Request.
  Time since last request: 0.000037 seconds.
  path: Assets/AGWYN's Low Poly Magical Potions Pack/Models/LongHandlePotion.012.fbx
  artifactKey: Guid(469d7b4703c5cb440915324dc3e5fad7) Importer(2089858483,0ecaa5967403d082aa24f35e1b516d23)
Start importing Assets/AGWYN's Low Poly Magical Potions Pack/Models/LongHandlePotion.012.fbx using Guid(469d7b4703c5cb440915324dc3e5fad7) Importer(2089858483,0ecaa5967403d082aa24f35e1b516d23) Generated GUIDs only implemented for interfaces!
 -> (artifact id: '6f478af1129b7128eb71f663358cef9d') in 0.132885 seconds
Number of updated asset objects reloaded before import = 0
Number of asset objects unloaded after import = 9
========================================================================
Received Import Request.
  Time since last request: 0.000022 seconds.
  path: Assets/TextMesh Pro/Shaders/TMP_SDF-Mobile.shader
  artifactKey: Guid(fe393ace9b354375a9cb14cdbbc28be4) Importer(2089858483,0ecaa5967403d082aa24f35e1b516d23)
Start importing Assets/TextMesh Pro/Shaders/TMP_SDF-Mobile.shader using Guid(fe393ace9b354375a9cb14cdbbc28be4) Importer(2089858483,0ecaa5967403d082aa24f35e1b516d23) Generated GUIDs only implemented for interfaces!
 -> (artifact id: '43d3c57ba9ef60101eb109a1b4eabce3') in 0.030025 seconds
Number of updated asset objects reloaded before import = 0
Number of asset objects unloaded after import = 1
========================================================================
Received Import Request.
  Time since last request: 0.000021 seconds.
  path: Assets/CatBorg Studio/3D Dungeon Lowpoly Pack/Prefabs/99_Decorations_WallBanner_3.prefab
  artifactKey: Guid(7c1dbcbcfea187d42a727e490753b135) Importer(2089858483,3d70f49cd1c2eb9ae422958d1c652c6b)
Start importing Assets/CatBorg Studio/3D Dungeon Lowpoly Pack/Prefabs/99_Decorations_WallBanner_3.prefab using Guid(7c1dbcbcfea187d42a727e490753b135) Importer(2089858483,3d70f49cd1c2eb9ae422958d1c652c6b) Generated GUIDs only implemented for interfaces!
 -> (artifact id: 'f026c7bbc2158bf31eab16b0e12a0c28') in 0.064631 seconds
Number of updated asset objects reloaded before import = 0
Number of asset objects unloaded after import = 8
========================================================================
Received Import Request.
  Time since last request: 0.000024 seconds.
  path: Assets/TextMesh Pro/Shaders/TMP_SDF.shader
  artifactKey: Guid(68e6db2ebdc24f95958faec2be5558d6) Importer(2089858483,0ecaa5967403d082aa24f35e1b516d23)
Start importing Assets/TextMesh Pro/Shaders/TMP_SDF.shader using Guid(68e6db2ebdc24f95958faec2be5558d6) Importer(2089858483,0ecaa5967403d082aa24f35e1b516d23) Generated GUIDs only implemented for interfaces!
 -> (artifact id: '974c7e95d3ac1ad4a6d2fb062d6f260d') in 0.035426 seconds
Number of updated asset objects reloaded before import = 0
Number of asset objects unloaded after import = 1
========================================================================
Received Import Request.
  Time since last request: 0.000030 seconds.
  path: Assets/Scenes/Accueil.unity
  artifactKey: Guid(df8fd0a9911075a40a11bdf50a5af20d) Importer(2089858483,3d70f49cd1c2eb9ae422958d1c652c6b)
Start importing Assets/Scenes/Accueil.unity using Guid(df8fd0a9911075a40a11bdf50a5af20d) Importer(2089858483,3d70f49cd1c2eb9ae422958d1c652c6b) Opening scene 'Assets/Scenes/Accueil.unity additively'
Loaded scene 'Assets/Scenes/Accueil.unity'
	Deserialize:            97.205 ms
	Integration:            119.313 ms
	Integration of assets:  17.611 ms
	Thread Wait Time:       -4.407 ms
	Total Operation Time:   229.723 ms
Generated GUIDs only implemented for interfaces!
 -> (artifact id: 'dc81bb4c4731c3a825b0578a2b701c2c') in 0.330968 seconds
Number of updated asset objects reloaded before import = 0
Number of asset objects unloaded after import = 561
========================================================================
Received Import Request.
  Time since last request: 0.000030 seconds.
  path: Assets/CatBorg Studio/3D Dungeon Lowpoly Pack/Models/03_Blacksmith_01_CooperBar.fbx
  artifactKey: Guid(f0ee873b9c72e8849a5bf14636c21c4f) Importer(2089858483,0ecaa5967403d082aa24f35e1b516d23)
Start importing Assets/CatBorg Studio/3D Dungeon Lowpoly Pack/Models/03_Blacksmith_01_CooperBar.fbx using Guid(f0ee873b9c72e8849a5bf14636c21c4f) Importer(2089858483,0ecaa5967403d082aa24f35e1b516d23) Generated GUIDs only implemented for interfaces!
 -> (artifact id: '5b68ac936a38e925b9a23070cdcae3cf') in 0.039881 seconds
Number of updated asset objects reloaded before import = 0
Number of asset objects unloaded after import = 7
========================================================================
Received Import Request.
  Time since last request: 0.000032 seconds.
  path: Assets/Prefabs/Dali/Tavern Interior By I.We.D/Prefabs/Default/barrelCrane.prefab
  artifactKey: Guid(e72476fa8d7e0ce448789fcc8ebb2065) Importer(2089858483,3d70f49cd1c2eb9ae422958d1c652c6b)
Start importing Assets/Prefabs/Dali/Tavern Interior By I.We.D/Prefabs/Default/barrelCrane.prefab using Guid(e72476fa8d7e0ce448789fcc8ebb2065) Importer(2089858483,3d70f49cd1c2eb9ae422958d1c652c6b) Generated GUIDs only implemented for interfaces!
 -> (artifact id: '30df7fc308b53178a9617dc9c96d0980') in 0.029813 seconds
Number of updated asset objects reloaded before import = 0
Number of asset objects unloaded after import = 8
========================================================================
Received Import Request.
  Time since last request: 0.000017 seconds.
  path: Assets/CatBorg Studio/3D Dungeon Lowpoly Pack/Models/02_Kitchen_01_CookingPot#3.fbx
  artifactKey: Guid(7d1974cd9f00a6642becc6a9c5f9dd16) Importer(2089858483,0ecaa5967403d082aa24f35e1b516d23)
Start importing Assets/CatBorg Studio/3D Dungeon Lowpoly Pack/Models/02_Kitchen_01_CookingPot#3.fbx using Guid(7d1974cd9f00a6642becc6a9c5f9dd16) Importer(2089858483,0ecaa5967403d082aa24f35e1b516d23) Generated GUIDs only implemented for interfaces!
 -> (artifact id: 'ea6d64552bd796c7f3d3e01a37a9b707') in 0.043437 seconds
Number of updated asset objects reloaded before import = 0
Number of asset objects unloaded after import = 7
========================================================================
Received Import Request.
  Time since last request: 0.000390 seconds.
  path: Assets/Prefabs/Dali/Tavern Interior By I.We.D/Prefabs/Default/shelf.prefab
  artifactKey: Guid(f70d7840be4b49e40a999d73a5d8738e) Importer(2089858483,3d70f49cd1c2eb9ae422958d1c652c6b)
Start importing Assets/Prefabs/Dali/Tavern Interior By I.We.D/Prefabs/Default/shelf.prefab using Guid(f70d7840be4b49e40a999d73a5d8738e) Importer(2089858483,3d70f49cd1c2eb9ae422958d1c652c6b) Generated GUIDs only implemented for interfaces!
 -> (artifact id: '2ab4f041a35c11b0691b1042588b69c4') in 0.025605 seconds
Number of updated asset objects reloaded before import = 0
Number of asset objects unloaded after import = 8
========================================================================
Received Import Request.
  Time since last request: 0.000019 seconds.
  path: Assets/CatBorg Studio/3D Dungeon Lowpoly Pack/Prefabs/96_Traps_Trap_RamTower.prefab
  artifactKey: Guid(eef7a51b8a7ba6a4bad2bd1f471c7590) Importer(2089858483,3d70f49cd1c2eb9ae422958d1c652c6b)
Start importing Assets/CatBorg Studio/3D Dungeon Lowpoly Pack/Prefabs/96_Traps_Trap_RamTower.prefab using Guid(eef7a51b8a7ba6a4bad2bd1f471c7590) Importer(2089858483,3d70f49cd1c2eb9ae422958d1c652c6b) Generated GUIDs only implemented for interfaces!
 -> (artifact id: '1f11fe30659bac78c0ef2793465c264f') in 0.049178 seconds
Number of updated asset objects reloaded before import = 0
Number of asset objects unloaded after import = 8
========================================================================
Received Import Request.
  Time since last request: 0.000023 seconds.
  path: Assets/Prefabs/Pierre/Tree003_V1.prefab
  artifactKey: Guid(58d906a8c99c0b545bf0d5337539b695) Importer(2089858483,0ecaa5967403d082aa24f35e1b516d23)
Start importing Assets/Prefabs/Pierre/Tree003_V1.prefab using Guid(58d906a8c99c0b545bf0d5337539b695) Importer(2089858483,0ecaa5967403d082aa24f35e1b516d23) Generated GUIDs only implemented for interfaces!
 -> (artifact id: 'ca1c475eb3825d4b8679dc6e120bc1e0') in 0.049913 seconds
Number of updated asset objects reloaded before import = 0
Number of asset objects unloaded after import = 9
========================================================================
Received Import Request.
  Time since last request: 0.000029 seconds.
  path: Assets/AGWYN's Low Poly Magical Potions Pack/Prefabs/Book.prefab
  artifactKey: Guid(87e534bab4718d7439326c36cd3a448c) Importer(2089858483,3d70f49cd1c2eb9ae422958d1c652c6b)
Start importing Assets/AGWYN's Low Poly Magical Potions Pack/Prefabs/Book.prefab using Guid(87e534bab4718d7439326c36cd3a448c) Importer(2089858483,3d70f49cd1c2eb9ae422958d1c652c6b) Generated GUIDs only implemented for interfaces!
 -> (artifact id: 'dd04ccfc23e844ddec4da3253e475ede') in 0.034335 seconds
Number of updated asset objects reloaded before import = 0
Number of asset objects unloaded after import = 11
========================================================================
Received Import Request.
  Time since last request: 0.000020 seconds.
  path: Assets/CatBorg Studio/3D Dungeon Lowpoly Pack/Prefabs/97_Othert_Torch_1.prefab
  artifactKey: Guid(6efb1860217d72445b1b6d7cfb4f8979) Importer(2089858483,3d70f49cd1c2eb9ae422958d1c652c6b)
Start importing Assets/CatBorg Studio/3D Dungeon Lowpoly Pack/Prefabs/97_Othert_Torch_1.prefab using Guid(6efb1860217d72445b1b6d7cfb4f8979) Importer(2089858483,3d70f49cd1c2eb9ae422958d1c652c6b) Generated GUIDs only implemented for interfaces!
 -> (artifact id: '84da80c30d5eb558f9ce26ccbfbb98c1') in 0.046124 seconds
Number of updated asset objects reloaded before import = 0
Number of asset objects unloaded after import = 8
========================================================================
Received Import Request.
  Time since last request: 0.000017 seconds.
  path: Assets/CatBorg Studio/3D Dungeon Lowpoly Pack/Prefabs/01_DiningHall_01_Bottle#3.prefab
  artifactKey: Guid(0ce7cbb5cae6c0449bd02794ea78317f) Importer(2089858483,3d70f49cd1c2eb9ae422958d1c652c6b)
Start importing Assets/CatBorg Studio/3D Dungeon Lowpoly Pack/Prefabs/01_DiningHall_01_Bottle#3.prefab using Guid(0ce7cbb5cae6c0449bd02794ea78317f) Importer(2089858483,3d70f49cd1c2eb9ae422958d1c652c6b) Generated GUIDs only implemented for interfaces!
 -> (artifact id: '8dfd7b7404b45a2fb3f5f9032eb6f68d') in 0.033748 seconds
Number of updated asset objects reloaded before import = 0
Number of asset objects unloaded after import = 10
========================================================================
Received Import Request.
  Time since last request: 0.000020 seconds.
  path: Assets/CatBorg Studio/3D Dungeon Lowpoly Pack/Models/04_Bedroom_01_Beed_1.fbx
  artifactKey: Guid(0ac93ca44e3d53f4ca0e022fdb13ee3f) Importer(2089858483,0ecaa5967403d082aa24f35e1b516d23)
Start importing Assets/CatBorg Studio/3D Dungeon Lowpoly Pack/Models/04_Bedroom_01_Beed_1.fbx using Guid(0ac93ca44e3d53f4ca0e022fdb13ee3f) Importer(2089858483,0ecaa5967403d082aa24f35e1b516d23) Generated GUIDs only implemented for interfaces!
 -> (artifact id: 'fe9ecb437fc2111fabcec1d3d0a88ada') in 0.042615 seconds
Number of updated asset objects reloaded before import = 0
Number of asset objects unloaded after import = 7
========================================================================
Received Import Request.
  Time since last request: 0.000505 seconds.
  path: Assets/Samples/XR Interaction Toolkit/2.3.2/Starter Assets/Prefabs/UI_3D/Push Button.prefab
  artifactKey: Guid(76f3439a0ae796e4b81bee3f91f888ee) Importer(2089858483,3d70f49cd1c2eb9ae422958d1c652c6b)
Start importing Assets/Samples/XR Interaction Toolkit/2.3.2/Starter Assets/Prefabs/UI_3D/Push Button.prefab using Guid(76f3439a0ae796e4b81bee3f91f888ee) Importer(2089858483,3d70f49cd1c2eb9ae422958d1c652c6b) Generated GUIDs only implemented for interfaces!
 -> (artifact id: '4d99cf949ff431f6fd895348fcf9c68e') in 0.063542 seconds
Number of updated asset objects reloaded before import = 0
Number of asset objects unloaded after import = 43
========================================================================
Received Import Request.
  Time since last request: 0.000022 seconds.
  path: Assets/Samples/XR Interaction Toolkit/2.3.2/Starter Assets/Prefabs/Interactables/Interactable Velocity Tracked Wedge.prefab
  artifactKey: Guid(d5615d616019430d9c2e8727e71c97fb) Importer(2089858483,3d70f49cd1c2eb9ae422958d1c652c6b)
Start importing Assets/Samples/XR Interaction Toolkit/2.3.2/Starter Assets/Prefabs/Interactables/Interactable Velocity Tracked Wedge.prefab using Guid(d5615d616019430d9c2e8727e71c97fb) Importer(2089858483,3d70f49cd1c2eb9ae422958d1c652c6b) Generated GUIDs only implemented for interfaces!
 -> (artifact id: '1dfa9b23c3ce27115dad753193ce652c') in 0.058321 seconds
Number of updated asset objects reloaded before import = 0
Number of asset objects unloaded after import = 27
========================================================================
Received Import Request.
  Time since last request: 0.000023 seconds.
  path: Assets/CatBorg Studio/3D Dungeon Lowpoly Pack/Models/99_Decorations_WallBanner_0.fbx
  artifactKey: Guid(d6070a2a44a6b3147ba22f247370906b) Importer(2089858483,0ecaa5967403d082aa24f35e1b516d23)
Start importing Assets/CatBorg Studio/3D Dungeon Lowpoly Pack/Models/99_Decorations_WallBanner_0.fbx using Guid(d6070a2a44a6b3147ba22f247370906b) Importer(2089858483,0ecaa5967403d082aa24f35e1b516d23) Generated GUIDs only implemented for interfaces!
 -> (artifact id: '94e729ca640857b254c9123259a1164e') in 0.055126 seconds
Number of updated asset objects reloaded before import = 0
Number of asset objects unloaded after import = 7
========================================================================
Received Import Request.
  Time since last request: 0.000033 seconds.
  path: Assets/Samples/XR Interaction Toolkit/2.3.2/Starter Assets/Prefabs/Interactables/Interactable Simple Cube.prefab
  artifactKey: Guid(2e16046ebcbcb6742a86569d82e56cce) Importer(2089858483,3d70f49cd1c2eb9ae422958d1c652c6b)
Start importing Assets/Samples/XR Interaction Toolkit/2.3.2/Starter Assets/Prefabs/Interactables/Interactable Simple Cube.prefab using Guid(2e16046ebcbcb6742a86569d82e56cce) Importer(2089858483,3d70f49cd1c2eb9ae422958d1c652c6b) Generated GUIDs only implemented for interfaces!
 -> (artifact id: '7648506cedf23a03f8f71fb70ef3b71a') in 0.037589 seconds
Number of updated asset objects reloaded before import = 0
Number of asset objects unloaded after import = 25
========================================================================
Received Import Request.
  Time since last request: 0.000030 seconds.
  path: Assets/Samples/XR Interaction Toolkit/2.3.2/Starter Assets/Prefabs/Interactables/Interaction Affordance.prefab
  artifactKey: Guid(eb9104ef66b7305468adb3697fdeed5e) Importer(2089858483,3d70f49cd1c2eb9ae422958d1c652c6b)
Start importing Assets/Samples/XR Interaction Toolkit/2.3.2/Starter Assets/Prefabs/Interactables/Interaction Affordance.prefab using Guid(eb9104ef66b7305468adb3697fdeed5e) Importer(2089858483,3d70f49cd1c2eb9ae422958d1c652c6b) Generated GUIDs only implemented for interfaces!
 -> (artifact id: '06fbaf6a5d61690ef522874c15379d3f') in 0.034456 seconds
Number of updated asset objects reloaded before import = 0
Number of asset objects unloaded after import = 10
========================================================================
Received Import Request.
  Time since last request: 0.000021 seconds.
  path: Assets/CatBorg Studio/3D Dungeon Lowpoly Pack/Prefabs/01_Library_01_Desk#2.prefab
  artifactKey: Guid(ac35cb5061595e34a86fde87ec12288b) Importer(2089858483,3d70f49cd1c2eb9ae422958d1c652c6b)
Start importing Assets/CatBorg Studio/3D Dungeon Lowpoly Pack/Prefabs/01_Library_01_Desk#2.prefab using Guid(ac35cb5061595e34a86fde87ec12288b) Importer(2089858483,3d70f49cd1c2eb9ae422958d1c652c6b) Generated GUIDs only implemented for interfaces!
 -> (artifact id: '2a3cd1fca970c608b975f6f7c1ead110') in 0.027464 seconds
Number of updated asset objects reloaded before import = 0
Number of asset objects unloaded after import = 8
========================================================================
Received Import Request.
  Time since last request: 0.000019 seconds.
  path: Assets/AGWYN's Low Poly Magical Potions Pack/Prefabs/ShortHandlePotion.041.prefab
  artifactKey: Guid(87ee4103d5914da4cb47d5a3218820ad) Importer(2089858483,0ecaa5967403d082aa24f35e1b516d23)
Start importing Assets/AGWYN's Low Poly Magical Potions Pack/Prefabs/ShortHandlePotion.041.prefab using Guid(87ee4103d5914da4cb47d5a3218820ad) Importer(2089858483,0ecaa5967403d082aa24f35e1b516d23) Generated GUIDs only implemented for interfaces!
 -> (artifact id: '1169c31b9b787bafe1c46ff2c0bbd19e') in 0.030885 seconds
Number of updated asset objects reloaded before import = 0
Number of asset objects unloaded after import = 8
========================================================================
Received Import Request.
  Time since last request: 0.000019 seconds.
  path: Assets/CatBorg Studio/3D Dungeon Lowpoly Pack/Models/99_Enviroment_DoorsFake#2.fbx
  artifactKey: Guid(35ac973e8dbde6544a813fd187cda90d) Importer(2089858483,0ecaa5967403d082aa24f35e1b516d23)
Start importing Assets/CatBorg Studio/3D Dungeon Lowpoly Pack/Models/99_Enviroment_DoorsFake#2.fbx using Guid(35ac973e8dbde6544a813fd187cda90d) Importer(2089858483,0ecaa5967403d082aa24f35e1b516d23) Generated GUIDs only implemented for interfaces!
 -> (artifact id: '30710b8f816474b8d92a1492b9834ca9') in 0.059341 seconds
Number of updated asset objects reloaded before import = 0
Number of asset objects unloaded after import = 7
========================================================================
Received Import Request.
  Time since last request: 0.000023 seconds.
  path: Assets/CatBorg Studio/3D Dungeon Lowpoly Pack/Models/99_Enviroment_Column_Rocky_1.fbx
  artifactKey: Guid(3b065307e61a1b04abb4d0063d1265c5) Importer(2089858483,0ecaa5967403d082aa24f35e1b516d23)
Start importing Assets/CatBorg Studio/3D Dungeon Lowpoly Pack/Models/99_Enviroment_Column_Rocky_1.fbx using Guid(3b065307e61a1b04abb4d0063d1265c5) Importer(2089858483,0ecaa5967403d082aa24f35e1b516d23) Generated GUIDs only implemented for interfaces!
 -> (artifact id: 'ed05878889d84f10610e0a9b4db1fded') in 0.069195 seconds
Number of updated asset objects reloaded before import = 0
Number of asset objects unloaded after import = 7
========================================================================
Received Import Request.
  Time since last request: 0.000088 seconds.
  path: Assets/CatBorg Studio/3D Dungeon Lowpoly Pack/Prefabs/01_DiningHall_01_Bottle#2.prefab
  artifactKey: Guid(26b95fa21dfcfeb4fb4aea448e8d05c3) Importer(2089858483,0ecaa5967403d082aa24f35e1b516d23)
Start importing Assets/CatBorg Studio/3D Dungeon Lowpoly Pack/Prefabs/01_DiningHall_01_Bottle#2.prefab using Guid(26b95fa21dfcfeb4fb4aea448e8d05c3) Importer(2089858483,0ecaa5967403d082aa24f35e1b516d23) Generated GUIDs only implemented for interfaces!
 -> (artifact id: 'decb26f9caeaca3d2fc407ec90c0a002') in 0.030393 seconds
Number of updated asset objects reloaded before import = 0
Number of asset objects unloaded after import = 7
========================================================================
Received Import Request.
  Time since last request: 0.000021 seconds.
  path: Assets/CatBorg Studio/3D Dungeon Lowpoly Pack/Models/99_Enviroment_Doors.fbx
  artifactKey: Guid(65536e910924dd84cbb1310ea1cdd100) Importer(2089858483,0ecaa5967403d082aa24f35e1b516d23)
Start importing Assets/CatBorg Studio/3D Dungeon Lowpoly Pack/Models/99_Enviroment_Doors.fbx using Guid(65536e910924dd84cbb1310ea1cdd100) Importer(2089858483,0ecaa5967403d082aa24f35e1b516d23) Generated GUIDs only implemented for interfaces!
 -> (artifact id: '10a0d8711a5b783151443675518e9a52') in 0.061893 seconds
Number of updated asset objects reloaded before import = 0
Number of asset objects unloaded after import = 21
========================================================================
Received Import Request.
  Time since last request: 0.000020 seconds.
  path: Assets/TextMesh Pro/Resources/LineBreaking Following Characters.txt
  artifactKey: Guid(fade42e8bc714b018fac513c043d323b) Importer(2089858483,0ecaa5967403d082aa24f35e1b516d23)
Start importing Assets/TextMesh Pro/Resources/LineBreaking Following Characters.txt using Guid(fade42e8bc714b018fac513c043d323b) Importer(2089858483,0ecaa5967403d082aa24f35e1b516d23) Generated GUIDs only implemented for interfaces!
 -> (artifact id: '927e9025d1a9e0f510cdf725ed74ec5e') in 0.027644 seconds
Number of updated asset objects reloaded before import = 0
Number of asset objects unloaded after import = 1
========================================================================
Received Import Request.
  Time since last request: 0.000019 seconds.
  path: Assets/AGWYN's Low Poly Magical Potions Pack/Prefabs/LongHandlePotion.020.prefab
  artifactKey: Guid(f658559b1e6c18b4f877a77cfbd82b7e) Importer(2089858483,3d70f49cd1c2eb9ae422958d1c652c6b)
Start importing Assets/AGWYN's Low Poly Magical Potions Pack/Prefabs/LongHandlePotion.020.prefab using Guid(f658559b1e6c18b4f877a77cfbd82b7e) Importer(2089858483,3d70f49cd1c2eb9ae422958d1c652c6b) Generated GUIDs only implemented for interfaces!
 -> (artifact id: '6e7a1fa43318aa4973ab704141a64168') in 0.038076 seconds
Number of updated asset objects reloaded before import = 0
Number of asset objects unloaded after import = 10
========================================================================
Received Import Request.
  Time since last request: 0.000022 seconds.
  path: Assets/CatBorg Studio/3D Dungeon Lowpoly Pack/Prefabs/01_Library_01_BookSmall_Green.prefab
  artifactKey: Guid(8644e36a4e3c34f4d9fcc44f7fcd7f7a) Importer(2089858483,3d70f49cd1c2eb9ae422958d1c652c6b)
Start importing Assets/CatBorg Studio/3D Dungeon Lowpoly Pack/Prefabs/01_Library_01_BookSmall_Green.prefab using Guid(8644e36a4e3c34f4d9fcc44f7fcd7f7a) Importer(2089858483,3d70f49cd1c2eb9ae422958d1c652c6b) Generated GUIDs only implemented for interfaces!
 -> (artifact id: 'c2f2f92480f3f322e19ff97c6393b39f') in 0.025096 seconds
Number of updated asset objects reloaded before import = 0
Number of asset objects unloaded after import = 8
========================================================================
Received Import Request.
  Time since last request: 0.000033 seconds.
  path: Assets/AGWYN's Low Poly Magical Potions Pack/Prefabs/HandlePotion.024.prefab
  artifactKey: Guid(340c7efc2075e814286647834c3d9bde) Importer(2089858483,3d70f49cd1c2eb9ae422958d1c652c6b)
Start importing Assets/AGWYN's Low Poly Magical Potions Pack/Prefabs/HandlePotion.024.prefab using Guid(340c7efc2075e814286647834c3d9bde) Importer(2089858483,3d70f49cd1c2eb9ae422958d1c652c6b) Generated GUIDs only implemented for interfaces!
 -> (artifact id: '9b7678fd0d8d46338197f8a51e209e5b') in 0.042371 seconds
Number of updated asset objects reloaded before import = 0
Number of asset objects unloaded after import = 10
========================================================================
Received Import Request.
  Time since last request: 0.000048 seconds.
  path: Assets/CatBorg Studio/3D Dungeon Lowpoly Pack/Prefabs/01_Library_01_BookShelve_1.prefab
  artifactKey: Guid(34883640f89bba84885fe5885c21fa37) Importer(2089858483,3d70f49cd1c2eb9ae422958d1c652c6b)
Start importing Assets/CatBorg Studio/3D Dungeon Lowpoly Pack/Prefabs/01_Library_01_BookShelve_1.prefab using Guid(34883640f89bba84885fe5885c21fa37) Importer(2089858483,3d70f49cd1c2eb9ae422958d1c652c6b) Generated GUIDs only implemented for interfaces!
 -> (artifact id: 'df170c2d785ee7218e60a56c13adf158') in 0.031403 seconds
Number of updated asset objects reloaded before import = 0
Number of asset objects unloaded after import = 8
========================================================================
Received Import Request.
  Time since last request: 0.000017 seconds.
  path: Assets/CatBorg Studio/3D Dungeon Lowpoly Pack/Prefabs/04_Bedroom_01_Beed_2.prefab
  artifactKey: Guid(4c99ccd66904b4f41b452d4403e13bd0) Importer(2089858483,0ecaa5967403d082aa24f35e1b516d23)
Start importing Assets/CatBorg Studio/3D Dungeon Lowpoly Pack/Prefabs/04_Bedroom_01_Beed_2.prefab using Guid(4c99ccd66904b4f41b452d4403e13bd0) Importer(2089858483,0ecaa5967403d082aa24f35e1b516d23) Generated GUIDs only implemented for interfaces!
 -> (artifact id: 'e74e690f0788a8978cfbd53f81cc6fdd') in 0.043139 seconds
Number of updated asset objects reloaded before import = 0
Number of asset objects unloaded after import = 7
========================================================================
Received Import Request.
  Time since last request: 0.000019 seconds.
  path: Assets/CatBorg Studio/3D Dungeon Lowpoly Pack/Prefabs/02_Kitchen_01_CookingPot#1.prefab
  artifactKey: Guid(16dfe05c8ffa4d84681d7cd84ab17842) Importer(2089858483,0ecaa5967403d082aa24f35e1b516d23)
Start importing Assets/CatBorg Studio/3D Dungeon Lowpoly Pack/Prefabs/02_Kitchen_01_CookingPot#1.prefab using Guid(16dfe05c8ffa4d84681d7cd84ab17842) Importer(2089858483,0ecaa5967403d082aa24f35e1b516d23) Generated GUIDs only implemented for interfaces!
 -> (artifact id: 'f40b76fb46f7426883773cb76b242821') in 0.034286 seconds
Number of updated asset objects reloaded before import = 0
Number of asset objects unloaded after import = 7
========================================================================
Received Import Request.
  Time since last request: 0.000025 seconds.
  path: Assets/CatBorg Studio/3D Dungeon Lowpoly Pack/Prefabs/97_Othert_Key_Green_2.prefab
  artifactKey: Guid(06e0f718c84ed394a909af3edcfc9693) Importer(2089858483,0ecaa5967403d082aa24f35e1b516d23)
Start importing Assets/CatBorg Studio/3D Dungeon Lowpoly Pack/Prefabs/97_Othert_Key_Green_2.prefab using Guid(06e0f718c84ed394a909af3edcfc9693) Importer(2089858483,0ecaa5967403d082aa24f35e1b516d23) Generated GUIDs only implemented for interfaces!
 -> (artifact id: '3937bdc458d2f6aca6fefbf1e11953c2') in 0.052193 seconds
Number of updated asset objects reloaded before import = 0
Number of asset objects unloaded after import = 7
========================================================================
Received Import Request.
  Time since last request: 0.000032 seconds.
  path: Assets/CatBorg Studio/3D Dungeon Lowpoly Pack/Prefabs/05_Vault_01_Emerald#1.prefab
  artifactKey: Guid(dd3172e1949ca1b4197adf1c5b340212) Importer(2089858483,0ecaa5967403d082aa24f35e1b516d23)
Start importing Assets/CatBorg Studio/3D Dungeon Lowpoly Pack/Prefabs/05_Vault_01_Emerald#1.prefab using Guid(dd3172e1949ca1b4197adf1c5b340212) Importer(2089858483,0ecaa5967403d082aa24f35e1b516d23) Generated GUIDs only implemented for interfaces!
 -> (artifact id: '4c74ff7567e740f44a93cae5e727c4ec') in 0.028772 seconds
Number of updated asset objects reloaded before import = 0
Number of asset objects unloaded after import = 7
========================================================================
Received Import Request.
  Time since last request: 0.000131 seconds.
  path: Assets/Fantasy Skybox FREE/Panoramics/FS002/FS002_Night.png
  artifactKey: Guid(3cf4d52b14bd4254d9f4fd063f8d9bfd) Importer(2089858483,0ecaa5967403d082aa24f35e1b516d23)
Start importing Assets/Fantasy Skybox FREE/Panoramics/FS002/FS002_Night.png using Guid(3cf4d52b14bd4254d9f4fd063f8d9bfd) Importer(2089858483,0ecaa5967403d082aa24f35e1b516d23) Generated GUIDs only implemented for interfaces!
 -> (artifact id: '93423d67fbaa25f361624304153f2552') in 0.125289 seconds
Number of updated asset objects reloaded before import = 0
Number of asset objects unloaded after import = 1
========================================================================
Received Import Request.
  Time since last request: 0.000027 seconds.
  path: Assets/CatBorg Studio/3D Dungeon Lowpoly Pack/Models/01_DiningHall_01_Bottle#2.fbx
  artifactKey: Guid(8a0da4ad7bc1e8347962e57617420844) Importer(2089858483,0ecaa5967403d082aa24f35e1b516d23)
Start importing Assets/CatBorg Studio/3D Dungeon Lowpoly Pack/Models/01_DiningHall_01_Bottle#2.fbx using Guid(8a0da4ad7bc1e8347962e57617420844) Importer(2089858483,0ecaa5967403d082aa24f35e1b516d23) Generated GUIDs only implemented for interfaces!
 -> (artifact id: '44fd672fae4fd07588d646a1cd53339d') in 0.036987 seconds
Number of updated asset objects reloaded before import = 0
Number of asset objects unloaded after import = 7
========================================================================
Received Import Request.
  Time since last request: 0.000025 seconds.
  path: Assets/Prefabs/Pierre/lantern-street-fixed-halloween.prefab
  artifactKey: Guid(be4d464a15244ea4fa52d2799710fba6) Importer(2089858483,0ecaa5967403d082aa24f35e1b516d23)
Start importing Assets/Prefabs/Pierre/lantern-street-fixed-halloween.prefab using Guid(be4d464a15244ea4fa52d2799710fba6) Importer(2089858483,0ecaa5967403d082aa24f35e1b516d23) Generated GUIDs only implemented for interfaces!
 -> (artifact id: 'b08ce856a32e40e23a5ddfc8717128b7') in 0.027847 seconds
Number of updated asset objects reloaded before import = 0
Number of asset objects unloaded after import = 12
========================================================================
Received Import Request.
  Time since last request: 0.000037 seconds.
  path: Assets/AGWYN's Low Poly Magical Potions Pack/Prefabs/HandlePotion.014.prefab
  artifactKey: Guid(e447aa106f247df458e072ec0f2449ba) Importer(2089858483,0ecaa5967403d082aa24f35e1b516d23)
Start importing Assets/AGWYN's Low Poly Magical Potions Pack/Prefabs/HandlePotion.014.prefab using Guid(e447aa106f247df458e072ec0f2449ba) Importer(2089858483,0ecaa5967403d082aa24f35e1b516d23) Generated GUIDs only implemented for interfaces!
 -> (artifact id: '9350037da93838ae72bbc0775592fa01') in 0.025021 seconds
Number of updated asset objects reloaded before import = 0
Number of asset objects unloaded after import = 8
========================================================================
Received Import Request.
  Time since last request: 0.001492 seconds.
  path: Assets/CatBorg Studio/3D Dungeon Lowpoly Pack/Models/01_Library_01_BigBook#1.fbx
  artifactKey: Guid(76076db2398f4f741bb013f71794447e) Importer(2089858483,0ecaa5967403d082aa24f35e1b516d23)
Start importing Assets/CatBorg Studio/3D Dungeon Lowpoly Pack/Models/01_Library_01_BigBook#1.fbx using Guid(76076db2398f4f741bb013f71794447e) Importer(2089858483,0ecaa5967403d082aa24f35e1b516d23) Generated GUIDs only implemented for interfaces!
 -> (artifact id: '5270f5e6cfbb97c52b410720fc258eab') in 0.053289 seconds
Number of updated asset objects reloaded before import = 0
Number of asset objects unloaded after import = 7
========================================================================
Received Import Request.
  Time since last request: 0.000021 seconds.
  path: Assets/Whaleride/Hand Painted Tree A (2021 Collection)/Materials, Textures/trunk_green.mat
  artifactKey: Guid(cac45a9a9a83d6047ba6a28f6c136ff4) Importer(2089858483,0ecaa5967403d082aa24f35e1b516d23)
Start importing Assets/Whaleride/Hand Painted Tree A (2021 Collection)/Materials, Textures/trunk_green.mat using Guid(cac45a9a9a83d6047ba6a28f6c136ff4) Importer(2089858483,0ecaa5967403d082aa24f35e1b516d23) Generated GUIDs only implemented for interfaces!
 -> (artifact id: '5d9a44dc1ad5dea1db90c36698e69f34') in 0.068821 seconds
Number of updated asset objects reloaded before import = 0
Number of asset objects unloaded after import = 2
========================================================================
Received Import Request.
  Time since last request: 0.000077 seconds.
  path: Assets/Prefabs/Dali/Medieval Models Pack/Sources/potion blue.FBX
  artifactKey: Guid(6aaef2fcc02564f57a309ee973748485) Importer(2089858483,0ecaa5967403d082aa24f35e1b516d23)
Start importing Assets/Prefabs/Dali/Medieval Models Pack/Sources/potion blue.FBX using Guid(6aaef2fcc02564f57a309ee973748485) Importer(2089858483,0ecaa5967403d082aa24f35e1b516d23) Generated GUIDs only implemented for interfaces!
 -> (artifact id: 'd6cd997a3b4e13458fd155d360547c0f') in 0.044833 seconds
Number of updated asset objects reloaded before import = 0
Number of asset objects unloaded after import = 10
========================================================================
Received Import Request.
  Time since last request: 0.000023 seconds.
  path: Assets/Prefabs/Dali/Tavern Interior By I.We.D/Materials/ImphenziaPalette01-256-GradientX4.png
  artifactKey: Guid(3d22740256f477e4fa9454375fae4212) Importer(2089858483,0ecaa5967403d082aa24f35e1b516d23)
Start importing Assets/Prefabs/Dali/Tavern Interior By I.We.D/Materials/ImphenziaPalette01-256-GradientX4.png using Guid(3d22740256f477e4fa9454375fae4212) Importer(2089858483,0ecaa5967403d082aa24f35e1b516d23) Generated GUIDs only implemented for interfaces!
 -> (artifact id: '6f79d6b9bd606c52c186050754c2801b') in 0.041599 seconds
Number of updated asset objects reloaded before import = 0
Number of asset objects unloaded after import = 1
========================================================================
Received Import Request.
  Time since last request: 0.000034 seconds.
  path: Assets/Whaleride/Hand Painted Tree A (2021 Collection)/Materials, Textures/leaves_blue.mat
  artifactKey: Guid(cd4838dd636aa784f8ac06d030d33700) Importer(2089858483,0ecaa5967403d082aa24f35e1b516d23)
Start importing Assets/Whaleride/Hand Painted Tree A (2021 Collection)/Materials, Textures/leaves_blue.mat using Guid(cd4838dd636aa784f8ac06d030d33700) Importer(2089858483,0ecaa5967403d082aa24f35e1b516d23) Generated GUIDs only implemented for interfaces!
 -> (artifact id: 'd5c2f8c3d0c8e8fd22edad6aac929a1f') in 0.069083 seconds
Number of updated asset objects reloaded before import = 0
Number of asset objects unloaded after import = 2
========================================================================
Received Import Request.
  Time since last request: 0.000018 seconds.
  path: Assets/Prefabs/Dali/LowPolyDungeonsLite/Textures/LowPolyDungeonsLite_Texture_01.png
  artifactKey: Guid(3368dcc05b2e368459930672ab30f04b) Importer(2089858483,0ecaa5967403d082aa24f35e1b516d23)
Start importing Assets/Prefabs/Dali/LowPolyDungeonsLite/Textures/LowPolyDungeonsLite_Texture_01.png using Guid(3368dcc05b2e368459930672ab30f04b) Importer(2089858483,0ecaa5967403d082aa24f35e1b516d23) Generated GUIDs only implemented for interfaces!
 -> (artifact id: 'b65fbda81043cfa185318415bf6af1b8') in 0.069897 seconds
Number of updated asset objects reloaded before import = 0
Number of asset objects unloaded after import = 1
========================================================================
Received Import Request.
  Time since last request: 0.000024 seconds.
  path: Assets/Samples/XR Interaction Toolkit/2.3.2/Starter Assets/XRI Default Continuous Move.preset
  artifactKey: Guid(91f9da00cfdac5d49955df2d2d820b9c) Importer(2089858483,0ecaa5967403d082aa24f35e1b516d23)
Start importing Assets/Samples/XR Interaction Toolkit/2.3.2/Starter Assets/XRI Default Continuous Move.preset using Guid(91f9da00cfdac5d49955df2d2d820b9c) Importer(2089858483,0ecaa5967403d082aa24f35e1b516d23) Generated GUIDs only implemented for interfaces!
 -> (artifact id: '8d80954c7b49c18e506a960034910eb9') in 0.034928 seconds
Number of updated asset objects reloaded before import = 0
Number of asset objects unloaded after import = 4
========================================================================
Received Import Request.
  Time since last request: 0.000022 seconds.
  path: Assets/TextMesh Pro/Resources/Fonts & Materials/LiberationSans SDF - Fallback.asset
  artifactKey: Guid(2e498d1c8094910479dc3e1b768306a4) Importer(2089858483,0ecaa5967403d082aa24f35e1b516d23)
Start importing Assets/TextMesh Pro/Resources/Fonts & Materials/LiberationSans SDF - Fallback.asset using Guid(2e498d1c8094910479dc3e1b768306a4) Importer(2089858483,0ecaa5967403d082aa24f35e1b516d23) Generated GUIDs only implemented for interfaces!
 -> (artifact id: '75fc65f6a0ba37e4f15891bd7e965519') in 0.067991 seconds
Number of updated asset objects reloaded before import = 0
Number of asset objects unloaded after import = 5
========================================================================
Received Import Request.
  Time since last request: 0.000036 seconds.
  path: Assets/Prefabs/Dali/Tavern Interior By I.We.D/Prefabs/Default/barrelCrane.prefab
  artifactKey: Guid(e72476fa8d7e0ce448789fcc8ebb2065) Importer(2089858483,0ecaa5967403d082aa24f35e1b516d23)
Start importing Assets/Prefabs/Dali/Tavern Interior By I.We.D/Prefabs/Default/barrelCrane.prefab using Guid(e72476fa8d7e0ce448789fcc8ebb2065) Importer(2089858483,0ecaa5967403d082aa24f35e1b516d23) Generated GUIDs only implemented for interfaces!
 -> (artifact id: 'aa22c0d18c1cd41f7b0461ac5b7ea1fe') in 0.046312 seconds
Number of updated asset objects reloaded before import = 0
Number of asset objects unloaded after import = 7
========================================================================
Received Import Request.
  Time since last request: 0.000016 seconds.
  path: Assets/Blink/Art/Textures/StylizedForestTextures/Cliff_3/Cliff_3.terrainlayer
  artifactKey: Guid(34a79d5876d83b24297c3d9a7bb7370b) Importer(2089858483,0ecaa5967403d082aa24f35e1b516d23)
Start importing Assets/Blink/Art/Textures/StylizedForestTextures/Cliff_3/Cliff_3.terrainlayer using Guid(34a79d5876d83b24297c3d9a7bb7370b) Importer(2089858483,0ecaa5967403d082aa24f35e1b516d23) Generated GUIDs only implemented for interfaces!
 -> (artifact id: '94380b7cada6ef9fc93d7b68307f9a37') in 0.057150 seconds
Number of updated asset objects reloaded before import = 0
Number of asset objects unloaded after import = 3
========================================================================
Received Import Request.
  Time since last request: 0.000018 seconds.
  path: Assets/Samples/XR Interaction Toolkit/2.3.2/Starter Assets/Prefabs/UI_2D/ModalSingleButton.prefab
  artifactKey: Guid(c24a7635b5761984d81cf6c4aac26e0d) Importer(2089858483,0ecaa5967403d082aa24f35e1b516d23)
Start importing Assets/Samples/XR Interaction Toolkit/2.3.2/Starter Assets/Prefabs/UI_2D/ModalSingleButton.prefab using Guid(c24a7635b5761984d81cf6c4aac26e0d) Importer(2089858483,0ecaa5967403d082aa24f35e1b516d23) Generated GUIDs only implemented for interfaces!
 -> (artifact id: 'a4de69fe3cc89b83456221201c7f9080') in 0.082206 seconds
Number of updated asset objects reloaded before import = 0
Number of asset objects unloaded after import = 38
========================================================================
Received Import Request.
  Time since last request: 0.000205 seconds.
  path: Assets/Samples/XR Interaction Toolkit/2.3.2/Starter Assets/Models/PushButton.fbx
  artifactKey: Guid(7ab6f3b0fd1a6ba41b2a47766c16613f) Importer(2089858483,0ecaa5967403d082aa24f35e1b516d23)
Start importing Assets/Samples/XR Interaction Toolkit/2.3.2/Starter Assets/Models/PushButton.fbx using Guid(7ab6f3b0fd1a6ba41b2a47766c16613f) Importer(2089858483,0ecaa5967403d082aa24f35e1b516d23) Generated GUIDs only implemented for interfaces!
 -> (artifact id: '6fa1b737b4b6966fdfd8b63492e01727') in 0.106857 seconds
Number of updated asset objects reloaded before import = 0
Number of asset objects unloaded after import = 18
========================================================================
Received Import Request.
  Time since last request: 0.000017 seconds.
  path: Assets/Samples/XR Interaction Toolkit/2.3.2/Starter Assets/Prefabs/UI Sample.prefab
  artifactKey: Guid(fd28f23af44f73f4a95e33435872ad15) Importer(2089858483,0ecaa5967403d082aa24f35e1b516d23)
Start importing Assets/Samples/XR Interaction Toolkit/2.3.2/Starter Assets/Prefabs/UI Sample.prefab using Guid(fd28f23af44f73f4a95e33435872ad15) Importer(2089858483,0ecaa5967403d082aa24f35e1b516d23) Generated GUIDs only implemented for interfaces!
 -> (artifact id: 'f761bd72e4ebab8bf1e3f58c4fe96aa3') in 0.061040 seconds
Number of updated asset objects reloaded before import = 0
Number of asset objects unloaded after import = 70
========================================================================
Received Import Request.
  Time since last request: 0.000026 seconds.
  path: Assets/SkythianCat/Hand_Painted_Nature_Kit_LITE/Textures/Landscape/Grass.terrainlayer
  artifactKey: Guid(84234daef5fc6a64b9b9781cdab46e88) Importer(2089858483,0ecaa5967403d082aa24f35e1b516d23)
Start importing Assets/SkythianCat/Hand_Painted_Nature_Kit_LITE/Textures/Landscape/Grass.terrainlayer using Guid(84234daef5fc6a64b9b9781cdab46e88) Importer(2089858483,0ecaa5967403d082aa24f35e1b516d23) Generated GUIDs only implemented for interfaces!
 -> (artifact id: '2781c13c303dea658fcb8d9f824834cd') in 0.022560 seconds
Number of updated asset objects reloaded before import = 0
Number of asset objects unloaded after import = 2
========================================================================
Received Import Request.
  Time since last request: 0.000030 seconds.
  path: Assets/Samples/XR Interaction Toolkit/2.3.2/Starter Assets/Prefabs/Teleport/Blocking Teleport Reticle.prefab
  artifactKey: Guid(a3fde713df4d99042a0403c4be9eea32) Importer(2089858483,0ecaa5967403d082aa24f35e1b516d23)
Start importing Assets/Samples/XR Interaction Toolkit/2.3.2/Starter Assets/Prefabs/Teleport/Blocking Teleport Reticle.prefab using Guid(a3fde713df4d99042a0403c4be9eea32) Importer(2089858483,0ecaa5967403d082aa24f35e1b516d23) Generated GUIDs only implemented for interfaces!
 -> (artifact id: '1719060a28e0cb14c3e7eecc1d33cd3c') in 0.039079 seconds
Number of updated asset objects reloaded before import = 0
Number of asset objects unloaded after import = 17
========================================================================
Received Import Request.
  Time since last request: 0.000024 seconds.
  path: Assets/Samples/XR Interaction Toolkit/2.3.2/XR Device Simulator/UI/ControllerDevice/ControllerOverlayLinesLeft.png
  artifactKey: Guid(cd4fe4c19a40743a6896069a50a394ec) Importer(2089858483,0ecaa5967403d082aa24f35e1b516d23)
Start importing Assets/Samples/XR Interaction Toolkit/2.3.2/XR Device Simulator/UI/ControllerDevice/ControllerOverlayLinesLeft.png using Guid(cd4fe4c19a40743a6896069a50a394ec) Importer(2089858483,0ecaa5967403d082aa24f35e1b516d23) Generated GUIDs only implemented for interfaces!
 -> (artifact id: '0c991369a95458b876bf037c88a10146') in 0.049907 seconds
Number of updated asset objects reloaded before import = 0
Number of asset objects unloaded after import = 3
========================================================================
Received Import Request.
  Time since last request: 0.000082 seconds.
  path: Assets/Samples/XR Interaction Toolkit/2.3.2/XR Device Simulator/UI/General/CycleXRDevices.png
  artifactKey: Guid(731e7aed8e9f540ac8bf2a7b66abdaf6) Importer(2089858483,0ecaa5967403d082aa24f35e1b516d23)
Start importing Assets/Samples/XR Interaction Toolkit/2.3.2/XR Device Simulator/UI/General/CycleXRDevices.png using Guid(731e7aed8e9f540ac8bf2a7b66abdaf6) Importer(2089858483,0ecaa5967403d082aa24f35e1b516d23) Generated GUIDs only implemented for interfaces!
 -> (artifact id: 'e0a5ae0d45db1e6d909800a11e5e396c') in 0.085737 seconds
Number of updated asset objects reloaded before import = 0
Number of asset objects unloaded after import = 3
========================================================================
Received Import Request.
  Time since last request: 0.000021 seconds.
  path: Assets/Samples/XR Interaction Toolkit/2.3.2/XR Device Simulator/UI/HeadDevice/Movement.png
  artifactKey: Guid(1d56a2d39cfbb49149abbf0076259327) Importer(2089858483,0ecaa5967403d082aa24f35e1b516d23)
Start importing Assets/Samples/XR Interaction Toolkit/2.3.2/XR Device Simulator/UI/HeadDevice/Movement.png using Guid(1d56a2d39cfbb49149abbf0076259327) Importer(2089858483,0ecaa5967403d082aa24f35e1b516d23) Generated GUIDs only implemented for interfaces!
 -> (artifact id: '890807ef55859eea5611d1819b053846') in 0.064123 seconds
Number of updated asset objects reloaded before import = 0
Number of asset objects unloaded after import = 3
========================================================================
Received Import Request.
  Time since last request: 0.000029 seconds.
  path: Assets/Prefabs/Dali/LowPolyDungeonsLite/Prefabs/Chair_05.prefab
  artifactKey: Guid(3c94a574020d3de429d0c295b3a83db4) Importer(2089858483,0ecaa5967403d082aa24f35e1b516d23)
Start importing Assets/Prefabs/Dali/LowPolyDungeonsLite/Prefabs/Chair_05.prefab using Guid(3c94a574020d3de429d0c295b3a83db4) Importer(2089858483,0ecaa5967403d082aa24f35e1b516d23) Generated GUIDs only implemented for interfaces!
 -> (artifact id: '597fbd02092708ea54e8002a502a235e') in 0.031696 seconds
Number of updated asset objects reloaded before import = 0
Number of asset objects unloaded after import = 8
========================================================================
Received Import Request.
  Time since last request: 0.000018 seconds.
  path: Assets/TextMesh Pro/Fonts/LiberationSans - OFL.txt
  artifactKey: Guid(6e59c59b81ab47f9b6ec5781fa725d2c) Importer(2089858483,0ecaa5967403d082aa24f35e1b516d23)
Start importing Assets/TextMesh Pro/Fonts/LiberationSans - OFL.txt using Guid(6e59c59b81ab47f9b6ec5781fa725d2c) Importer(2089858483,0ecaa5967403d082aa24f35e1b516d23) Generated GUIDs only implemented for interfaces!
 -> (artifact id: 'd98c3c5b8b1f7f66f976a2e794bfbdcb') in 0.033355 seconds
Number of updated asset objects reloaded before import = 0
Number of asset objects unloaded after import = 1
========================================================================
Received Import Request.
  Time since last request: 0.000018 seconds.
  path: Assets/Prefabs/Dali/Tavern Interior By I.We.D/Prefabs/Default/table2.prefab
  artifactKey: Guid(f7ec2e26e6d67ad4c86f203e8df02436) Importer(2089858483,0ecaa5967403d082aa24f35e1b516d23)
Start importing Assets/Prefabs/Dali/Tavern Interior By I.We.D/Prefabs/Default/table2.prefab using Guid(f7ec2e26e6d67ad4c86f203e8df02436) Importer(2089858483,0ecaa5967403d082aa24f35e1b516d23) Generated GUIDs only implemented for interfaces!
 -> (artifact id: '25b856cd04367b0bc7b0db326385ed12') in 0.025452 seconds
Number of updated asset objects reloaded before import = 0
Number of asset objects unloaded after import = 7
========================================================================
Received Import Request.
  Time since last request: 0.000098 seconds.
  path: Assets/Blink/Art/Textures/StylizedIceTextures/Snow_4/Snow_4.terrainlayer
  artifactKey: Guid(6583c1089bf87114bab975c49c147675) Importer(2089858483,0ecaa5967403d082aa24f35e1b516d23)
Start importing Assets/Blink/Art/Textures/StylizedIceTextures/Snow_4/Snow_4.terrainlayer using Guid(6583c1089bf87114bab975c49c147675) Importer(2089858483,0ecaa5967403d082aa24f35e1b516d23) Generated GUIDs only implemented for interfaces!
 -> (artifact id: '00a2cb1bdebc6985fcc0e7aff9244d4d') in 0.038984 seconds
Number of updated asset objects reloaded before import = 0
Number of asset objects unloaded after import = 3
========================================================================
Received Import Request.
  Time since last request: 0.000019 seconds.
  path: Assets/AGWYN's Low Poly Magical Potions Pack/Models/ShortPotion_1.fbx
  artifactKey: Guid(9da9d2a8f9cdce6489e4f0a3d8e29ffb) Importer(2089858483,0ecaa5967403d082aa24f35e1b516d23)
Start importing Assets/AGWYN's Low Poly Magical Potions Pack/Models/ShortPotion_1.fbx using Guid(9da9d2a8f9cdce6489e4f0a3d8e29ffb) Importer(2089858483,0ecaa5967403d082aa24f35e1b516d23) Generated GUIDs only implemented for interfaces!
 -> (artifact id: 'd20d3bb7b64c0846bc3c36ba4f933d21') in 0.032117 seconds
Number of updated asset objects reloaded before import = 0
Number of asset objects unloaded after import = 9
Editor requested this worker to shutdown with reason: balancing worker count downwards
TcpMessagingSession - receive error: operation aborted. errorcode: 995, details: Lopration dentre/sortie a t abandonne en raison de larrt dun thread ou  la demande dune application.
AssetImportWorker is now disconnected from the server
Process exiting
Exiting without the bug reporter. Application will terminate with return code 0